
0: 480x640 3 persons, 1 car, 2 motorcycles, 150.4ms
Speed: 3.4ms preprocess, 150.4ms inference, 2.7ms postprocess per image at shape (1, 3, 480, 640)

0: 480x640 3 persons, 1 car, 2 motorcycles, 342.2ms
Speed: 3.7ms preprocess, 342.2ms inference, 11.5ms postprocess per image at shape (1, 3, 480, 640)

0: 480x640 3 persons, 1 car, 3 motorcycles, 302.1ms
Speed: 8.0ms preprocess, 302.1ms inference, 3.2ms postprocess per image at shape (1, 3, 480, 640)

0: 480x640 3 persons, 1 car, 2 motorcycles, 182.4ms
Speed: 2.0ms preprocess, 182.4ms inference, 2.5ms postprocess per image at shape (1, 3, 480, 640)

0: 480x640 3 persons, 1 car, 2 motorcycles, 154.4ms
Speed: 1.7ms preprocess, 154.4ms inference, 3.2ms postprocess per image at shape (1, 3, 480, 640)

0: 480x640 4 persons, 1 car, 3 motorcycles, 148.8ms
Speed: 2.2ms preprocess, 148.8ms inference, 2.3ms postprocess per image at shape (1, 3, 480, 640)

0: 480x640 5 persons, 1 car, 4 motorcycles, 140.3ms
Speed: 1.8ms preprocess, 140.3ms inference, 2.6ms postprocess per image at shape (1, 3, 480, 640)

0: 480x640 4 persons, 1 car, 2 motorcycles, 131.8ms
Speed: 1.5ms preprocess, 131.8ms inference, 2.5ms postprocess per image at shape (1, 3, 480, 640)

0: 480x640 4 persons, 1 car, 2 motorcycles, 133.8ms
Speed: 1.8ms preprocess, 133.8ms inference, 2.9ms postprocess per image at shape (1, 3, 480, 640)

0: 480x640 5 persons, 1 car, 3 motorcycles, 153.1ms
Speed: 2.3ms preprocess, 153.1ms inference, 3.6ms postprocess per image at shape (1, 3, 480, 640)

0: 480x640 4 persons, 1 car, 4 motorcycles, 151.3ms
Speed: 3.0ms preprocess, 151.3ms inference, 2.5ms postprocess per image at shape (1, 3, 480, 640)

0: 480x640 5 persons, 1 car, 4 motorcycles, 127.5ms
Speed: 2.3ms preprocess, 127.5ms inference, 3.0ms postprocess per image at shape (1, 3, 480, 640)

0: 480x640 5 persons, 1 car, 3 motorcycles, 117.3ms
Speed: 2.1ms preprocess, 117.3ms inference, 3.1ms postprocess per image at shape (1, 3, 480, 640)

0: 480x640 4 persons, 1 car, 3 motorcycles, 117.9ms
Speed: 1.8ms preprocess, 117.9ms inference, 2.8ms postprocess per image at shape (1, 3, 480, 640)

0: 480x640 4 persons, 1 car, 2 motorcycles, 125.4ms
Speed: 2.1ms preprocess, 125.4ms inference, 3.2ms postprocess per image at shape (1, 3, 480, 640)

0: 480x640 6 persons, 1 car, 2 motorcycles, 120.8ms
Speed: 2.7ms preprocess, 120.8ms inference, 2.1ms postprocess per image at shape (1, 3, 480, 640)

0: 480x640 5 persons, 1 car, 3 motorcycles, 136.2ms
Speed: 2.2ms preprocess, 136.2ms inference, 2.5ms postprocess per image at shape (1, 3, 480, 640)

0: 480x640 4 persons, 1 car, 3 motorcycles, 132.3ms
Speed: 2.7ms preprocess, 132.3ms inference, 2.4ms postprocess per image at shape (1, 3, 480, 640)

0: 480x640 5 persons, 1 car, 3 motorcycles, 139.0ms
Speed: 2.0ms preprocess, 139.0ms inference, 2.3ms postprocess per image at shape (1, 3, 480, 640)

0: 480x640 4 persons, 1 car, 2 motorcycles, 1 dog, 125.0ms
Speed: 1.8ms preprocess, 125.0ms inference, 2.4ms postprocess per image at shape (1, 3, 480, 640)

0: 480x640 6 persons, 5 motorcycles, 137.5ms
Speed: 1.9ms preprocess, 137.5ms inference, 3.5ms postprocess per image at shape (1, 3, 480, 640)

0: 480x640 5 persons, 5 motorcycles, 136.5ms
Speed: 1.8ms preprocess, 136.5ms inference, 2.5ms postprocess per image at shape (1, 3, 480, 640)

0: 480x640 5 persons, 5 motorcycles, 131.0ms
Speed: 1.6ms preprocess, 131.0ms inference, 3.0ms postprocess per image at shape (1, 3, 480, 640)

0: 480x640 6 persons, 6 motorcycles, 136.8ms
Speed: 1.7ms preprocess, 136.8ms inference, 4.1ms postprocess per image at shape (1, 3, 480, 640)

0: 480x640 7 persons, 5 motorcycles, 135.6ms
Speed: 2.1ms preprocess, 135.6ms inference, 3.0ms postprocess per image at shape (1, 3, 480, 640)

0: 480x640 8 persons, 3 motorcycles, 136.4ms
Speed: 1.9ms preprocess, 136.4ms inference, 3.0ms postprocess per image at shape (1, 3, 480, 640)

0: 480x640 8 persons, 3 motorcycles, 132.9ms
Speed: 1.7ms preprocess, 132.9ms inference, 3.1ms postprocess per image at shape (1, 3, 480, 640)

0: 480x640 7 persons, 5 motorcycles, 1 dog, 138.4ms
Speed: 1.5ms preprocess, 138.4ms inference, 3.0ms postprocess per image at shape (1, 3, 480, 640)

0: 480x640 8 persons, 5 motorcycles, 142.7ms
Speed: 1.5ms preprocess, 142.7ms inference, 3.4ms postprocess per image at shape (1, 3, 480, 640)

0: 480x640 7 persons, 4 motorcycles, 137.9ms
Speed: 1.5ms preprocess, 137.9ms inference, 3.3ms postprocess per image at shape (1, 3, 480, 640)

0: 480x640 6 persons, 6 motorcycles, 143.2ms
Speed: 1.5ms preprocess, 143.2ms inference, 3.2ms postprocess per image at shape (1, 3, 480, 640)

0: 480x640 9 persons, 5 motorcycles, 135.7ms
Speed: 1.9ms preprocess, 135.7ms inference, 3.6ms postprocess per image at shape (1, 3, 480, 640)

0: 480x640 9 persons, 5 motorcycles, 140.7ms
Speed: 1.5ms preprocess, 140.7ms inference, 3.0ms postprocess per image at shape (1, 3, 480, 640)

0: 480x640 8 persons, 1 bicycle, 6 motorcycles, 136.0ms
Speed: 2.5ms preprocess, 136.0ms inference, 3.1ms postprocess per image at shape (1, 3, 480, 640)

0: 480x640 10 persons, 6 motorcycles, 141.7ms
Speed: 4.0ms preprocess, 141.7ms inference, 3.2ms postprocess per image at shape (1, 3, 480, 640)

0: 480x640 7 persons, 5 motorcycles, 1 skateboard, 149.3ms
Speed: 2.1ms preprocess, 149.3ms inference, 4.0ms postprocess per image at shape (1, 3, 480, 640)

0: 480x640 8 persons, 7 motorcycles, 131.4ms
Speed: 1.5ms preprocess, 131.4ms inference, 4.1ms postprocess per image at shape (1, 3, 480, 640)

0: 480x640 11 persons, 8 motorcycles, 137.9ms
Speed: 1.7ms preprocess, 137.9ms inference, 4.0ms postprocess per image at shape (1, 3, 480, 640)

0: 480x640 11 persons, 1 bicycle, 6 motorcycles, 135.4ms
Speed: 1.8ms preprocess, 135.4ms inference, 3.9ms postprocess per image at shape (1, 3, 480, 640)

0: 480x640 11 persons, 1 bicycle, 8 motorcycles, 140.8ms
Speed: 1.9ms preprocess, 140.8ms inference, 4.1ms postprocess per image at shape (1, 3, 480, 640)

0: 480x640 13 persons, 8 motorcycles, 145.6ms
Speed: 2.5ms preprocess, 145.6ms inference, 3.7ms postprocess per image at shape (1, 3, 480, 640)

0: 480x640 13 persons, 6 motorcycles, 144.4ms
Speed: 2.2ms preprocess, 144.4ms inference, 4.0ms postprocess per image at shape (1, 3, 480, 640)

0: 480x640 10 persons, 1 bicycle, 10 motorcycles, 138.7ms
Speed: 1.5ms preprocess, 138.7ms inference, 4.1ms postprocess per image at shape (1, 3, 480, 640)

0: 480x640 10 persons, 8 motorcycles, 133.2ms
Speed: 2.7ms preprocess, 133.2ms inference, 3.2ms postprocess per image at shape (1, 3, 480, 640)

0: 480x640 13 persons, 9 motorcycles, 127.4ms
Speed: 1.9ms preprocess, 127.4ms inference, 4.5ms postprocess per image at shape (1, 3, 480, 640)

0: 480x640 12 persons, 7 motorcycles, 127.6ms
Speed: 1.9ms preprocess, 127.6ms inference, 3.7ms postprocess per image at shape (1, 3, 480, 640)

0: 480x640 10 persons, 10 motorcycles, 211.5ms
Speed: 2.7ms preprocess, 211.5ms inference, 4.6ms postprocess per image at shape (1, 3, 480, 640)

0: 480x640 12 persons, 1 bicycle, 7 motorcycles, 201.3ms
Speed: 5.4ms preprocess, 201.3ms inference, 4.2ms postprocess per image at shape (1, 3, 480, 640)

0: 480x640 13 persons, 8 motorcycles, 133.1ms
Speed: 1.8ms preprocess, 133.1ms inference, 4.3ms postprocess per image at shape (1, 3, 480, 640)

0: 480x640 13 persons, 10 motorcycles, 123.1ms
Speed: 1.6ms preprocess, 123.1ms inference, 3.8ms postprocess per image at shape (1, 3, 480, 640)

0: 480x640 13 persons, 9 motorcycles, 129.6ms
Speed: 1.5ms preprocess, 129.6ms inference, 4.8ms postprocess per image at shape (1, 3, 480, 640)

0: 480x640 15 persons, 15 motorcycles, 132.0ms
Speed: 1.5ms preprocess, 132.0ms inference, 5.5ms postprocess per image at shape (1, 3, 480, 640)

0: 480x640 12 persons, 10 motorcycles, 134.1ms
Speed: 1.7ms preprocess, 134.1ms inference, 4.3ms postprocess per image at shape (1, 3, 480, 640)

0: 480x640 15 persons, 16 motorcycles, 127.8ms
Speed: 2.1ms preprocess, 127.8ms inference, 5.5ms postprocess per image at shape (1, 3, 480, 640)

0: 480x640 15 persons, 11 motorcycles, 1 chair, 133.7ms
Speed: 2.1ms preprocess, 133.7ms inference, 4.7ms postprocess per image at shape (1, 3, 480, 640)

0: 480x640 13 persons, 10 motorcycles, 1 chair, 124.6ms
Speed: 3.8ms preprocess, 124.6ms inference, 4.5ms postprocess per image at shape (1, 3, 480, 640)

0: 480x640 16 persons, 11 motorcycles, 135.2ms
Speed: 1.9ms preprocess, 135.2ms inference, 5.5ms postprocess per image at shape (1, 3, 480, 640)

0: 480x640 17 persons, 10 motorcycles, 144.3ms
Speed: 2.5ms preprocess, 144.3ms inference, 5.2ms postprocess per image at shape (1, 3, 480, 640)

0: 480x640 14 persons, 12 motorcycles, 150.3ms
Speed: 1.8ms preprocess, 150.3ms inference, 4.6ms postprocess per image at shape (1, 3, 480, 640)

0: 480x640 17 persons, 13 motorcycles, 144.1ms
Speed: 2.2ms preprocess, 144.1ms inference, 5.2ms postprocess per image at shape (1, 3, 480, 640)

0: 480x640 18 persons, 12 motorcycles, 146.5ms
Speed: 2.3ms preprocess, 146.5ms inference, 6.0ms postprocess per image at shape (1, 3, 480, 640)

0: 480x640 17 persons, 11 motorcycles, 1 horse, 157.9ms
Speed: 2.0ms preprocess, 157.9ms inference, 7.8ms postprocess per image at shape (1, 3, 480, 640)

0: 480x640 13 persons, 14 motorcycles, 146.1ms
Speed: 3.5ms preprocess, 146.1ms inference, 6.6ms postprocess per image at shape (1, 3, 480, 640)

0: 480x640 17 persons, 14 motorcycles, 140.6ms
Speed: 2.0ms preprocess, 140.6ms inference, 5.8ms postprocess per image at shape (1, 3, 480, 640)

0: 480x640 13 persons, 8 motorcycles, 144.1ms
Speed: 1.9ms preprocess, 144.1ms inference, 4.2ms postprocess per image at shape (1, 3, 480, 640)

0: 480x640 17 persons, 1 bicycle, 13 motorcycles, 144.2ms
Speed: 1.9ms preprocess, 144.2ms inference, 5.8ms postprocess per image at shape (1, 3, 480, 640)

0: 480x640 15 persons, 12 motorcycles, 1 horse, 143.7ms
Speed: 2.3ms preprocess, 143.7ms inference, 5.5ms postprocess per image at shape (1, 3, 480, 640)

0: 480x640 13 persons, 11 motorcycles, 1 horse, 142.6ms
Speed: 2.2ms preprocess, 142.6ms inference, 4.1ms postprocess per image at shape (1, 3, 480, 640)

0: 480x640 12 persons, 11 motorcycles, 133.8ms
Speed: 1.7ms preprocess, 133.8ms inference, 4.0ms postprocess per image at shape (1, 3, 480, 640)

0: 480x640 13 persons, 11 motorcycles, 134.5ms
Speed: 3.1ms preprocess, 134.5ms inference, 4.1ms postprocess per image at shape (1, 3, 480, 640)

0: 480x640 12 persons, 11 motorcycles, 151.9ms
Speed: 1.8ms preprocess, 151.9ms inference, 4.6ms postprocess per image at shape (1, 3, 480, 640)

0: 480x640 12 persons, 1 bicycle, 13 motorcycles, 214.0ms
Speed: 4.3ms preprocess, 214.0ms inference, 5.6ms postprocess per image at shape (1, 3, 480, 640)

0: 480x640 13 persons, 1 bicycle, 15 motorcycles, 183.6ms
Speed: 6.3ms preprocess, 183.6ms inference, 5.1ms postprocess per image at shape (1, 3, 480, 640)

0: 480x640 13 persons, 16 motorcycles, 136.7ms
Speed: 1.9ms preprocess, 136.7ms inference, 4.3ms postprocess per image at shape (1, 3, 480, 640)

0: 480x640 15 persons, 2 bicycles, 8 motorcycles, 133.8ms
Speed: 2.0ms preprocess, 133.8ms inference, 3.9ms postprocess per image at shape (1, 3, 480, 640)

0: 480x640 16 persons, 11 motorcycles, 130.8ms
Speed: 2.5ms preprocess, 130.8ms inference, 4.8ms postprocess per image at shape (1, 3, 480, 640)

0: 480x640 13 persons, 2 bicycles, 8 motorcycles, 148.8ms
Speed: 2.3ms preprocess, 148.8ms inference, 4.8ms postprocess per image at shape (1, 3, 480, 640)

0: 480x640 10 persons, 1 bicycle, 4 motorcycles, 135.0ms
Speed: 1.6ms preprocess, 135.0ms inference, 3.5ms postprocess per image at shape (1, 3, 480, 640)

0: 480x640 11 persons, 7 motorcycles, 132.1ms
Speed: 1.8ms preprocess, 132.1ms inference, 3.7ms postprocess per image at shape (1, 3, 480, 640)

0: 480x640 17 persons, 12 motorcycles, 137.9ms
Speed: 2.2ms preprocess, 137.9ms inference, 5.1ms postprocess per image at shape (1, 3, 480, 640)

0: 480x640 14 persons, 9 motorcycles, 129.8ms
Speed: 1.9ms preprocess, 129.8ms inference, 3.9ms postprocess per image at shape (1, 3, 480, 640)

0: 480x640 15 persons, 1 bicycle, 10 motorcycles, 133.5ms
Speed: 1.6ms preprocess, 133.5ms inference, 5.0ms postprocess per image at shape (1, 3, 480, 640)

0: 480x640 14 persons, 11 motorcycles, 135.0ms
Speed: 1.8ms preprocess, 135.0ms inference, 4.8ms postprocess per image at shape (1, 3, 480, 640)

0: 480x640 14 persons, 2 bicycles, 13 motorcycles, 153.7ms
Speed: 2.2ms preprocess, 153.7ms inference, 5.4ms postprocess per image at shape (1, 3, 480, 640)

0: 480x640 15 persons, 1 bicycle, 9 motorcycles, 151.4ms
Speed: 2.1ms preprocess, 151.4ms inference, 6.5ms postprocess per image at shape (1, 3, 480, 640)

0: 480x640 12 persons, 14 motorcycles, 211.9ms
Speed: 2.0ms preprocess, 211.9ms inference, 5.3ms postprocess per image at shape (1, 3, 480, 640)

0: 480x640 13 persons, 8 motorcycles, 194.5ms
Speed: 2.5ms preprocess, 194.5ms inference, 4.9ms postprocess per image at shape (1, 3, 480, 640)

0: 480x640 14 persons, 14 motorcycles, 141.1ms
Speed: 1.8ms preprocess, 141.1ms inference, 5.6ms postprocess per image at shape (1, 3, 480, 640)

0: 480x640 11 persons, 1 bicycle, 11 motorcycles, 134.0ms
Speed: 2.2ms preprocess, 134.0ms inference, 4.1ms postprocess per image at shape (1, 3, 480, 640)

0: 480x640 13 persons, 5 motorcycles, 120.2ms
Speed: 2.0ms preprocess, 120.2ms inference, 3.9ms postprocess per image at shape (1, 3, 480, 640)

0: 480x640 11 persons, 8 motorcycles, 167.3ms
Speed: 2.2ms preprocess, 167.3ms inference, 4.5ms postprocess per image at shape (1, 3, 480, 640)

0: 480x640 10 persons, 1 bicycle, 11 motorcycles, 147.4ms
Speed: 2.0ms preprocess, 147.4ms inference, 5.1ms postprocess per image at shape (1, 3, 480, 640)

0: 480x640 12 persons, 10 motorcycles, 141.1ms
Speed: 1.8ms preprocess, 141.1ms inference, 4.7ms postprocess per image at shape (1, 3, 480, 640)

0: 480x640 12 persons, 11 motorcycles, 130.0ms
Speed: 1.9ms preprocess, 130.0ms inference, 3.8ms postprocess per image at shape (1, 3, 480, 640)

0: 480x640 11 persons, 1 bicycle, 11 motorcycles, 125.0ms
Speed: 1.7ms preprocess, 125.0ms inference, 4.5ms postprocess per image at shape (1, 3, 480, 640)

0: 480x640 12 persons, 9 motorcycles, 180.9ms
Speed: 1.7ms preprocess, 180.9ms inference, 6.0ms postprocess per image at shape (1, 3, 480, 640)

0: 480x640 13 persons, 8 motorcycles, 165.6ms
Speed: 4.8ms preprocess, 165.6ms inference, 5.3ms postprocess per image at shape (1, 3, 480, 640)

0: 480x640 11 persons, 5 motorcycles, 140.7ms
Speed: 2.2ms preprocess, 140.7ms inference, 3.8ms postprocess per image at shape (1, 3, 480, 640)

0: 480x640 11 persons, 7 motorcycles, 156.3ms
Speed: 2.2ms preprocess, 156.3ms inference, 5.1ms postprocess per image at shape (1, 3, 480, 640)

0: 480x640 12 persons, 3 motorcycles, 1 chair, 131.6ms
Speed: 2.2ms preprocess, 131.6ms inference, 3.9ms postprocess per image at shape (1, 3, 480, 640)

0: 480x640 10 persons, 1 bicycle, 7 motorcycles, 1 chair, 156.0ms
Speed: 2.0ms preprocess, 156.0ms inference, 4.6ms postprocess per image at shape (1, 3, 480, 640)

0: 480x640 11 persons, 1 bicycle, 4 motorcycles, 1 chair, 136.6ms
Speed: 2.5ms preprocess, 136.6ms inference, 3.5ms postprocess per image at shape (1, 3, 480, 640)

0: 480x640 12 persons, 1 bicycle, 8 motorcycles, 156.7ms
Speed: 2.1ms preprocess, 156.7ms inference, 4.9ms postprocess per image at shape (1, 3, 480, 640)

0: 480x640 10 persons, 10 motorcycles, 1 chair, 193.2ms
Speed: 3.7ms preprocess, 193.2ms inference, 4.2ms postprocess per image at shape (1, 3, 480, 640)

0: 480x640 10 persons, 7 motorcycles, 184.3ms
Speed: 3.3ms preprocess, 184.3ms inference, 3.7ms postprocess per image at shape (1, 3, 480, 640)

0: 480x640 9 persons, 7 motorcycles, 1 boat, 246.2ms
Speed: 3.1ms preprocess, 246.2ms inference, 3.7ms postprocess per image at shape (1, 3, 480, 640)

0: 480x640 9 persons, 6 motorcycles, 175.4ms
Speed: 2.9ms preprocess, 175.4ms inference, 3.7ms postprocess per image at shape (1, 3, 480, 640)

0: 480x640 8 persons, 3 motorcycles, 247.2ms
Speed: 6.3ms preprocess, 247.2ms inference, 2.9ms postprocess per image at shape (1, 3, 480, 640)

0: 480x640 9 persons, 8 motorcycles, 1 boat, 195.7ms
Speed: 3.2ms preprocess, 195.7ms inference, 3.7ms postprocess per image at shape (1, 3, 480, 640)

0: 480x640 10 persons, 8 motorcycles, 1 boat, 206.3ms
Speed: 2.7ms preprocess, 206.3ms inference, 4.7ms postprocess per image at shape (1, 3, 480, 640)

0: 480x640 9 persons, 1 car, 2 motorcycles, 1 boat, 199.0ms
Speed: 2.1ms preprocess, 199.0ms inference, 3.0ms postprocess per image at shape (1, 3, 480, 640)

0: 480x640 10 persons, 12 motorcycles, 1 bus, 164.2ms
Speed: 1.9ms preprocess, 164.2ms inference, 4.3ms postprocess per image at shape (1, 3, 480, 640)

0: 480x640 12 persons, 9 motorcycles, 1 boat, 154.0ms
Speed: 2.3ms preprocess, 154.0ms inference, 3.9ms postprocess per image at shape (1, 3, 480, 640)

0: 480x640 8 persons, 1 car, 7 motorcycles, 1 boat, 141.0ms
Speed: 2.0ms preprocess, 141.0ms inference, 3.4ms postprocess per image at shape (1, 3, 480, 640)

0: 480x640 7 persons, 1 car, 5 motorcycles, 1 bus, 1 toilet, 132.1ms
Speed: 1.7ms preprocess, 132.1ms inference, 3.4ms postprocess per image at shape (1, 3, 480, 640)

0: 480x640 7 persons, 1 car, 7 motorcycles, 1 bus, 1 boat, 1 toilet, 182.4ms
Speed: 3.0ms preprocess, 182.4ms inference, 4.6ms postprocess per image at shape (1, 3, 480, 640)

0: 480x640 8 persons, 1 car, 4 motorcycles, 1 toilet, 207.4ms
Speed: 3.2ms preprocess, 207.4ms inference, 3.6ms postprocess per image at shape (1, 3, 480, 640)

0: 480x640 9 persons, 1 car, 6 motorcycles, 1 bus, 1 boat, 139.5ms
Speed: 3.8ms preprocess, 139.5ms inference, 3.6ms postprocess per image at shape (1, 3, 480, 640)

0: 480x640 8 persons, 1 bicycle, 1 car, 3 motorcycles, 1 toilet, 127.8ms
Speed: 2.1ms preprocess, 127.8ms inference, 4.1ms postprocess per image at shape (1, 3, 480, 640)

0: 480x640 7 persons, 1 bicycle, 1 car, 3 motorcycles, 145.8ms
Speed: 1.6ms preprocess, 145.8ms inference, 3.1ms postprocess per image at shape (1, 3, 480, 640)

0: 480x640 6 persons, 1 car, 1 motorcycle, 1 suitcase, 134.6ms
Speed: 2.0ms preprocess, 134.6ms inference, 3.6ms postprocess per image at shape (1, 3, 480, 640)

0: 480x640 8 persons, 2 cars, 2 motorcycles, 131.1ms
Speed: 1.9ms preprocess, 131.1ms inference, 3.1ms postprocess per image at shape (1, 3, 480, 640)

0: 480x640 9 persons, 2 cars, 3 motorcycles, 122.1ms
Speed: 1.5ms preprocess, 122.1ms inference, 4.1ms postprocess per image at shape (1, 3, 480, 640)

0: 480x640 10 persons, 1 car, 1 motorcycle, 133.5ms
Speed: 2.3ms preprocess, 133.5ms inference, 3.0ms postprocess per image at shape (1, 3, 480, 640)

0: 480x640 10 persons, 1 car, 5 motorcycles, 126.8ms
Speed: 2.3ms preprocess, 126.8ms inference, 3.7ms postprocess per image at shape (1, 3, 480, 640)

0: 480x640 6 persons, 1 car, 3 motorcycles, 130.7ms
Speed: 2.2ms preprocess, 130.7ms inference, 3.1ms postprocess per image at shape (1, 3, 480, 640)

0: 480x640 7 persons, 1 car, 1 motorcycle, 1 truck, 118.0ms
Speed: 1.8ms preprocess, 118.0ms inference, 3.1ms postprocess per image at shape (1, 3, 480, 640)

0: 480x640 8 persons, 2 cars, 2 motorcycles, 1 truck, 124.3ms
Speed: 2.1ms preprocess, 124.3ms inference, 3.0ms postprocess per image at shape (1, 3, 480, 640)

0: 480x640 8 persons, 2 cars, 6 motorcycles, 151.4ms
Speed: 2.4ms preprocess, 151.4ms inference, 3.6ms postprocess per image at shape (1, 3, 480, 640)

0: 480x640 5 persons, 3 cars, 3 motorcycles, 133.1ms
Speed: 2.3ms preprocess, 133.1ms inference, 3.2ms postprocess per image at shape (1, 3, 480, 640)

0: 480x640 5 persons, 3 cars, 6 motorcycles, 1 truck, 122.7ms
Speed: 2.5ms preprocess, 122.7ms inference, 3.5ms postprocess per image at shape (1, 3, 480, 640)

0: 480x640 5 persons, 1 car, 5 motorcycles, 1 bus, 129.3ms
Speed: 2.5ms preprocess, 129.3ms inference, 2.4ms postprocess per image at shape (1, 3, 480, 640)

0: 480x640 6 persons, 1 car, 5 motorcycles, 1 bus, 1 truck, 133.2ms
Speed: 2.2ms preprocess, 133.2ms inference, 2.5ms postprocess per image at shape (1, 3, 480, 640)

0: 480x640 7 persons, 1 car, 6 motorcycles, 1 bus, 134.9ms
Speed: 2.0ms preprocess, 134.9ms inference, 2.9ms postprocess per image at shape (1, 3, 480, 640)

0: 480x640 7 persons, 1 car, 5 motorcycles, 1 bus, 1 surfboard, 146.4ms
Speed: 2.4ms preprocess, 146.4ms inference, 3.5ms postprocess per image at shape (1, 3, 480, 640)

0: 480x640 7 persons, 1 car, 3 motorcycles, 1 truck, 1 boat, 139.6ms
Speed: 2.0ms preprocess, 139.6ms inference, 2.7ms postprocess per image at shape (1, 3, 480, 640)

0: 480x640 8 persons, 1 car, 4 motorcycles, 1 bus, 1 truck, 145.5ms
Speed: 3.7ms preprocess, 145.5ms inference, 3.0ms postprocess per image at shape (1, 3, 480, 640)

0: 480x640 9 persons, 1 car, 3 motorcycles, 1 bus, 1 truck, 140.1ms
Speed: 2.5ms preprocess, 140.1ms inference, 3.7ms postprocess per image at shape (1, 3, 480, 640)

0: 480x640 7 persons, 1 car, 3 motorcycles, 1 bus, 2 trucks, 146.6ms
Speed: 1.6ms preprocess, 146.6ms inference, 3.4ms postprocess per image at shape (1, 3, 480, 640)

0: 480x640 4 persons, 1 car, 3 motorcycles, 1 bus, 1 truck, 205.7ms
Speed: 2.6ms preprocess, 205.7ms inference, 3.9ms postprocess per image at shape (1, 3, 480, 640)

0: 480x640 5 persons, 1 bicycle, 1 car, 2 motorcycles, 1 bus, 1 truck, 202.7ms
Speed: 2.5ms preprocess, 202.7ms inference, 3.6ms postprocess per image at shape (1, 3, 480, 640)

0: 480x640 3 persons, 1 car, 3 motorcycles, 1 bus, 185.7ms
Speed: 2.1ms preprocess, 185.7ms inference, 3.6ms postprocess per image at shape (1, 3, 480, 640)

0: 480x640 3 persons, 1 car, 3 motorcycles, 1 bus, 1 truck, 161.3ms
Speed: 2.1ms preprocess, 161.3ms inference, 2.6ms postprocess per image at shape (1, 3, 480, 640)

0: 480x640 4 persons, 1 car, 2 motorcycles, 1 bus, 193.3ms
Speed: 1.9ms preprocess, 193.3ms inference, 3.9ms postprocess per image at shape (1, 3, 480, 640)

0: 480x640 4 persons, 1 car, 3 motorcycles, 1 bus, 1 truck, 222.2ms
Speed: 2.6ms preprocess, 222.2ms inference, 4.1ms postprocess per image at shape (1, 3, 480, 640)

0: 480x640 2 persons, 1 car, 2 motorcycles, 1 bus, 1 truck, 166.6ms
Speed: 2.1ms preprocess, 166.6ms inference, 3.4ms postprocess per image at shape (1, 3, 480, 640)

0: 480x640 5 persons, 1 car, 3 motorcycles, 1 truck, 177.0ms
Speed: 2.1ms preprocess, 177.0ms inference, 2.9ms postprocess per image at shape (1, 3, 480, 640)

0: 480x640 5 persons, 1 bicycle, 1 car, 1 motorcycle, 1 truck, 1 boat, 162.3ms
Speed: 1.9ms preprocess, 162.3ms inference, 2.8ms postprocess per image at shape (1, 3, 480, 640)

0: 480x640 2 persons, 1 car, 3 motorcycles, 1 truck, 191.8ms
Speed: 2.5ms preprocess, 191.8ms inference, 3.4ms postprocess per image at shape (1, 3, 480, 640)

0: 480x640 3 persons, 1 car, 1 motorcycle, 1 bus, 1 truck, 178.7ms
Speed: 2.0ms preprocess, 178.7ms inference, 3.0ms postprocess per image at shape (1, 3, 480, 640)

0: 480x640 5 persons, 1 car, 2 motorcycles, 1 truck, 1 boat, 206.4ms
Speed: 1.8ms preprocess, 206.4ms inference, 4.7ms postprocess per image at shape (1, 3, 480, 640)

0: 480x640 4 persons, 1 car, 2 motorcycles, 1 bus, 1 truck, 183.7ms
Speed: 2.2ms preprocess, 183.7ms inference, 3.2ms postprocess per image at shape (1, 3, 480, 640)

0: 480x640 4 persons, 1 car, 1 motorcycle, 1 truck, 1 boat, 169.4ms
Speed: 1.7ms preprocess, 169.4ms inference, 2.4ms postprocess per image at shape (1, 3, 480, 640)

0: 480x640 3 persons, 1 car, 1 motorcycle, 1 truck, 1 boat, 175.8ms
Speed: 2.1ms preprocess, 175.8ms inference, 2.6ms postprocess per image at shape (1, 3, 480, 640)

0: 480x640 3 persons, 1 car, 1 motorcycle, 1 truck, 1 boat, 158.7ms
Speed: 4.5ms preprocess, 158.7ms inference, 2.6ms postprocess per image at shape (1, 3, 480, 640)

0: 480x640 4 persons, 1 car, 2 motorcycles, 2 trucks, 161.5ms
Speed: 3.4ms preprocess, 161.5ms inference, 2.1ms postprocess per image at shape (1, 3, 480, 640)

0: 480x640 2 persons, 2 cars, 2 motorcycles, 1 truck, 168.8ms
Speed: 3.4ms preprocess, 168.8ms inference, 2.4ms postprocess per image at shape (1, 3, 480, 640)

0: 480x640 2 persons, 1 car, 1 motorcycle, 1 truck, 221.1ms
Speed: 2.1ms preprocess, 221.1ms inference, 2.1ms postprocess per image at shape (1, 3, 480, 640)

0: 480x640 2 persons, 1 car, 3 motorcycles, 1 truck, 257.9ms
Speed: 6.2ms preprocess, 257.9ms inference, 3.9ms postprocess per image at shape (1, 3, 480, 640)

0: 480x640 4 persons, 1 car, 2 motorcycles, 1 bus, 1 truck, 213.2ms
Speed: 2.7ms preprocess, 213.2ms inference, 2.9ms postprocess per image at shape (1, 3, 480, 640)

0: 480x640 4 persons, 1 car, 2 motorcycles, 2 trucks, 249.8ms
Speed: 2.0ms preprocess, 249.8ms inference, 6.6ms postprocess per image at shape (1, 3, 480, 640)

0: 480x640 2 persons, 2 cars, 3 motorcycles, 1 truck, 590.1ms
Speed: 3.2ms preprocess, 590.1ms inference, 3.3ms postprocess per image at shape (1, 3, 480, 640)

0: 480x640 2 persons, 1 car, 1 motorcycle, 1 truck, 223.0ms
Speed: 6.1ms preprocess, 223.0ms inference, 3.7ms postprocess per image at shape (1, 3, 480, 640)

0: 480x640 2 persons, 1 car, 2 motorcycles, 1 truck, 231.5ms
Speed: 2.0ms preprocess, 231.5ms inference, 3.9ms postprocess per image at shape (1, 3, 480, 640)

0: 480x640 2 persons, 1 car, 1 motorcycle, 1 truck, 210.4ms
Speed: 2.0ms preprocess, 210.4ms inference, 2.8ms postprocess per image at shape (1, 3, 480, 640)

0: 480x640 1 person, 1 car, 1 motorcycle, 1 truck, 196.1ms
Speed: 2.2ms preprocess, 196.1ms inference, 2.5ms postprocess per image at shape (1, 3, 480, 640)

0: 480x640 1 person, 2 cars, 1 motorcycle, 198.7ms
Speed: 2.3ms preprocess, 198.7ms inference, 2.1ms postprocess per image at shape (1, 3, 480, 640)

0: 480x640 2 persons, 2 cars, 1 motorcycle, 194.6ms
Speed: 1.8ms preprocess, 194.6ms inference, 3.3ms postprocess per image at shape (1, 3, 480, 640)

0: 480x640 1 person, 3 cars, 1 motorcycle, 1 truck, 182.0ms
Speed: 2.0ms preprocess, 182.0ms inference, 2.8ms postprocess per image at shape (1, 3, 480, 640)

0: 480x640 1 person, 3 cars, 1 motorcycle, 176.1ms
Speed: 2.0ms preprocess, 176.1ms inference, 2.1ms postprocess per image at shape (1, 3, 480, 640)

0: 480x640 1 person, 2 cars, 1 motorcycle, 1 truck, 1 boat, 187.6ms
Speed: 2.0ms preprocess, 187.6ms inference, 3.3ms postprocess per image at shape (1, 3, 480, 640)

0: 480x640 1 person, 3 cars, 2 motorcycles, 181.7ms
Speed: 1.9ms preprocess, 181.7ms inference, 4.0ms postprocess per image at shape (1, 3, 480, 640)

0: 480x640 1 person, 3 cars, 2 motorcycles, 180.9ms
Speed: 2.2ms preprocess, 180.9ms inference, 3.1ms postprocess per image at shape (1, 3, 480, 640)

0: 480x640 1 person, 3 cars, 1 motorcycle, 1 boat, 182.3ms
Speed: 2.1ms preprocess, 182.3ms inference, 2.9ms postprocess per image at shape (1, 3, 480, 640)

0: 480x640 1 person, 3 cars, 1 motorcycle, 1 truck, 1 boat, 183.4ms
Speed: 2.0ms preprocess, 183.4ms inference, 2.4ms postprocess per image at shape (1, 3, 480, 640)

0: 480x640 1 person, 3 cars, 188.1ms
Speed: 1.6ms preprocess, 188.1ms inference, 2.4ms postprocess per image at shape (1, 3, 480, 640)

0: 480x640 1 person, 2 cars, 1 motorcycle, 192.9ms
Speed: 1.8ms preprocess, 192.9ms inference, 2.9ms postprocess per image at shape (1, 3, 480, 640)

0: 480x640 1 person, 1 bicycle, 2 cars, 1 truck, 185.0ms
Speed: 1.8ms preprocess, 185.0ms inference, 2.3ms postprocess per image at shape (1, 3, 480, 640)

0: 480x640 1 person, 3 cars, 177.3ms
Speed: 1.8ms preprocess, 177.3ms inference, 2.1ms postprocess per image at shape (1, 3, 480, 640)

0: 480x640 2 persons, 3 cars, 2 trucks, 179.5ms
Speed: 1.7ms preprocess, 179.5ms inference, 3.0ms postprocess per image at shape (1, 3, 480, 640)

0: 480x640 1 person, 3 cars, 1 truck, 186.6ms
Speed: 1.8ms preprocess, 186.6ms inference, 2.5ms postprocess per image at shape (1, 3, 480, 640)

0: 480x640 1 person, 3 cars, 1 motorcycle, 1 truck, 179.5ms
Speed: 1.8ms preprocess, 179.5ms inference, 2.7ms postprocess per image at shape (1, 3, 480, 640)

0: 480x640 1 person, 3 cars, 1 truck, 177.3ms
Speed: 2.1ms preprocess, 177.3ms inference, 2.7ms postprocess per image at shape (1, 3, 480, 640)

0: 480x640 1 person, 2 cars, 1 motorcycle, 1 truck, 188.7ms
Speed: 2.0ms preprocess, 188.7ms inference, 2.8ms postprocess per image at shape (1, 3, 480, 640)

0: 480x640 2 persons, 1 car, 1 motorcycle, 1 airplane, 1 truck, 182.8ms
Speed: 1.7ms preprocess, 182.8ms inference, 3.0ms postprocess per image at shape (1, 3, 480, 640)

0: 480x640 2 persons, 3 cars, 1 motorcycle, 1 truck, 1 boat, 175.4ms
Speed: 1.8ms preprocess, 175.4ms inference, 3.3ms postprocess per image at shape (1, 3, 480, 640)

0: 480x640 2 persons, 2 cars, 1 truck, 170.3ms
Speed: 2.4ms preprocess, 170.3ms inference, 3.2ms postprocess per image at shape (1, 3, 480, 640)

0: 480x640 2 persons, 3 cars, 1 motorcycle, 2 trucks, 168.4ms
Speed: 1.9ms preprocess, 168.4ms inference, 2.4ms postprocess per image at shape (1, 3, 480, 640)

0: 480x640 2 persons, 2 cars, 1 motorcycle, 1 truck, 1 boat, 172.0ms
Speed: 2.2ms preprocess, 172.0ms inference, 2.8ms postprocess per image at shape (1, 3, 480, 640)

0: 480x640 1 person, 3 cars, 2 motorcycles, 160.2ms
Speed: 2.3ms preprocess, 160.2ms inference, 4.2ms postprocess per image at shape (1, 3, 480, 640)

0: 480x640 1 person, 2 cars, 2 motorcycles, 1 truck, 175.8ms
Speed: 2.5ms preprocess, 175.8ms inference, 5.0ms postprocess per image at shape (1, 3, 480, 640)

0: 480x640 2 persons, 3 cars, 1 motorcycle, 1 truck, 152.5ms
Speed: 2.5ms preprocess, 152.5ms inference, 3.0ms postprocess per image at shape (1, 3, 480, 640)

0: 480x640 2 persons, 3 cars, 1 motorcycle, 1 truck, 168.0ms
Speed: 2.5ms preprocess, 168.0ms inference, 2.9ms postprocess per image at shape (1, 3, 480, 640)

0: 480x640 1 person, 3 cars, 1 motorcycle, 1 boat, 191.7ms
Speed: 3.0ms preprocess, 191.7ms inference, 2.8ms postprocess per image at shape (1, 3, 480, 640)

0: 480x640 1 person, 3 cars, 1 motorcycle, 1 truck, 1 boat, 177.5ms
Speed: 3.3ms preprocess, 177.5ms inference, 3.9ms postprocess per image at shape (1, 3, 480, 640)

0: 480x640 3 persons, 3 cars, 1 truck, 171.9ms
Speed: 2.5ms preprocess, 171.9ms inference, 3.5ms postprocess per image at shape (1, 3, 480, 640)

0: 480x640 3 persons, 3 cars, 1 motorcycle, 169.8ms
Speed: 2.1ms preprocess, 169.8ms inference, 2.6ms postprocess per image at shape (1, 3, 480, 640)

0: 480x640 3 persons, 3 cars, 1 motorcycle, 166.9ms
Speed: 2.9ms preprocess, 166.9ms inference, 5.1ms postprocess per image at shape (1, 3, 480, 640)

0: 480x640 3 persons, 3 cars, 164.3ms
Speed: 2.7ms preprocess, 164.3ms inference, 2.1ms postprocess per image at shape (1, 3, 480, 640)

0: 480x640 2 persons, 3 cars, 2 motorcycles, 174.6ms
Speed: 2.5ms preprocess, 174.6ms inference, 2.7ms postprocess per image at shape (1, 3, 480, 640)

0: 480x640 3 persons, 3 cars, 1 motorcycle, 183.3ms
Speed: 3.0ms preprocess, 183.3ms inference, 2.4ms postprocess per image at shape (1, 3, 480, 640)

0: 480x640 2 persons, 3 cars, 2 motorcycles, 190.0ms
Speed: 5.6ms preprocess, 190.0ms inference, 2.8ms postprocess per image at shape (1, 3, 480, 640)

0: 480x640 3 persons, 3 cars, 1 motorcycle, 1 boat, 178.7ms
Speed: 2.4ms preprocess, 178.7ms inference, 2.4ms postprocess per image at shape (1, 3, 480, 640)

0: 480x640 2 persons, 3 cars, 1 motorcycle, 177.1ms
Speed: 1.9ms preprocess, 177.1ms inference, 3.7ms postprocess per image at shape (1, 3, 480, 640)

0: 480x640 4 persons, 3 cars, 1 motorcycle, 1 boat, 184.9ms
Speed: 2.3ms preprocess, 184.9ms inference, 4.8ms postprocess per image at shape (1, 3, 480, 640)

0: 480x640 2 persons, 3 cars, 2 motorcycles, 1 truck, 1 boat, 195.4ms
Speed: 1.8ms preprocess, 195.4ms inference, 4.5ms postprocess per image at shape (1, 3, 480, 640)

0: 480x640 1 person, 3 cars, 1 motorcycle, 1 truck, 1 boat, 190.8ms
Speed: 1.9ms preprocess, 190.8ms inference, 2.5ms postprocess per image at shape (1, 3, 480, 640)

0: 480x640 1 person, 3 cars, 2 motorcycles, 1 boat, 184.8ms
Speed: 2.1ms preprocess, 184.8ms inference, 2.1ms postprocess per image at shape (1, 3, 480, 640)

0: 480x640 1 person, 3 cars, 2 motorcycles, 1 truck, 1 boat, 187.2ms
Speed: 1.7ms preprocess, 187.2ms inference, 3.6ms postprocess per image at shape (1, 3, 480, 640)

0: 480x640 3 persons, 3 cars, 1 motorcycle, 2 trucks, 193.8ms
Speed: 2.0ms preprocess, 193.8ms inference, 4.3ms postprocess per image at shape (1, 3, 480, 640)

0: 480x640 1 person, 3 cars, 1 motorcycle, 1 truck, 1 boat, 188.2ms
Speed: 1.7ms preprocess, 188.2ms inference, 3.0ms postprocess per image at shape (1, 3, 480, 640)

0: 480x640 2 persons, 4 cars, 1 motorcycle, 193.3ms
Speed: 1.9ms preprocess, 193.3ms inference, 3.0ms postprocess per image at shape (1, 3, 480, 640)

0: 480x640 2 persons, 3 cars, 1 motorcycle, 1 boat, 183.4ms
Speed: 2.1ms preprocess, 183.4ms inference, 3.2ms postprocess per image at shape (1, 3, 480, 640)

0: 480x640 1 person, 4 cars, 2 motorcycles, 196.7ms
Speed: 1.6ms preprocess, 196.7ms inference, 2.3ms postprocess per image at shape (1, 3, 480, 640)

0: 480x640 1 person, 3 cars, 1 motorcycle, 1 boat, 194.8ms
Speed: 2.0ms preprocess, 194.8ms inference, 2.4ms postprocess per image at shape (1, 3, 480, 640)

0: 480x640 2 persons, 3 cars, 1 motorcycle, 1 boat, 177.8ms
Speed: 2.0ms preprocess, 177.8ms inference, 2.5ms postprocess per image at shape (1, 3, 480, 640)

0: 480x640 2 persons, 3 cars, 1 motorcycle, 1 boat, 191.5ms
Speed: 1.8ms preprocess, 191.5ms inference, 2.7ms postprocess per image at shape (1, 3, 480, 640)

0: 480x640 1 person, 3 cars, 2 motorcycles, 1 boat, 180.1ms
Speed: 2.0ms preprocess, 180.1ms inference, 3.4ms postprocess per image at shape (1, 3, 480, 640)

0: 480x640 1 person, 3 cars, 2 motorcycles, 1 boat, 186.5ms
Speed: 1.8ms preprocess, 186.5ms inference, 3.0ms postprocess per image at shape (1, 3, 480, 640)

0: 480x640 2 persons, 3 cars, 3 motorcycles, 1 bus, 1 boat, 178.1ms
Speed: 1.8ms preprocess, 178.1ms inference, 3.5ms postprocess per image at shape (1, 3, 480, 640)

0: 480x640 4 persons, 3 cars, 2 motorcycles, 1 boat, 178.8ms
Speed: 1.9ms preprocess, 178.8ms inference, 3.1ms postprocess per image at shape (1, 3, 480, 640)

0: 480x640 2 persons, 4 cars, 3 motorcycles, 1 truck, 184.6ms
Speed: 2.1ms preprocess, 184.6ms inference, 4.0ms postprocess per image at shape (1, 3, 480, 640)

0: 480x640 5 persons, 4 cars, 3 motorcycles, 1 truck, 1 boat, 171.6ms
Speed: 1.8ms preprocess, 171.6ms inference, 5.5ms postprocess per image at shape (1, 3, 480, 640)

0: 480x640 5 persons, 4 cars, 3 motorcycles, 165.2ms
Speed: 2.0ms preprocess, 165.2ms inference, 4.0ms postprocess per image at shape (1, 3, 480, 640)

0: 480x640 2 persons, 3 cars, 2 motorcycles, 1 boat, 171.0ms
Speed: 2.0ms preprocess, 171.0ms inference, 3.0ms postprocess per image at shape (1, 3, 480, 640)

0: 480x640 1 person, 4 cars, 3 motorcycles, 1 boat, 170.3ms
Speed: 2.2ms preprocess, 170.3ms inference, 2.9ms postprocess per image at shape (1, 3, 480, 640)

0: 480x640 3 persons, 3 cars, 5 motorcycles, 1 bus, 1 boat, 160.2ms
Speed: 2.9ms preprocess, 160.2ms inference, 4.3ms postprocess per image at shape (1, 3, 480, 640)

0: 480x640 3 persons, 4 cars, 4 motorcycles, 1 bus, 1 boat, 169.2ms
Speed: 2.9ms preprocess, 169.2ms inference, 4.4ms postprocess per image at shape (1, 3, 480, 640)

0: 480x640 3 persons, 4 cars, 5 motorcycles, 1 bus, 1 truck, 1 boat, 180.6ms
Speed: 3.4ms preprocess, 180.6ms inference, 4.3ms postprocess per image at shape (1, 3, 480, 640)

0: 480x640 2 persons, 4 cars, 4 motorcycles, 1 truck, 181.4ms
Speed: 2.6ms preprocess, 181.4ms inference, 4.6ms postprocess per image at shape (1, 3, 480, 640)

0: 480x640 2 persons, 1 bicycle, 4 cars, 2 motorcycles, 1 truck, 260.9ms
Speed: 3.0ms preprocess, 260.9ms inference, 4.2ms postprocess per image at shape (1, 3, 480, 640)

0: 480x640 3 persons, 3 cars, 3 motorcycles, 1 bus, 1 truck, 231.9ms
Speed: 2.6ms preprocess, 231.9ms inference, 3.5ms postprocess per image at shape (1, 3, 480, 640)

0: 480x640 3 persons, 4 cars, 2 motorcycles, 1 bus, 1 truck, 160.5ms
Speed: 2.2ms preprocess, 160.5ms inference, 3.9ms postprocess per image at shape (1, 3, 480, 640)

0: 480x640 3 persons, 5 cars, 3 motorcycles, 1 bus, 1 truck, 159.2ms
Speed: 2.8ms preprocess, 159.2ms inference, 5.1ms postprocess per image at shape (1, 3, 480, 640)

0: 480x640 3 persons, 6 cars, 1 motorcycle, 160.6ms
Speed: 2.3ms preprocess, 160.6ms inference, 2.7ms postprocess per image at shape (1, 3, 480, 640)

0: 480x640 3 persons, 4 cars, 1 motorcycle, 177.1ms
Speed: 2.8ms preprocess, 177.1ms inference, 2.9ms postprocess per image at shape (1, 3, 480, 640)

0: 480x640 2 persons, 6 cars, 3 motorcycles, 180.4ms
Speed: 3.1ms preprocess, 180.4ms inference, 3.3ms postprocess per image at shape (1, 3, 480, 640)

0: 480x640 3 persons, 6 cars, 4 motorcycles, 177.1ms
Speed: 2.7ms preprocess, 177.1ms inference, 3.2ms postprocess per image at shape (1, 3, 480, 640)

0: 480x640 2 persons, 5 cars, 2 motorcycles, 196.2ms
Speed: 2.0ms preprocess, 196.2ms inference, 2.3ms postprocess per image at shape (1, 3, 480, 640)

0: 480x640 2 persons, 6 cars, 2 motorcycles, 183.4ms
Speed: 3.3ms preprocess, 183.4ms inference, 3.4ms postprocess per image at shape (1, 3, 480, 640)

0: 480x640 2 persons, 7 cars, 1 motorcycle, 184.8ms
Speed: 4.2ms preprocess, 184.8ms inference, 2.6ms postprocess per image at shape (1, 3, 480, 640)

0: 480x640 2 persons, 7 cars, 3 motorcycles, 1 bus, 195.3ms
Speed: 5.7ms preprocess, 195.3ms inference, 2.9ms postprocess per image at shape (1, 3, 480, 640)

0: 480x640 2 persons, 6 cars, 4 motorcycles, 225.3ms
Speed: 2.9ms preprocess, 225.3ms inference, 7.0ms postprocess per image at shape (1, 3, 480, 640)

0: 480x640 2 persons, 6 cars, 3 motorcycles, 276.7ms
Speed: 10.6ms preprocess, 276.7ms inference, 2.8ms postprocess per image at shape (1, 3, 480, 640)

0: 480x640 2 persons, 6 cars, 3 motorcycles, 191.4ms
Speed: 6.0ms preprocess, 191.4ms inference, 4.0ms postprocess per image at shape (1, 3, 480, 640)

0: 480x640 3 persons, 5 cars, 3 motorcycles, 1 bus, 1 truck, 185.6ms
Speed: 2.4ms preprocess, 185.6ms inference, 2.8ms postprocess per image at shape (1, 3, 480, 640)

0: 480x640 3 persons, 5 cars, 3 motorcycles, 1 truck, 185.4ms
Speed: 2.2ms preprocess, 185.4ms inference, 3.7ms postprocess per image at shape (1, 3, 480, 640)

0: 480x640 3 persons, 5 cars, 5 motorcycles, 189.2ms
Speed: 2.1ms preprocess, 189.2ms inference, 3.8ms postprocess per image at shape (1, 3, 480, 640)

0: 480x640 2 persons, 6 cars, 4 motorcycles, 178.5ms
Speed: 2.8ms preprocess, 178.5ms inference, 4.3ms postprocess per image at shape (1, 3, 480, 640)

0: 480x640 3 persons, 5 cars, 5 motorcycles, 192.7ms
Speed: 1.8ms preprocess, 192.7ms inference, 3.4ms postprocess per image at shape (1, 3, 480, 640)

0: 480x640 3 persons, 5 cars, 4 motorcycles, 1 bus, 186.4ms
Speed: 2.2ms preprocess, 186.4ms inference, 4.5ms postprocess per image at shape (1, 3, 480, 640)

0: 480x640 3 persons, 5 cars, 6 motorcycles, 1 bus, 192.4ms
Speed: 1.8ms preprocess, 192.4ms inference, 5.4ms postprocess per image at shape (1, 3, 480, 640)

0: 480x640 3 persons, 5 cars, 4 motorcycles, 1 bus, 199.2ms
Speed: 2.0ms preprocess, 199.2ms inference, 4.1ms postprocess per image at shape (1, 3, 480, 640)

0: 480x640 3 persons, 5 cars, 4 motorcycles, 1 bus, 1 truck, 189.1ms
Speed: 1.9ms preprocess, 189.1ms inference, 4.1ms postprocess per image at shape (1, 3, 480, 640)

0: 480x640 4 persons, 5 cars, 5 motorcycles, 1 truck, 199.4ms
Speed: 2.1ms preprocess, 199.4ms inference, 4.6ms postprocess per image at shape (1, 3, 480, 640)

0: 480x640 3 persons, 5 cars, 5 motorcycles, 189.6ms
Speed: 2.2ms preprocess, 189.6ms inference, 3.5ms postprocess per image at shape (1, 3, 480, 640)

0: 480x640 4 persons, 5 cars, 3 motorcycles, 211.7ms
Speed: 1.8ms preprocess, 211.7ms inference, 4.1ms postprocess per image at shape (1, 3, 480, 640)

0: 480x640 5 persons, 5 cars, 4 motorcycles, 183.6ms
Speed: 2.0ms preprocess, 183.6ms inference, 4.6ms postprocess per image at shape (1, 3, 480, 640)

0: 480x640 4 persons, 5 cars, 5 motorcycles, 1 bus, 203.6ms
Speed: 1.9ms preprocess, 203.6ms inference, 4.1ms postprocess per image at shape (1, 3, 480, 640)

0: 480x640 4 persons, 5 cars, 4 motorcycles, 200.8ms
Speed: 2.1ms preprocess, 200.8ms inference, 3.2ms postprocess per image at shape (1, 3, 480, 640)

0: 480x640 5 persons, 6 cars, 4 motorcycles, 187.4ms
Speed: 2.0ms preprocess, 187.4ms inference, 4.2ms postprocess per image at shape (1, 3, 480, 640)

0: 480x640 3 persons, 5 cars, 5 motorcycles, 185.6ms
Speed: 2.1ms preprocess, 185.6ms inference, 3.8ms postprocess per image at shape (1, 3, 480, 640)

0: 480x640 3 persons, 6 cars, 5 motorcycles, 189.9ms
Speed: 3.8ms preprocess, 189.9ms inference, 3.3ms postprocess per image at shape (1, 3, 480, 640)

0: 480x640 3 persons, 5 cars, 5 motorcycles, 174.8ms
Speed: 2.0ms preprocess, 174.8ms inference, 4.0ms postprocess per image at shape (1, 3, 480, 640)

0: 480x640 4 persons, 5 cars, 4 motorcycles, 188.1ms
Speed: 1.9ms preprocess, 188.1ms inference, 3.9ms postprocess per image at shape (1, 3, 480, 640)

0: 480x640 4 persons, 6 cars, 4 motorcycles, 186.5ms
Speed: 2.6ms preprocess, 186.5ms inference, 3.4ms postprocess per image at shape (1, 3, 480, 640)

0: 480x640 4 persons, 6 cars, 7 motorcycles, 177.5ms
Speed: 3.6ms preprocess, 177.5ms inference, 3.6ms postprocess per image at shape (1, 3, 480, 640)

0: 480x640 4 persons, 6 cars, 4 motorcycles, 187.3ms
Speed: 2.1ms preprocess, 187.3ms inference, 4.6ms postprocess per image at shape (1, 3, 480, 640)

0: 480x640 4 persons, 6 cars, 2 motorcycles, 183.9ms
Speed: 2.1ms preprocess, 183.9ms inference, 3.9ms postprocess per image at shape (1, 3, 480, 640)

0: 480x640 2 persons, 7 cars, 5 motorcycles, 183.6ms
Speed: 3.6ms preprocess, 183.6ms inference, 4.7ms postprocess per image at shape (1, 3, 480, 640)

0: 480x640 4 persons, 7 cars, 4 motorcycles, 178.0ms
Speed: 2.7ms preprocess, 178.0ms inference, 4.4ms postprocess per image at shape (1, 3, 480, 640)

0: 480x640 4 persons, 7 cars, 3 motorcycles, 191.9ms
Speed: 2.4ms preprocess, 191.9ms inference, 4.6ms postprocess per image at shape (1, 3, 480, 640)

0: 480x640 4 persons, 7 cars, 6 motorcycles, 182.9ms
Speed: 1.8ms preprocess, 182.9ms inference, 4.8ms postprocess per image at shape (1, 3, 480, 640)

0: 480x640 3 persons, 7 cars, 6 motorcycles, 192.2ms
Speed: 1.8ms preprocess, 192.2ms inference, 3.0ms postprocess per image at shape (1, 3, 480, 640)

0: 480x640 4 persons, 7 cars, 6 motorcycles, 188.8ms
Speed: 2.7ms preprocess, 188.8ms inference, 4.9ms postprocess per image at shape (1, 3, 480, 640)

0: 480x640 4 persons, 7 cars, 8 motorcycles, 178.6ms
Speed: 3.6ms preprocess, 178.6ms inference, 4.1ms postprocess per image at shape (1, 3, 480, 640)

0: 480x640 3 persons, 7 cars, 7 motorcycles, 190.5ms
Speed: 2.2ms preprocess, 190.5ms inference, 4.7ms postprocess per image at shape (1, 3, 480, 640)

0: 480x640 3 persons, 7 cars, 4 motorcycles, 181.4ms
Speed: 2.6ms preprocess, 181.4ms inference, 2.8ms postprocess per image at shape (1, 3, 480, 640)

0: 480x640 3 persons, 6 cars, 2 motorcycles, 1 boat, 183.3ms
Speed: 2.7ms preprocess, 183.3ms inference, 2.9ms postprocess per image at shape (1, 3, 480, 640)

0: 480x640 2 persons, 7 cars, 4 motorcycles, 179.1ms
Speed: 1.9ms preprocess, 179.1ms inference, 4.4ms postprocess per image at shape (1, 3, 480, 640)

0: 480x640 3 persons, 6 cars, 3 motorcycles, 201.3ms
Speed: 2.4ms preprocess, 201.3ms inference, 4.0ms postprocess per image at shape (1, 3, 480, 640)

0: 480x640 4 persons, 7 cars, 6 motorcycles, 1 truck, 187.4ms
Speed: 2.0ms preprocess, 187.4ms inference, 3.7ms postprocess per image at shape (1, 3, 480, 640)

0: 480x640 4 persons, 6 cars, 6 motorcycles, 178.9ms
Speed: 3.0ms preprocess, 178.9ms inference, 4.4ms postprocess per image at shape (1, 3, 480, 640)

0: 480x640 5 persons, 6 cars, 5 motorcycles, 1 horse, 174.6ms
Speed: 2.0ms preprocess, 174.6ms inference, 5.1ms postprocess per image at shape (1, 3, 480, 640)

0: 480x640 5 persons, 6 cars, 5 motorcycles, 190.6ms
Speed: 2.2ms preprocess, 190.6ms inference, 4.7ms postprocess per image at shape (1, 3, 480, 640)

0: 480x640 6 persons, 6 cars, 6 motorcycles, 1 bus, 1 truck, 182.5ms
Speed: 2.3ms preprocess, 182.5ms inference, 5.0ms postprocess per image at shape (1, 3, 480, 640)

0: 480x640 5 persons, 5 cars, 5 motorcycles, 1 bus, 1 truck, 181.9ms
Speed: 2.9ms preprocess, 181.9ms inference, 3.5ms postprocess per image at shape (1, 3, 480, 640)

0: 480x640 4 persons, 6 cars, 5 motorcycles, 180.4ms
Speed: 5.1ms preprocess, 180.4ms inference, 3.4ms postprocess per image at shape (1, 3, 480, 640)

0: 480x640 6 persons, 6 cars, 9 motorcycles, 189.8ms
Speed: 2.3ms preprocess, 189.8ms inference, 5.4ms postprocess per image at shape (1, 3, 480, 640)

0: 480x640 7 persons, 6 cars, 6 motorcycles, 186.3ms
Speed: 3.3ms preprocess, 186.3ms inference, 3.8ms postprocess per image at shape (1, 3, 480, 640)

0: 480x640 5 persons, 7 cars, 7 motorcycles, 184.7ms
Speed: 1.6ms preprocess, 184.7ms inference, 4.1ms postprocess per image at shape (1, 3, 480, 640)

0: 480x640 6 persons, 7 cars, 8 motorcycles, 184.4ms
Speed: 2.3ms preprocess, 184.4ms inference, 5.6ms postprocess per image at shape (1, 3, 480, 640)

0: 480x640 6 persons, 4 cars, 5 motorcycles, 1 truck, 183.1ms
Speed: 2.2ms preprocess, 183.1ms inference, 4.2ms postprocess per image at shape (1, 3, 480, 640)

0: 480x640 6 persons, 5 cars, 6 motorcycles, 182.0ms
Speed: 3.0ms preprocess, 182.0ms inference, 4.7ms postprocess per image at shape (1, 3, 480, 640)

0: 480x640 4 persons, 5 cars, 5 motorcycles, 177.5ms
Speed: 2.0ms preprocess, 177.5ms inference, 3.7ms postprocess per image at shape (1, 3, 480, 640)

0: 480x640 6 persons, 5 cars, 5 motorcycles, 187.3ms
Speed: 2.0ms preprocess, 187.3ms inference, 3.5ms postprocess per image at shape (1, 3, 480, 640)

0: 480x640 6 persons, 6 cars, 5 motorcycles, 186.1ms
Speed: 1.9ms preprocess, 186.1ms inference, 4.0ms postprocess per image at shape (1, 3, 480, 640)

0: 480x640 4 persons, 4 cars, 7 motorcycles, 182.9ms
Speed: 2.2ms preprocess, 182.9ms inference, 4.2ms postprocess per image at shape (1, 3, 480, 640)

0: 480x640 5 persons, 5 cars, 7 motorcycles, 1 truck, 192.8ms
Speed: 1.7ms preprocess, 192.8ms inference, 3.5ms postprocess per image at shape (1, 3, 480, 640)

0: 480x640 4 persons, 4 cars, 6 motorcycles, 170.7ms
Speed: 2.8ms preprocess, 170.7ms inference, 5.0ms postprocess per image at shape (1, 3, 480, 640)

0: 480x640 7 persons, 4 cars, 6 motorcycles, 189.5ms
Speed: 1.7ms preprocess, 189.5ms inference, 4.0ms postprocess per image at shape (1, 3, 480, 640)

0: 480x640 5 persons, 4 cars, 7 motorcycles, 196.0ms
Speed: 1.9ms preprocess, 196.0ms inference, 3.4ms postprocess per image at shape (1, 3, 480, 640)

0: 480x640 6 persons, 4 cars, 8 motorcycles, 182.2ms
Speed: 4.8ms preprocess, 182.2ms inference, 4.3ms postprocess per image at shape (1, 3, 480, 640)

0: 480x640 7 persons, 4 cars, 7 motorcycles, 182.6ms
Speed: 3.5ms preprocess, 182.6ms inference, 3.8ms postprocess per image at shape (1, 3, 480, 640)

0: 480x640 6 persons, 3 cars, 7 motorcycles, 1 bus, 177.3ms
Speed: 3.4ms preprocess, 177.3ms inference, 4.9ms postprocess per image at shape (1, 3, 480, 640)

0: 480x640 6 persons, 3 cars, 6 motorcycles, 1 bus, 200.0ms
Speed: 2.1ms preprocess, 200.0ms inference, 4.2ms postprocess per image at shape (1, 3, 480, 640)

0: 480x640 6 persons, 3 cars, 5 motorcycles, 1 bus, 186.2ms
Speed: 4.1ms preprocess, 186.2ms inference, 3.2ms postprocess per image at shape (1, 3, 480, 640)

0: 480x640 8 persons, 3 cars, 5 motorcycles, 1 bus, 180.7ms
Speed: 4.5ms preprocess, 180.7ms inference, 3.8ms postprocess per image at shape (1, 3, 480, 640)

0: 480x640 4 persons, 3 cars, 5 motorcycles, 1 bus, 176.7ms
Speed: 2.4ms preprocess, 176.7ms inference, 3.9ms postprocess per image at shape (1, 3, 480, 640)

0: 480x640 6 persons, 3 cars, 5 motorcycles, 1 bus, 188.0ms
Speed: 1.8ms preprocess, 188.0ms inference, 4.9ms postprocess per image at shape (1, 3, 480, 640)

0: 480x640 6 persons, 3 cars, 7 motorcycles, 1 bus, 202.5ms
Speed: 2.2ms preprocess, 202.5ms inference, 3.6ms postprocess per image at shape (1, 3, 480, 640)

0: 480x640 6 persons, 3 cars, 7 motorcycles, 1 bus, 186.6ms
Speed: 2.1ms preprocess, 186.6ms inference, 3.9ms postprocess per image at shape (1, 3, 480, 640)

0: 480x640 6 persons, 3 cars, 5 motorcycles, 1 bus, 192.2ms
Speed: 2.0ms preprocess, 192.2ms inference, 4.5ms postprocess per image at shape (1, 3, 480, 640)

0: 480x640 6 persons, 4 cars, 7 motorcycles, 1 bus, 205.2ms
Speed: 2.2ms preprocess, 205.2ms inference, 5.2ms postprocess per image at shape (1, 3, 480, 640)

0: 480x640 6 persons, 4 cars, 7 motorcycles, 207.1ms
Speed: 2.0ms preprocess, 207.1ms inference, 5.7ms postprocess per image at shape (1, 3, 480, 640)

0: 480x640 6 persons, 5 cars, 5 motorcycles, 215.3ms
Speed: 2.1ms preprocess, 215.3ms inference, 4.4ms postprocess per image at shape (1, 3, 480, 640)

0: 480x640 6 persons, 4 cars, 5 motorcycles, 201.4ms
Speed: 3.0ms preprocess, 201.4ms inference, 3.5ms postprocess per image at shape (1, 3, 480, 640)

0: 480x640 6 persons, 4 cars, 4 motorcycles, 1 truck, 225.5ms
Speed: 2.0ms preprocess, 225.5ms inference, 5.3ms postprocess per image at shape (1, 3, 480, 640)

0: 480x640 5 persons, 5 cars, 7 motorcycles, 204.6ms
Speed: 1.9ms preprocess, 204.6ms inference, 5.4ms postprocess per image at shape (1, 3, 480, 640)

0: 480x640 5 persons, 5 cars, 5 motorcycles, 1 bus, 1 boat, 190.0ms
Speed: 1.8ms preprocess, 190.0ms inference, 4.3ms postprocess per image at shape (1, 3, 480, 640)

0: 480x640 6 persons, 4 cars, 5 motorcycles, 1 bus, 1 boat, 214.8ms
Speed: 1.9ms preprocess, 214.8ms inference, 5.1ms postprocess per image at shape (1, 3, 480, 640)

0: 480x640 5 persons, 4 cars, 4 motorcycles, 1 toilet, 202.3ms
Speed: 1.8ms preprocess, 202.3ms inference, 4.9ms postprocess per image at shape (1, 3, 480, 640)

0: 480x640 5 persons, 4 cars, 6 motorcycles, 1 airplane, 1 toilet, 204.6ms
Speed: 2.8ms preprocess, 204.6ms inference, 3.7ms postprocess per image at shape (1, 3, 480, 640)

0: 480x640 5 persons, 3 cars, 4 motorcycles, 186.6ms
Speed: 3.3ms preprocess, 186.6ms inference, 3.7ms postprocess per image at shape (1, 3, 480, 640)

0: 480x640 3 persons, 4 cars, 5 motorcycles, 1 parking meter, 212.8ms
Speed: 6.3ms preprocess, 212.8ms inference, 3.9ms postprocess per image at shape (1, 3, 480, 640)

0: 480x640 5 persons, 4 cars, 4 motorcycles, 184.1ms
Speed: 5.2ms preprocess, 184.1ms inference, 4.4ms postprocess per image at shape (1, 3, 480, 640)

0: 480x640 5 persons, 4 cars, 5 motorcycles, 242.0ms
Speed: 1.8ms preprocess, 242.0ms inference, 4.1ms postprocess per image at shape (1, 3, 480, 640)

0: 480x640 5 persons, 3 cars, 5 motorcycles, 1 toilet, 203.2ms
Speed: 2.0ms preprocess, 203.2ms inference, 4.4ms postprocess per image at shape (1, 3, 480, 640)

0: 480x640 6 persons, 1 bicycle, 3 cars, 4 motorcycles, 1 toilet, 200.5ms
Speed: 1.9ms preprocess, 200.5ms inference, 4.5ms postprocess per image at shape (1, 3, 480, 640)

0: 480x640 6 persons, 3 cars, 5 motorcycles, 1 toilet, 248.1ms
Speed: 2.4ms preprocess, 248.1ms inference, 4.5ms postprocess per image at shape (1, 3, 480, 640)

0: 480x640 6 persons, 4 cars, 6 motorcycles, 232.8ms
Speed: 2.5ms preprocess, 232.8ms inference, 4.0ms postprocess per image at shape (1, 3, 480, 640)

0: 480x640 5 persons, 4 cars, 4 motorcycles, 1 toilet, 211.0ms
Speed: 4.7ms preprocess, 211.0ms inference, 3.0ms postprocess per image at shape (1, 3, 480, 640)

0: 480x640 4 persons, 4 cars, 6 motorcycles, 1 toilet, 194.5ms
Speed: 2.6ms preprocess, 194.5ms inference, 3.6ms postprocess per image at shape (1, 3, 480, 640)

0: 480x640 3 persons, 4 cars, 5 motorcycles, 1 toilet, 256.9ms
Speed: 2.3ms preprocess, 256.9ms inference, 4.1ms postprocess per image at shape (1, 3, 480, 640)

0: 480x640 3 persons, 4 cars, 5 motorcycles, 1 toilet, 374.6ms
Speed: 3.0ms preprocess, 374.6ms inference, 4.4ms postprocess per image at shape (1, 3, 480, 640)

0: 480x640 4 persons, 4 cars, 5 motorcycles, 1 toilet, 324.6ms
Speed: 2.7ms preprocess, 324.6ms inference, 3.3ms postprocess per image at shape (1, 3, 480, 640)

0: 480x640 3 persons, 3 cars, 6 motorcycles, 1 toilet, 266.3ms
Speed: 5.6ms preprocess, 266.3ms inference, 4.5ms postprocess per image at shape (1, 3, 480, 640)

0: 480x640 5 persons, 3 cars, 7 motorcycles, 1 airplane, 219.4ms
Speed: 10.9ms preprocess, 219.4ms inference, 3.4ms postprocess per image at shape (1, 3, 480, 640)

0: 480x640 5 persons, 3 cars, 9 motorcycles, 1 airplane, 210.3ms
Speed: 2.6ms preprocess, 210.3ms inference, 3.7ms postprocess per image at shape (1, 3, 480, 640)

0: 480x640 6 persons, 5 cars, 7 motorcycles, 1 toilet, 189.6ms
Speed: 2.6ms preprocess, 189.6ms inference, 4.3ms postprocess per image at shape (1, 3, 480, 640)

0: 480x640 5 persons, 5 cars, 6 motorcycles, 1 truck, 1 cell phone, 200.1ms
Speed: 2.1ms preprocess, 200.1ms inference, 4.7ms postprocess per image at shape (1, 3, 480, 640)

0: 480x640 5 persons, 6 cars, 5 motorcycles, 175.6ms
Speed: 2.3ms preprocess, 175.6ms inference, 4.4ms postprocess per image at shape (1, 3, 480, 640)

0: 480x640 4 persons, 5 cars, 7 motorcycles, 1 cell phone, 182.5ms
Speed: 2.0ms preprocess, 182.5ms inference, 3.6ms postprocess per image at shape (1, 3, 480, 640)

0: 480x640 5 persons, 6 cars, 5 motorcycles, 186.7ms
Speed: 2.2ms preprocess, 186.7ms inference, 3.7ms postprocess per image at shape (1, 3, 480, 640)

0: 480x640 5 persons, 6 cars, 5 motorcycles, 212.8ms
Speed: 3.1ms preprocess, 212.8ms inference, 3.5ms postprocess per image at shape (1, 3, 480, 640)

0: 480x640 5 persons, 5 cars, 7 motorcycles, 1 bus, 172.9ms
Speed: 2.1ms preprocess, 172.9ms inference, 3.9ms postprocess per image at shape (1, 3, 480, 640)

0: 480x640 5 persons, 5 cars, 6 motorcycles, 179.5ms
Speed: 2.7ms preprocess, 179.5ms inference, 4.0ms postprocess per image at shape (1, 3, 480, 640)

0: 480x640 6 persons, 5 cars, 5 motorcycles, 176.7ms
Speed: 3.3ms preprocess, 176.7ms inference, 3.9ms postprocess per image at shape (1, 3, 480, 640)

0: 480x640 5 persons, 5 cars, 4 motorcycles, 203.9ms
Speed: 2.8ms preprocess, 203.9ms inference, 6.9ms postprocess per image at shape (1, 3, 480, 640)

0: 480x640 5 persons, 5 cars, 5 motorcycles, 186.2ms
Speed: 2.5ms preprocess, 186.2ms inference, 4.6ms postprocess per image at shape (1, 3, 480, 640)

0: 480x640 5 persons, 5 cars, 4 motorcycles, 172.4ms
Speed: 2.2ms preprocess, 172.4ms inference, 3.3ms postprocess per image at shape (1, 3, 480, 640)

0: 480x640 5 persons, 5 cars, 6 motorcycles, 178.2ms
Speed: 3.0ms preprocess, 178.2ms inference, 4.5ms postprocess per image at shape (1, 3, 480, 640)

0: 480x640 5 persons, 5 cars, 4 motorcycles, 187.3ms
Speed: 2.1ms preprocess, 187.3ms inference, 3.4ms postprocess per image at shape (1, 3, 480, 640)

0: 480x640 5 persons, 5 cars, 4 motorcycles, 182.3ms
Speed: 2.7ms preprocess, 182.3ms inference, 4.1ms postprocess per image at shape (1, 3, 480, 640)

0: 480x640 6 persons, 5 cars, 4 motorcycles, 185.2ms
Speed: 2.7ms preprocess, 185.2ms inference, 3.5ms postprocess per image at shape (1, 3, 480, 640)

0: 480x640 6 persons, 5 cars, 4 motorcycles, 179.6ms
Speed: 2.7ms preprocess, 179.6ms inference, 4.5ms postprocess per image at shape (1, 3, 480, 640)

0: 480x640 7 persons, 5 cars, 5 motorcycles, 178.9ms
Speed: 3.1ms preprocess, 178.9ms inference, 4.7ms postprocess per image at shape (1, 3, 480, 640)

0: 480x640 8 persons, 5 cars, 5 motorcycles, 181.4ms
Speed: 3.2ms preprocess, 181.4ms inference, 4.8ms postprocess per image at shape (1, 3, 480, 640)

0: 480x640 7 persons, 4 cars, 5 motorcycles, 172.2ms
Speed: 3.1ms preprocess, 172.2ms inference, 6.8ms postprocess per image at shape (1, 3, 480, 640)

0: 480x640 5 persons, 4 cars, 5 motorcycles, 165.8ms
Speed: 4.6ms preprocess, 165.8ms inference, 3.1ms postprocess per image at shape (1, 3, 480, 640)

0: 480x640 6 persons, 4 cars, 4 motorcycles, 1 bus, 1 skis, 188.0ms
Speed: 5.2ms preprocess, 188.0ms inference, 3.5ms postprocess per image at shape (1, 3, 480, 640)

0: 480x640 5 persons, 4 cars, 5 motorcycles, 1 bus, 196.2ms
Speed: 2.4ms preprocess, 196.2ms inference, 3.2ms postprocess per image at shape (1, 3, 480, 640)
Finished: 5638-183850414_small.mp4
