
0: 480x640 8 persons, 1 car, 7 motorcycles, 2 clocks, 117.9ms
Speed: 2.6ms preprocess, 117.9ms inference, 3.5ms postprocess per image at shape (1, 3, 480, 640)

0: 480x640 11 persons, 1 bicycle, 2 cars, 7 motorcycles, 2 clocks, 131.3ms
Speed: 1.8ms preprocess, 131.3ms inference, 4.4ms postprocess per image at shape (1, 3, 480, 640)

0: 480x640 10 persons, 1 bicycle, 3 cars, 7 motorcycles, 2 clocks, 219.1ms
Speed: 4.1ms preprocess, 219.1ms inference, 4.2ms postprocess per image at shape (1, 3, 480, 640)

0: 480x640 7 persons, 1 bicycle, 2 cars, 6 motorcycles, 2 clocks, 139.3ms
Speed: 1.9ms preprocess, 139.3ms inference, 3.4ms postprocess per image at shape (1, 3, 480, 640)

0: 480x640 12 persons, 1 bicycle, 2 cars, 6 motorcycles, 2 clocks, 128.0ms
Speed: 1.5ms preprocess, 128.0ms inference, 4.2ms postprocess per image at shape (1, 3, 480, 640)

0: 480x640 12 persons, 1 bicycle, 2 cars, 6 motorcycles, 2 clocks, 133.4ms
Speed: 1.5ms preprocess, 133.4ms inference, 3.4ms postprocess per image at shape (1, 3, 480, 640)

0: 480x640 11 persons, 1 bicycle, 1 car, 6 motorcycles, 2 clocks, 141.5ms
Speed: 1.4ms preprocess, 141.5ms inference, 4.2ms postprocess per image at shape (1, 3, 480, 640)

0: 480x640 11 persons, 1 bicycle, 1 car, 6 motorcycles, 2 clocks, 142.9ms
Speed: 1.4ms preprocess, 142.9ms inference, 4.1ms postprocess per image at shape (1, 3, 480, 640)

0: 480x640 12 persons, 1 bicycle, 1 car, 6 motorcycles, 2 clocks, 146.2ms
Speed: 1.5ms preprocess, 146.2ms inference, 3.9ms postprocess per image at shape (1, 3, 480, 640)

0: 480x640 11 persons, 1 bicycle, 1 car, 5 motorcycles, 2 clocks, 142.1ms
Speed: 1.8ms preprocess, 142.1ms inference, 3.9ms postprocess per image at shape (1, 3, 480, 640)

0: 480x640 12 persons, 1 bicycle, 4 cars, 6 motorcycles, 2 clocks, 126.6ms
Speed: 1.7ms preprocess, 126.6ms inference, 3.4ms postprocess per image at shape (1, 3, 480, 640)

0: 480x640 12 persons, 1 bicycle, 1 car, 8 motorcycles, 2 clocks, 129.9ms
Speed: 1.4ms preprocess, 129.9ms inference, 3.4ms postprocess per image at shape (1, 3, 480, 640)

0: 480x640 10 persons, 2 cars, 6 motorcycles, 2 clocks, 129.6ms
Speed: 1.4ms preprocess, 129.6ms inference, 3.0ms postprocess per image at shape (1, 3, 480, 640)

0: 480x640 7 persons, 1 car, 8 motorcycles, 1 clock, 128.7ms
Speed: 2.5ms preprocess, 128.7ms inference, 3.1ms postprocess per image at shape (1, 3, 480, 640)

0: 480x640 12 persons, 1 car, 7 motorcycles, 1 clock, 124.8ms
Speed: 2.7ms preprocess, 124.8ms inference, 3.4ms postprocess per image at shape (1, 3, 480, 640)

0: 480x640 10 persons, 1 car, 7 motorcycles, 1 clock, 126.9ms
Speed: 2.1ms preprocess, 126.9ms inference, 2.8ms postprocess per image at shape (1, 3, 480, 640)

0: 480x640 9 persons, 1 car, 9 motorcycles, 1 clock, 126.4ms
Speed: 2.1ms preprocess, 126.4ms inference, 3.4ms postprocess per image at shape (1, 3, 480, 640)

0: 480x640 13 persons, 2 cars, 9 motorcycles, 1 clock, 123.6ms
Speed: 1.4ms preprocess, 123.6ms inference, 3.7ms postprocess per image at shape (1, 3, 480, 640)

0: 480x640 15 persons, 2 cars, 9 motorcycles, 2 clocks, 119.9ms
Speed: 1.5ms preprocess, 119.9ms inference, 5.3ms postprocess per image at shape (1, 3, 480, 640)

0: 480x640 9 persons, 2 cars, 8 motorcycles, 2 clocks, 145.0ms
Speed: 1.9ms preprocess, 145.0ms inference, 3.9ms postprocess per image at shape (1, 3, 480, 640)

0: 480x640 11 persons, 3 cars, 9 motorcycles, 2 clocks, 124.9ms
Speed: 1.7ms preprocess, 124.9ms inference, 4.3ms postprocess per image at shape (1, 3, 480, 640)

0: 480x640 12 persons, 4 cars, 8 motorcycles, 2 clocks, 124.9ms
Speed: 1.3ms preprocess, 124.9ms inference, 3.5ms postprocess per image at shape (1, 3, 480, 640)

0: 480x640 10 persons, 4 cars, 8 motorcycles, 2 clocks, 121.0ms
Speed: 1.6ms preprocess, 121.0ms inference, 3.6ms postprocess per image at shape (1, 3, 480, 640)

0: 480x640 10 persons, 3 cars, 6 motorcycles, 2 clocks, 121.4ms
Speed: 1.3ms preprocess, 121.4ms inference, 3.3ms postprocess per image at shape (1, 3, 480, 640)

0: 480x640 15 persons, 3 bicycles, 5 cars, 6 motorcycles, 2 clocks, 119.4ms
Speed: 1.3ms preprocess, 119.4ms inference, 5.0ms postprocess per image at shape (1, 3, 480, 640)

0: 480x640 9 persons, 2 bicycles, 6 cars, 5 motorcycles, 2 clocks, 122.5ms
Speed: 1.5ms preprocess, 122.5ms inference, 3.3ms postprocess per image at shape (1, 3, 480, 640)

0: 480x640 9 persons, 1 bicycle, 5 cars, 6 motorcycles, 2 clocks, 123.6ms
Speed: 1.4ms preprocess, 123.6ms inference, 3.3ms postprocess per image at shape (1, 3, 480, 640)

0: 480x640 6 persons, 1 bicycle, 7 cars, 5 motorcycles, 2 clocks, 123.7ms
Speed: 1.5ms preprocess, 123.7ms inference, 3.9ms postprocess per image at shape (1, 3, 480, 640)

0: 480x640 7 persons, 5 cars, 5 motorcycles, 2 clocks, 120.9ms
Speed: 1.6ms preprocess, 120.9ms inference, 3.7ms postprocess per image at shape (1, 3, 480, 640)

0: 480x640 8 persons, 1 bicycle, 5 cars, 5 motorcycles, 2 clocks, 124.3ms
Speed: 1.4ms preprocess, 124.3ms inference, 4.5ms postprocess per image at shape (1, 3, 480, 640)

0: 480x640 9 persons, 1 bicycle, 6 cars, 5 motorcycles, 2 clocks, 118.7ms
Speed: 1.3ms preprocess, 118.7ms inference, 4.2ms postprocess per image at shape (1, 3, 480, 640)

0: 480x640 9 persons, 1 bicycle, 5 cars, 6 motorcycles, 2 clocks, 123.4ms
Speed: 1.6ms preprocess, 123.4ms inference, 4.0ms postprocess per image at shape (1, 3, 480, 640)

0: 480x640 5 persons, 1 bicycle, 7 cars, 5 motorcycles, 2 clocks, 118.5ms
Speed: 1.5ms preprocess, 118.5ms inference, 3.5ms postprocess per image at shape (1, 3, 480, 640)

0: 480x640 6 persons, 1 bicycle, 7 cars, 6 motorcycles, 2 clocks, 131.7ms
Speed: 1.7ms preprocess, 131.7ms inference, 3.1ms postprocess per image at shape (1, 3, 480, 640)

0: 480x640 7 persons, 2 bicycles, 6 cars, 7 motorcycles, 2 clocks, 119.1ms
Speed: 1.6ms preprocess, 119.1ms inference, 4.1ms postprocess per image at shape (1, 3, 480, 640)

0: 480x640 5 persons, 3 bicycles, 4 cars, 7 motorcycles, 2 clocks, 120.7ms
Speed: 1.4ms preprocess, 120.7ms inference, 4.5ms postprocess per image at shape (1, 3, 480, 640)

0: 480x640 7 persons, 2 bicycles, 4 cars, 7 motorcycles, 2 clocks, 117.1ms
Speed: 1.4ms preprocess, 117.1ms inference, 3.1ms postprocess per image at shape (1, 3, 480, 640)

0: 480x640 7 persons, 1 bicycle, 3 cars, 7 motorcycles, 1 umbrella, 2 clocks, 114.9ms
Speed: 1.6ms preprocess, 114.9ms inference, 3.8ms postprocess per image at shape (1, 3, 480, 640)

0: 480x640 9 persons, 1 bicycle, 4 cars, 7 motorcycles, 1 umbrella, 2 clocks, 109.9ms
Speed: 1.8ms preprocess, 109.9ms inference, 4.0ms postprocess per image at shape (1, 3, 480, 640)

0: 480x640 9 persons, 1 bicycle, 4 cars, 6 motorcycles, 2 clocks, 106.0ms
Speed: 1.7ms preprocess, 106.0ms inference, 4.1ms postprocess per image at shape (1, 3, 480, 640)

0: 480x640 13 persons, 2 bicycles, 3 cars, 5 motorcycles, 2 clocks, 107.7ms
Speed: 2.3ms preprocess, 107.7ms inference, 3.3ms postprocess per image at shape (1, 3, 480, 640)

0: 480x640 13 persons, 1 bicycle, 2 cars, 5 motorcycles, 1 umbrella, 2 clocks, 111.7ms
Speed: 1.9ms preprocess, 111.7ms inference, 4.4ms postprocess per image at shape (1, 3, 480, 640)

0: 480x640 11 persons, 1 bicycle, 2 cars, 6 motorcycles, 2 clocks, 116.3ms
Speed: 2.0ms preprocess, 116.3ms inference, 3.9ms postprocess per image at shape (1, 3, 480, 640)

0: 480x640 10 persons, 1 bicycle, 4 cars, 5 motorcycles, 2 clocks, 104.9ms
Speed: 1.6ms preprocess, 104.9ms inference, 3.6ms postprocess per image at shape (1, 3, 480, 640)

0: 480x640 10 persons, 1 bicycle, 5 cars, 6 motorcycles, 2 clocks, 107.7ms
Speed: 1.8ms preprocess, 107.7ms inference, 3.0ms postprocess per image at shape (1, 3, 480, 640)

0: 480x640 13 persons, 1 bicycle, 4 cars, 5 motorcycles, 2 clocks, 119.7ms
Speed: 1.9ms preprocess, 119.7ms inference, 4.6ms postprocess per image at shape (1, 3, 480, 640)

0: 480x640 11 persons, 1 bicycle, 4 cars, 5 motorcycles, 2 clocks, 127.9ms
Speed: 1.7ms preprocess, 127.9ms inference, 3.6ms postprocess per image at shape (1, 3, 480, 640)

0: 480x640 9 persons, 1 bicycle, 4 cars, 6 motorcycles, 2 clocks, 128.4ms
Speed: 2.5ms preprocess, 128.4ms inference, 3.5ms postprocess per image at shape (1, 3, 480, 640)

0: 480x640 11 persons, 1 bicycle, 5 cars, 6 motorcycles, 2 clocks, 119.9ms
Speed: 1.9ms preprocess, 119.9ms inference, 3.7ms postprocess per image at shape (1, 3, 480, 640)

0: 480x640 12 persons, 1 bicycle, 5 cars, 5 motorcycles, 2 clocks, 123.1ms
Speed: 2.1ms preprocess, 123.1ms inference, 4.1ms postprocess per image at shape (1, 3, 480, 640)

0: 480x640 12 persons, 2 bicycles, 6 cars, 7 motorcycles, 2 clocks, 123.8ms
Speed: 2.2ms preprocess, 123.8ms inference, 4.2ms postprocess per image at shape (1, 3, 480, 640)

0: 480x640 10 persons, 2 bicycles, 5 cars, 5 motorcycles, 2 clocks, 123.3ms
Speed: 3.2ms preprocess, 123.3ms inference, 3.9ms postprocess per image at shape (1, 3, 480, 640)

0: 480x640 8 persons, 2 bicycles, 6 cars, 5 motorcycles, 2 clocks, 121.1ms
Speed: 1.8ms preprocess, 121.1ms inference, 3.2ms postprocess per image at shape (1, 3, 480, 640)

0: 480x640 6 persons, 1 bicycle, 4 cars, 7 motorcycles, 2 clocks, 118.6ms
Speed: 1.8ms preprocess, 118.6ms inference, 3.4ms postprocess per image at shape (1, 3, 480, 640)

0: 480x640 7 persons, 1 bicycle, 5 cars, 5 motorcycles, 2 clocks, 123.1ms
Speed: 1.7ms preprocess, 123.1ms inference, 3.4ms postprocess per image at shape (1, 3, 480, 640)

0: 480x640 8 persons, 1 bicycle, 4 cars, 5 motorcycles, 2 clocks, 127.4ms
Speed: 1.5ms preprocess, 127.4ms inference, 3.5ms postprocess per image at shape (1, 3, 480, 640)

0: 480x640 8 persons, 1 bicycle, 4 cars, 5 motorcycles, 2 clocks, 126.5ms
Speed: 1.5ms preprocess, 126.5ms inference, 2.8ms postprocess per image at shape (1, 3, 480, 640)

0: 480x640 7 persons, 1 bicycle, 3 cars, 5 motorcycles, 2 clocks, 124.8ms
Speed: 1.7ms preprocess, 124.8ms inference, 3.9ms postprocess per image at shape (1, 3, 480, 640)

0: 480x640 9 persons, 1 bicycle, 3 cars, 5 motorcycles, 2 clocks, 127.3ms
Speed: 1.8ms preprocess, 127.3ms inference, 3.7ms postprocess per image at shape (1, 3, 480, 640)

0: 480x640 6 persons, 1 bicycle, 2 cars, 7 motorcycles, 2 clocks, 116.2ms
Speed: 1.9ms preprocess, 116.2ms inference, 3.2ms postprocess per image at shape (1, 3, 480, 640)

0: 480x640 11 persons, 1 bicycle, 2 cars, 7 motorcycles, 2 clocks, 119.9ms
Speed: 1.7ms preprocess, 119.9ms inference, 4.8ms postprocess per image at shape (1, 3, 480, 640)

0: 480x640 11 persons, 1 bicycle, 2 cars, 5 motorcycles, 2 clocks, 182.7ms
Speed: 2.6ms preprocess, 182.7ms inference, 4.6ms postprocess per image at shape (1, 3, 480, 640)

0: 480x640 12 persons, 1 bicycle, 2 cars, 5 motorcycles, 2 clocks, 142.0ms
Speed: 2.2ms preprocess, 142.0ms inference, 4.0ms postprocess per image at shape (1, 3, 480, 640)

0: 480x640 11 persons, 1 bicycle, 2 cars, 6 motorcycles, 2 clocks, 128.5ms
Speed: 2.1ms preprocess, 128.5ms inference, 4.3ms postprocess per image at shape (1, 3, 480, 640)

0: 480x640 14 persons, 1 bicycle, 4 cars, 5 motorcycles, 2 clocks, 116.2ms
Speed: 1.6ms preprocess, 116.2ms inference, 4.3ms postprocess per image at shape (1, 3, 480, 640)

0: 480x640 9 persons, 1 bicycle, 4 cars, 4 motorcycles, 2 clocks, 120.3ms
Speed: 1.6ms preprocess, 120.3ms inference, 3.6ms postprocess per image at shape (1, 3, 480, 640)

0: 480x640 12 persons, 1 bicycle, 4 cars, 4 motorcycles, 2 clocks, 128.2ms
Speed: 1.6ms preprocess, 128.2ms inference, 4.1ms postprocess per image at shape (1, 3, 480, 640)

0: 480x640 15 persons, 1 bicycle, 4 cars, 4 motorcycles, 2 clocks, 118.7ms
Speed: 1.6ms preprocess, 118.7ms inference, 4.8ms postprocess per image at shape (1, 3, 480, 640)

0: 480x640 8 persons, 1 bicycle, 4 cars, 4 motorcycles, 2 clocks, 126.2ms
Speed: 1.6ms preprocess, 126.2ms inference, 3.8ms postprocess per image at shape (1, 3, 480, 640)

0: 480x640 9 persons, 1 bicycle, 4 cars, 4 motorcycles, 2 clocks, 123.1ms
Speed: 1.7ms preprocess, 123.1ms inference, 3.7ms postprocess per image at shape (1, 3, 480, 640)

0: 480x640 8 persons, 1 bicycle, 4 cars, 3 motorcycles, 2 clocks, 141.2ms
Speed: 1.7ms preprocess, 141.2ms inference, 3.6ms postprocess per image at shape (1, 3, 480, 640)

0: 480x640 10 persons, 1 bicycle, 3 cars, 3 motorcycles, 1 bus, 2 clocks, 118.9ms
Speed: 1.8ms preprocess, 118.9ms inference, 3.7ms postprocess per image at shape (1, 3, 480, 640)

0: 480x640 9 persons, 1 bicycle, 4 cars, 5 motorcycles, 2 clocks, 119.7ms
Speed: 1.8ms preprocess, 119.7ms inference, 4.3ms postprocess per image at shape (1, 3, 480, 640)

0: 480x640 10 persons, 1 bicycle, 7 cars, 6 motorcycles, 2 clocks, 123.1ms
Speed: 2.2ms preprocess, 123.1ms inference, 4.3ms postprocess per image at shape (1, 3, 480, 640)

0: 480x640 13 persons, 1 bicycle, 5 cars, 6 motorcycles, 2 clocks, 125.0ms
Speed: 2.3ms preprocess, 125.0ms inference, 4.9ms postprocess per image at shape (1, 3, 480, 640)

0: 480x640 12 persons, 1 bicycle, 3 cars, 7 motorcycles, 1 bus, 2 clocks, 119.3ms
Speed: 2.1ms preprocess, 119.3ms inference, 4.9ms postprocess per image at shape (1, 3, 480, 640)

0: 480x640 12 persons, 2 bicycles, 4 cars, 7 motorcycles, 2 clocks, 115.8ms
Speed: 2.2ms preprocess, 115.8ms inference, 4.5ms postprocess per image at shape (1, 3, 480, 640)

0: 480x640 11 persons, 1 bicycle, 5 cars, 6 motorcycles, 1 truck, 2 clocks, 103.7ms
Speed: 1.8ms preprocess, 103.7ms inference, 3.3ms postprocess per image at shape (1, 3, 480, 640)

0: 480x640 13 persons, 2 bicycles, 6 cars, 6 motorcycles, 1 truck, 2 clocks, 120.9ms
Speed: 1.6ms preprocess, 120.9ms inference, 3.8ms postprocess per image at shape (1, 3, 480, 640)

0: 480x640 13 persons, 1 bicycle, 2 cars, 6 motorcycles, 1 truck, 2 clocks, 123.3ms
Speed: 2.0ms preprocess, 123.3ms inference, 3.3ms postprocess per image at shape (1, 3, 480, 640)

0: 480x640 11 persons, 1 bicycle, 2 cars, 5 motorcycles, 1 truck, 2 clocks, 128.1ms
Speed: 2.5ms preprocess, 128.1ms inference, 3.5ms postprocess per image at shape (1, 3, 480, 640)

0: 480x640 15 persons, 1 bicycle, 2 cars, 5 motorcycles, 1 truck, 2 clocks, 195.8ms
Speed: 2.2ms preprocess, 195.8ms inference, 5.8ms postprocess per image at shape (1, 3, 480, 640)

0: 480x640 13 persons, 1 bicycle, 3 cars, 5 motorcycles, 1 truck, 2 clocks, 198.3ms
Speed: 2.8ms preprocess, 198.3ms inference, 3.9ms postprocess per image at shape (1, 3, 480, 640)

0: 480x640 16 persons, 2 bicycles, 3 cars, 5 motorcycles, 1 truck, 2 clocks, 145.3ms
Speed: 2.6ms preprocess, 145.3ms inference, 5.1ms postprocess per image at shape (1, 3, 480, 640)

0: 480x640 15 persons, 1 bicycle, 5 cars, 5 motorcycles, 1 truck, 2 clocks, 188.9ms
Speed: 2.7ms preprocess, 188.9ms inference, 7.6ms postprocess per image at shape (1, 3, 480, 640)

0: 480x640 13 persons, 1 bicycle, 5 cars, 5 motorcycles, 1 truck, 2 clocks, 179.7ms
Speed: 3.1ms preprocess, 179.7ms inference, 4.5ms postprocess per image at shape (1, 3, 480, 640)

0: 480x640 13 persons, 3 bicycles, 5 cars, 5 motorcycles, 1 truck, 2 clocks, 128.7ms
Speed: 2.6ms preprocess, 128.7ms inference, 4.2ms postprocess per image at shape (1, 3, 480, 640)

0: 480x640 12 persons, 2 bicycles, 4 cars, 5 motorcycles, 1 truck, 2 clocks, 124.0ms
Speed: 1.7ms preprocess, 124.0ms inference, 4.3ms postprocess per image at shape (1, 3, 480, 640)

0: 480x640 13 persons, 3 bicycles, 4 cars, 6 motorcycles, 1 truck, 2 clocks, 116.8ms
Speed: 1.7ms preprocess, 116.8ms inference, 5.2ms postprocess per image at shape (1, 3, 480, 640)

0: 480x640 14 persons, 2 bicycles, 4 cars, 5 motorcycles, 1 truck, 2 clocks, 140.6ms
Speed: 1.5ms preprocess, 140.6ms inference, 5.2ms postprocess per image at shape (1, 3, 480, 640)

0: 480x640 12 persons, 1 bicycle, 5 cars, 5 motorcycles, 1 truck, 2 clocks, 129.0ms
Speed: 1.9ms preprocess, 129.0ms inference, 3.4ms postprocess per image at shape (1, 3, 480, 640)

0: 480x640 12 persons, 2 bicycles, 4 cars, 6 motorcycles, 1 truck, 2 clocks, 119.6ms
Speed: 1.9ms preprocess, 119.6ms inference, 4.5ms postprocess per image at shape (1, 3, 480, 640)

0: 480x640 10 persons, 1 bicycle, 4 cars, 6 motorcycles, 1 truck, 2 clocks, 127.4ms
Speed: 1.9ms preprocess, 127.4ms inference, 4.3ms postprocess per image at shape (1, 3, 480, 640)

0: 480x640 12 persons, 1 bicycle, 5 cars, 6 motorcycles, 1 truck, 2 clocks, 121.0ms
Speed: 2.0ms preprocess, 121.0ms inference, 4.6ms postprocess per image at shape (1, 3, 480, 640)

0: 480x640 11 persons, 3 cars, 7 motorcycles, 1 truck, 2 clocks, 118.4ms
Speed: 1.6ms preprocess, 118.4ms inference, 4.5ms postprocess per image at shape (1, 3, 480, 640)

0: 480x640 11 persons, 5 cars, 6 motorcycles, 1 truck, 2 clocks, 126.5ms
Speed: 1.6ms preprocess, 126.5ms inference, 4.1ms postprocess per image at shape (1, 3, 480, 640)

0: 480x640 11 persons, 3 cars, 6 motorcycles, 1 truck, 2 clocks, 133.3ms
Speed: 1.5ms preprocess, 133.3ms inference, 3.9ms postprocess per image at shape (1, 3, 480, 640)

0: 480x640 13 persons, 4 cars, 6 motorcycles, 1 truck, 2 clocks, 138.1ms
Speed: 2.3ms preprocess, 138.1ms inference, 3.8ms postprocess per image at shape (1, 3, 480, 640)

0: 480x640 14 persons, 3 cars, 6 motorcycles, 1 truck, 2 clocks, 161.3ms
Speed: 1.7ms preprocess, 161.3ms inference, 4.1ms postprocess per image at shape (1, 3, 480, 640)

0: 480x640 11 persons, 4 cars, 6 motorcycles, 1 truck, 2 clocks, 181.4ms
Speed: 2.1ms preprocess, 181.4ms inference, 4.4ms postprocess per image at shape (1, 3, 480, 640)

0: 480x640 11 persons, 3 cars, 6 motorcycles, 1 truck, 2 clocks, 203.2ms
Speed: 7.0ms preprocess, 203.2ms inference, 4.2ms postprocess per image at shape (1, 3, 480, 640)

0: 480x640 12 persons, 4 cars, 6 motorcycles, 1 truck, 2 clocks, 152.3ms
Speed: 3.0ms preprocess, 152.3ms inference, 3.8ms postprocess per image at shape (1, 3, 480, 640)

0: 480x640 13 persons, 5 cars, 6 motorcycles, 1 truck, 2 clocks, 133.5ms
Speed: 1.5ms preprocess, 133.5ms inference, 4.2ms postprocess per image at shape (1, 3, 480, 640)

0: 480x640 11 persons, 3 cars, 6 motorcycles, 1 truck, 2 clocks, 125.7ms
Speed: 1.5ms preprocess, 125.7ms inference, 3.5ms postprocess per image at shape (1, 3, 480, 640)

0: 480x640 11 persons, 3 cars, 6 motorcycles, 1 truck, 2 clocks, 149.0ms
Speed: 1.8ms preprocess, 149.0ms inference, 4.2ms postprocess per image at shape (1, 3, 480, 640)

0: 480x640 11 persons, 4 cars, 7 motorcycles, 1 truck, 2 clocks, 148.1ms
Speed: 2.1ms preprocess, 148.1ms inference, 3.8ms postprocess per image at shape (1, 3, 480, 640)

0: 480x640 11 persons, 5 cars, 6 motorcycles, 1 truck, 2 clocks, 129.2ms
Speed: 3.4ms preprocess, 129.2ms inference, 3.8ms postprocess per image at shape (1, 3, 480, 640)

0: 480x640 11 persons, 6 cars, 6 motorcycles, 2 trucks, 2 clocks, 128.9ms
Speed: 1.9ms preprocess, 128.9ms inference, 3.9ms postprocess per image at shape (1, 3, 480, 640)

0: 480x640 10 persons, 5 cars, 7 motorcycles, 2 trucks, 2 clocks, 123.8ms
Speed: 2.2ms preprocess, 123.8ms inference, 4.8ms postprocess per image at shape (1, 3, 480, 640)

0: 480x640 11 persons, 6 cars, 7 motorcycles, 1 truck, 2 clocks, 124.7ms
Speed: 1.6ms preprocess, 124.7ms inference, 4.3ms postprocess per image at shape (1, 3, 480, 640)

0: 480x640 9 persons, 6 cars, 6 motorcycles, 1 truck, 2 clocks, 125.0ms
Speed: 1.8ms preprocess, 125.0ms inference, 4.5ms postprocess per image at shape (1, 3, 480, 640)

0: 480x640 10 persons, 5 cars, 6 motorcycles, 1 truck, 3 clocks, 124.5ms
Speed: 2.2ms preprocess, 124.5ms inference, 4.6ms postprocess per image at shape (1, 3, 480, 640)

0: 480x640 11 persons, 6 cars, 6 motorcycles, 1 truck, 2 clocks, 118.9ms
Speed: 1.8ms preprocess, 118.9ms inference, 4.4ms postprocess per image at shape (1, 3, 480, 640)

0: 480x640 8 persons, 5 cars, 5 motorcycles, 1 truck, 2 clocks, 120.6ms
Speed: 1.4ms preprocess, 120.6ms inference, 3.4ms postprocess per image at shape (1, 3, 480, 640)

0: 480x640 10 persons, 6 cars, 6 motorcycles, 2 trucks, 2 clocks, 121.6ms
Speed: 1.2ms preprocess, 121.6ms inference, 3.7ms postprocess per image at shape (1, 3, 480, 640)

0: 480x640 11 persons, 5 cars, 6 motorcycles, 1 truck, 2 clocks, 125.9ms
Speed: 1.3ms preprocess, 125.9ms inference, 3.3ms postprocess per image at shape (1, 3, 480, 640)

0: 480x640 9 persons, 3 cars, 5 motorcycles, 2 clocks, 120.4ms
Speed: 1.3ms preprocess, 120.4ms inference, 3.0ms postprocess per image at shape (1, 3, 480, 640)

0: 480x640 11 persons, 5 cars, 7 motorcycles, 2 clocks, 121.3ms
Speed: 1.3ms preprocess, 121.3ms inference, 3.5ms postprocess per image at shape (1, 3, 480, 640)

0: 480x640 9 persons, 6 cars, 3 motorcycles, 1 truck, 2 clocks, 129.5ms
Speed: 1.3ms preprocess, 129.5ms inference, 3.0ms postprocess per image at shape (1, 3, 480, 640)

0: 480x640 10 persons, 5 cars, 4 motorcycles, 1 truck, 2 clocks, 120.2ms
Speed: 1.3ms preprocess, 120.2ms inference, 3.9ms postprocess per image at shape (1, 3, 480, 640)

0: 480x640 8 persons, 4 cars, 7 motorcycles, 2 trucks, 2 clocks, 122.7ms
Speed: 1.6ms preprocess, 122.7ms inference, 3.5ms postprocess per image at shape (1, 3, 480, 640)

0: 480x640 8 persons, 4 cars, 6 motorcycles, 3 trucks, 2 clocks, 122.1ms
Speed: 1.2ms preprocess, 122.1ms inference, 4.0ms postprocess per image at shape (1, 3, 480, 640)

0: 480x640 8 persons, 4 cars, 5 motorcycles, 2 trucks, 2 clocks, 117.5ms
Speed: 1.4ms preprocess, 117.5ms inference, 3.5ms postprocess per image at shape (1, 3, 480, 640)

0: 480x640 8 persons, 4 cars, 5 motorcycles, 2 trucks, 1 clock, 120.1ms
Speed: 1.2ms preprocess, 120.1ms inference, 4.0ms postprocess per image at shape (1, 3, 480, 640)

0: 480x640 8 persons, 4 cars, 5 motorcycles, 2 trucks, 2 clocks, 125.1ms
Speed: 1.6ms preprocess, 125.1ms inference, 3.2ms postprocess per image at shape (1, 3, 480, 640)

0: 480x640 7 persons, 5 cars, 5 motorcycles, 3 trucks, 2 clocks, 121.3ms
Speed: 1.6ms preprocess, 121.3ms inference, 3.2ms postprocess per image at shape (1, 3, 480, 640)

0: 480x640 9 persons, 5 cars, 3 motorcycles, 3 trucks, 2 clocks, 122.4ms
Speed: 1.4ms preprocess, 122.4ms inference, 3.3ms postprocess per image at shape (1, 3, 480, 640)

0: 480x640 10 persons, 7 cars, 4 motorcycles, 2 trucks, 2 clocks, 123.5ms
Speed: 1.4ms preprocess, 123.5ms inference, 4.2ms postprocess per image at shape (1, 3, 480, 640)

0: 480x640 12 persons, 6 cars, 4 motorcycles, 2 trucks, 2 clocks, 119.7ms
Speed: 1.4ms preprocess, 119.7ms inference, 4.1ms postprocess per image at shape (1, 3, 480, 640)

0: 480x640 10 persons, 5 cars, 4 motorcycles, 1 truck, 1 clock, 118.4ms
Speed: 1.6ms preprocess, 118.4ms inference, 3.0ms postprocess per image at shape (1, 3, 480, 640)

0: 480x640 9 persons, 5 cars, 4 motorcycles, 2 trucks, 1 clock, 115.6ms
Speed: 1.6ms preprocess, 115.6ms inference, 4.1ms postprocess per image at shape (1, 3, 480, 640)

0: 480x640 7 persons, 4 cars, 3 motorcycles, 2 trucks, 2 clocks, 117.4ms
Speed: 1.4ms preprocess, 117.4ms inference, 2.8ms postprocess per image at shape (1, 3, 480, 640)

0: 480x640 8 persons, 5 cars, 3 motorcycles, 2 trucks, 2 clocks, 113.2ms
Speed: 1.4ms preprocess, 113.2ms inference, 3.3ms postprocess per image at shape (1, 3, 480, 640)

0: 480x640 7 persons, 4 cars, 3 motorcycles, 2 trucks, 2 clocks, 108.1ms
Speed: 1.5ms preprocess, 108.1ms inference, 3.4ms postprocess per image at shape (1, 3, 480, 640)

0: 480x640 8 persons, 5 cars, 2 motorcycles, 1 truck, 2 clocks, 109.8ms
Speed: 1.6ms preprocess, 109.8ms inference, 3.0ms postprocess per image at shape (1, 3, 480, 640)

0: 480x640 8 persons, 6 cars, 2 motorcycles, 1 truck, 2 clocks, 107.8ms
Speed: 1.9ms preprocess, 107.8ms inference, 3.5ms postprocess per image at shape (1, 3, 480, 640)

0: 480x640 9 persons, 7 cars, 3 motorcycles, 1 truck, 2 clocks, 107.0ms
Speed: 1.7ms preprocess, 107.0ms inference, 4.0ms postprocess per image at shape (1, 3, 480, 640)

0: 480x640 6 persons, 7 cars, 2 motorcycles, 1 truck, 2 clocks, 114.2ms
Speed: 2.0ms preprocess, 114.2ms inference, 3.4ms postprocess per image at shape (1, 3, 480, 640)

0: 480x640 6 persons, 6 cars, 2 motorcycles, 1 truck, 2 clocks, 111.0ms
Speed: 1.8ms preprocess, 111.0ms inference, 4.0ms postprocess per image at shape (1, 3, 480, 640)

0: 480x640 8 persons, 5 cars, 2 motorcycles, 1 truck, 2 clocks, 108.0ms
Speed: 1.5ms preprocess, 108.0ms inference, 2.8ms postprocess per image at shape (1, 3, 480, 640)

0: 480x640 7 persons, 5 cars, 2 motorcycles, 1 truck, 2 clocks, 110.6ms
Speed: 1.8ms preprocess, 110.6ms inference, 3.0ms postprocess per image at shape (1, 3, 480, 640)

0: 480x640 6 persons, 5 cars, 2 motorcycles, 1 truck, 2 clocks, 112.6ms
Speed: 1.8ms preprocess, 112.6ms inference, 3.2ms postprocess per image at shape (1, 3, 480, 640)

0: 480x640 8 persons, 5 cars, 1 motorcycle, 1 truck, 2 clocks, 112.5ms
Speed: 2.1ms preprocess, 112.5ms inference, 2.9ms postprocess per image at shape (1, 3, 480, 640)

0: 480x640 6 persons, 6 cars, 2 motorcycles, 3 trucks, 2 clocks, 109.2ms
Speed: 1.8ms preprocess, 109.2ms inference, 3.2ms postprocess per image at shape (1, 3, 480, 640)
Finished: trie_riding_2.mp4
