
0: 480x640 18 cars, 2 buss, 3 trucks, 60.8ms
Speed: 1.5ms preprocess, 60.8ms inference, 2.3ms postprocess per image at shape (1, 3, 480, 640)

0: 480x640 17 cars, 2 buss, 3 trucks, 55.3ms
Speed: 1.1ms preprocess, 55.3ms inference, 2.0ms postprocess per image at shape (1, 3, 480, 640)

0: 480x640 17 cars, 2 buss, 3 trucks, 54.6ms
Speed: 1.2ms preprocess, 54.6ms inference, 2.0ms postprocess per image at shape (1, 3, 480, 640)

0: 480x640 17 cars, 2 buss, 3 trucks, 53.2ms
Speed: 0.9ms preprocess, 53.2ms inference, 2.1ms postprocess per image at shape (1, 3, 480, 640)

0: 480x640 17 cars, 2 buss, 3 trucks, 52.2ms
Speed: 1.0ms preprocess, 52.2ms inference, 2.0ms postprocess per image at shape (1, 3, 480, 640)

0: 480x640 19 cars, 2 buss, 3 trucks, 53.6ms
Speed: 1.0ms preprocess, 53.6ms inference, 2.1ms postprocess per image at shape (1, 3, 480, 640)

0: 480x640 22 cars, 2 buss, 3 trucks, 54.9ms
Speed: 1.0ms preprocess, 54.9ms inference, 2.2ms postprocess per image at shape (1, 3, 480, 640)

0: 480x640 22 cars, 1 bus, 3 trucks, 51.0ms
Speed: 1.2ms preprocess, 51.0ms inference, 2.2ms postprocess per image at shape (1, 3, 480, 640)

0: 480x640 21 cars, 1 bus, 3 trucks, 68.1ms
Speed: 3.8ms preprocess, 68.1ms inference, 2.3ms postprocess per image at shape (1, 3, 480, 640)

0: 480x640 22 cars, 1 bus, 3 trucks, 52.8ms
Speed: 1.1ms preprocess, 52.8ms inference, 2.3ms postprocess per image at shape (1, 3, 480, 640)

0: 480x640 21 cars, 1 bus, 3 trucks, 52.5ms
Speed: 1.0ms preprocess, 52.5ms inference, 2.3ms postprocess per image at shape (1, 3, 480, 640)

0: 480x640 22 cars, 1 bus, 3 trucks, 52.2ms
Speed: 1.0ms preprocess, 52.2ms inference, 2.2ms postprocess per image at shape (1, 3, 480, 640)

0: 480x640 22 cars, 1 bus, 3 trucks, 54.1ms
Speed: 1.2ms preprocess, 54.1ms inference, 2.3ms postprocess per image at shape (1, 3, 480, 640)

0: 480x640 23 cars, 1 bus, 2 trucks, 53.8ms
Speed: 1.1ms preprocess, 53.8ms inference, 2.4ms postprocess per image at shape (1, 3, 480, 640)

0: 480x640 22 cars, 1 bus, 2 trucks, 54.0ms
Speed: 1.1ms preprocess, 54.0ms inference, 2.2ms postprocess per image at shape (1, 3, 480, 640)

0: 480x640 22 cars, 1 bus, 2 trucks, 53.2ms
Speed: 1.0ms preprocess, 53.2ms inference, 2.3ms postprocess per image at shape (1, 3, 480, 640)

0: 480x640 22 cars, 2 buss, 2 trucks, 51.1ms
Speed: 1.0ms preprocess, 51.1ms inference, 2.2ms postprocess per image at shape (1, 3, 480, 640)

0: 480x640 21 cars, 2 buss, 3 trucks, 53.5ms
Speed: 1.0ms preprocess, 53.5ms inference, 2.3ms postprocess per image at shape (1, 3, 480, 640)

0: 480x640 20 cars, 2 buss, 1 truck, 53.3ms
Speed: 1.0ms preprocess, 53.3ms inference, 2.0ms postprocess per image at shape (1, 3, 480, 640)

0: 480x640 20 cars, 2 buss, 1 truck, 53.6ms
Speed: 1.0ms preprocess, 53.6ms inference, 2.0ms postprocess per image at shape (1, 3, 480, 640)

0: 480x640 22 cars, 2 buss, 1 truck, 55.5ms
Speed: 1.1ms preprocess, 55.5ms inference, 2.1ms postprocess per image at shape (1, 3, 480, 640)

0: 480x640 19 cars, 3 buss, 1 truck, 55.7ms
Speed: 1.2ms preprocess, 55.7ms inference, 2.0ms postprocess per image at shape (1, 3, 480, 640)

0: 480x640 21 cars, 3 buss, 1 truck, 64.6ms
Speed: 1.0ms preprocess, 64.6ms inference, 2.4ms postprocess per image at shape (1, 3, 480, 640)

0: 480x640 20 cars, 3 buss, 1 truck, 57.3ms
Speed: 1.4ms preprocess, 57.3ms inference, 2.1ms postprocess per image at shape (1, 3, 480, 640)

0: 480x640 23 cars, 3 buss, 2 trucks, 56.2ms
Speed: 1.2ms preprocess, 56.2ms inference, 2.4ms postprocess per image at shape (1, 3, 480, 640)

0: 480x640 17 cars, 2 buss, 2 trucks, 57.4ms
Speed: 0.9ms preprocess, 57.4ms inference, 1.9ms postprocess per image at shape (1, 3, 480, 640)

0: 480x640 17 cars, 3 buss, 1 truck, 58.9ms
Speed: 1.1ms preprocess, 58.9ms inference, 2.0ms postprocess per image at shape (1, 3, 480, 640)

0: 480x640 20 cars, 1 bus, 1 truck, 55.5ms
Speed: 1.1ms preprocess, 55.5ms inference, 2.0ms postprocess per image at shape (1, 3, 480, 640)

0: 480x640 20 cars, 2 buss, 1 truck, 56.1ms
Speed: 1.1ms preprocess, 56.1ms inference, 2.0ms postprocess per image at shape (1, 3, 480, 640)

0: 480x640 20 cars, 1 bus, 2 trucks, 55.2ms
Speed: 1.1ms preprocess, 55.2ms inference, 2.2ms postprocess per image at shape (1, 3, 480, 640)

0: 480x640 22 cars, 1 bus, 2 trucks, 54.6ms
Speed: 1.0ms preprocess, 54.6ms inference, 2.2ms postprocess per image at shape (1, 3, 480, 640)

0: 480x640 23 cars, 1 bus, 2 trucks, 80.3ms
Speed: 1.1ms preprocess, 80.3ms inference, 2.3ms postprocess per image at shape (1, 3, 480, 640)

0: 480x640 23 cars, 1 bus, 2 trucks, 54.9ms
Speed: 1.1ms preprocess, 54.9ms inference, 2.2ms postprocess per image at shape (1, 3, 480, 640)

0: 480x640 22 cars, 2 buss, 2 trucks, 56.6ms
Speed: 1.0ms preprocess, 56.6ms inference, 2.5ms postprocess per image at shape (1, 3, 480, 640)

0: 480x640 22 cars, 1 bus, 2 trucks, 56.8ms
Speed: 1.0ms preprocess, 56.8ms inference, 2.5ms postprocess per image at shape (1, 3, 480, 640)

0: 480x640 20 cars, 1 bus, 2 trucks, 57.5ms
Speed: 1.2ms preprocess, 57.5ms inference, 2.2ms postprocess per image at shape (1, 3, 480, 640)

0: 480x640 21 cars, 1 bus, 2 trucks, 57.0ms
Speed: 1.0ms preprocess, 57.0ms inference, 2.4ms postprocess per image at shape (1, 3, 480, 640)

0: 480x640 20 cars, 1 bus, 2 trucks, 56.9ms
Speed: 1.1ms preprocess, 56.9ms inference, 2.2ms postprocess per image at shape (1, 3, 480, 640)

0: 480x640 1 person, 22 cars, 1 bus, 2 trucks, 56.6ms
Speed: 1.1ms preprocess, 56.6ms inference, 2.1ms postprocess per image at shape (1, 3, 480, 640)

0: 480x640 18 cars, 1 bus, 2 trucks, 58.6ms
Speed: 1.0ms preprocess, 58.6ms inference, 2.1ms postprocess per image at shape (1, 3, 480, 640)

0: 480x640 1 person, 21 cars, 1 bus, 2 trucks, 58.7ms
Speed: 1.1ms preprocess, 58.7ms inference, 2.2ms postprocess per image at shape (1, 3, 480, 640)

0: 480x640 20 cars, 1 bus, 2 trucks, 55.8ms
Speed: 1.0ms preprocess, 55.8ms inference, 2.1ms postprocess per image at shape (1, 3, 480, 640)

0: 480x640 19 cars, 1 bus, 1 truck, 55.4ms
Speed: 1.0ms preprocess, 55.4ms inference, 1.9ms postprocess per image at shape (1, 3, 480, 640)

0: 480x640 19 cars, 1 bus, 2 trucks, 55.4ms
Speed: 1.0ms preprocess, 55.4ms inference, 2.0ms postprocess per image at shape (1, 3, 480, 640)

0: 480x640 21 cars, 1 bus, 2 trucks, 59.2ms
Speed: 1.0ms preprocess, 59.2ms inference, 2.2ms postprocess per image at shape (1, 3, 480, 640)

0: 480x640 20 cars, 2 buss, 2 trucks, 58.9ms
Speed: 1.1ms preprocess, 58.9ms inference, 2.1ms postprocess per image at shape (1, 3, 480, 640)

0: 480x640 19 cars, 2 buss, 3 trucks, 61.6ms
Speed: 1.2ms preprocess, 61.6ms inference, 2.2ms postprocess per image at shape (1, 3, 480, 640)

0: 480x640 18 cars, 1 bus, 1 truck, 59.7ms
Speed: 1.2ms preprocess, 59.7ms inference, 1.9ms postprocess per image at shape (1, 3, 480, 640)

0: 480x640 19 cars, 1 bus, 3 trucks, 61.3ms
Speed: 1.1ms preprocess, 61.3ms inference, 2.2ms postprocess per image at shape (1, 3, 480, 640)

0: 480x640 17 cars, 2 buss, 2 trucks, 58.3ms
Speed: 1.1ms preprocess, 58.3ms inference, 1.9ms postprocess per image at shape (1, 3, 480, 640)

0: 480x640 17 cars, 2 buss, 2 trucks, 57.5ms
Speed: 1.1ms preprocess, 57.5ms inference, 1.9ms postprocess per image at shape (1, 3, 480, 640)

0: 480x640 18 cars, 1 bus, 2 trucks, 56.8ms
Speed: 1.0ms preprocess, 56.8ms inference, 1.9ms postprocess per image at shape (1, 3, 480, 640)

0: 480x640 18 cars, 1 bus, 2 trucks, 58.3ms
Speed: 1.1ms preprocess, 58.3ms inference, 2.0ms postprocess per image at shape (1, 3, 480, 640)

0: 480x640 19 cars, 1 bus, 3 trucks, 57.9ms
Speed: 1.0ms preprocess, 57.9ms inference, 2.1ms postprocess per image at shape (1, 3, 480, 640)

0: 480x640 19 cars, 1 bus, 2 trucks, 63.3ms
Speed: 1.0ms preprocess, 63.3ms inference, 1.9ms postprocess per image at shape (1, 3, 480, 640)

0: 480x640 20 cars, 1 bus, 1 truck, 80.5ms
Speed: 5.5ms preprocess, 80.5ms inference, 2.0ms postprocess per image at shape (1, 3, 480, 640)

0: 480x640 20 cars, 2 buss, 1 truck, 58.9ms
Speed: 1.1ms preprocess, 58.9ms inference, 2.1ms postprocess per image at shape (1, 3, 480, 640)
