
0: 480x640 4 cars, 2 traffic lights, 357.8ms
Speed: 9.7ms preprocess, 357.8ms inference, 15.7ms postprocess per image at shape (1, 3, 480, 640)

0: 480x640 5 cars, 2 traffic lights, 487.8ms
Speed: 4.1ms preprocess, 487.8ms inference, 21.4ms postprocess per image at shape (1, 3, 480, 640)

0: 480x640 4 cars, 2 traffic lights, 248.3ms
Speed: 5.4ms preprocess, 248.3ms inference, 3.1ms postprocess per image at shape (1, 3, 480, 640)

0: 480x640 4 cars, 2 traffic lights, 213.3ms
Speed: 2.9ms preprocess, 213.3ms inference, 5.0ms postprocess per image at shape (1, 3, 480, 640)

0: 480x640 5 cars, 2 traffic lights, 193.2ms
Speed: 4.2ms preprocess, 193.2ms inference, 3.6ms postprocess per image at shape (1, 3, 480, 640)

0: 480x640 4 cars, 2 traffic lights, 178.6ms
Speed: 2.8ms preprocess, 178.6ms inference, 4.3ms postprocess per image at shape (1, 3, 480, 640)

0: 480x640 4 cars, 2 traffic lights, 171.8ms
Speed: 2.4ms preprocess, 171.8ms inference, 2.7ms postprocess per image at shape (1, 3, 480, 640)

0: 480x640 4 cars, 2 traffic lights, 171.5ms
Speed: 2.6ms preprocess, 171.5ms inference, 4.7ms postprocess per image at shape (1, 3, 480, 640)

0: 480x640 5 cars, 1 motorcycle, 1 traffic light, 173.3ms
Speed: 3.1ms preprocess, 173.3ms inference, 4.9ms postprocess per image at shape (1, 3, 480, 640)

0: 480x640 4 cars, 1 traffic light, 163.1ms
Speed: 2.3ms preprocess, 163.1ms inference, 3.4ms postprocess per image at shape (1, 3, 480, 640)

0: 480x640 4 cars, 1 traffic light, 179.9ms
Speed: 2.5ms preprocess, 179.9ms inference, 2.4ms postprocess per image at shape (1, 3, 480, 640)

0: 480x640 4 cars, 1 traffic light, 167.1ms
Speed: 3.2ms preprocess, 167.1ms inference, 2.4ms postprocess per image at shape (1, 3, 480, 640)

0: 480x640 4 cars, 1 motorcycle, 1 traffic light, 171.3ms
Speed: 2.5ms preprocess, 171.3ms inference, 4.8ms postprocess per image at shape (1, 3, 480, 640)

0: 480x640 1 person, 4 cars, 1 traffic light, 168.3ms
Speed: 3.2ms preprocess, 168.3ms inference, 2.1ms postprocess per image at shape (1, 3, 480, 640)

0: 480x640 4 cars, 1 traffic light, 162.2ms
Speed: 2.6ms preprocess, 162.2ms inference, 1.9ms postprocess per image at shape (1, 3, 480, 640)

0: 480x640 4 cars, 1 traffic light, 172.0ms
Speed: 3.3ms preprocess, 172.0ms inference, 1.7ms postprocess per image at shape (1, 3, 480, 640)

0: 480x640 5 cars, 1 traffic light, 178.6ms
Speed: 3.4ms preprocess, 178.6ms inference, 1.9ms postprocess per image at shape (1, 3, 480, 640)

0: 480x640 4 cars, 1 traffic light, 183.2ms
Speed: 3.4ms preprocess, 183.2ms inference, 1.8ms postprocess per image at shape (1, 3, 480, 640)

0: 480x640 5 cars, 1 traffic light, 176.8ms
Speed: 2.6ms preprocess, 176.8ms inference, 2.1ms postprocess per image at shape (1, 3, 480, 640)

0: 480x640 6 cars, 1 traffic light, 174.1ms
Speed: 4.5ms preprocess, 174.1ms inference, 1.9ms postprocess per image at shape (1, 3, 480, 640)

0: 480x640 5 cars, 1 traffic light, 172.1ms
Speed: 4.6ms preprocess, 172.1ms inference, 2.0ms postprocess per image at shape (1, 3, 480, 640)

0: 480x640 5 cars, 1 traffic light, 177.0ms
Speed: 4.6ms preprocess, 177.0ms inference, 2.2ms postprocess per image at shape (1, 3, 480, 640)

0: 480x640 5 cars, 1 traffic light, 190.4ms
Speed: 2.6ms preprocess, 190.4ms inference, 2.7ms postprocess per image at shape (1, 3, 480, 640)

0: 480x640 4 cars, 2 traffic lights, 173.8ms
Speed: 3.0ms preprocess, 173.8ms inference, 1.9ms postprocess per image at shape (1, 3, 480, 640)

0: 480x640 7 cars, 2 traffic lights, 173.1ms
Speed: 2.9ms preprocess, 173.1ms inference, 2.7ms postprocess per image at shape (1, 3, 480, 640)

0: 480x640 6 cars, 1 traffic light, 171.4ms
Speed: 2.8ms preprocess, 171.4ms inference, 2.4ms postprocess per image at shape (1, 3, 480, 640)

0: 480x640 6 cars, 1 traffic light, 178.4ms
Speed: 3.0ms preprocess, 178.4ms inference, 2.0ms postprocess per image at shape (1, 3, 480, 640)

0: 480x640 6 cars, 1 traffic light, 169.9ms
Speed: 3.9ms preprocess, 169.9ms inference, 3.9ms postprocess per image at shape (1, 3, 480, 640)

0: 480x640 7 cars, 2 traffic lights, 174.7ms
Speed: 3.5ms preprocess, 174.7ms inference, 2.4ms postprocess per image at shape (1, 3, 480, 640)

0: 480x640 7 cars, 2 traffic lights, 185.2ms
Speed: 3.8ms preprocess, 185.2ms inference, 2.7ms postprocess per image at shape (1, 3, 480, 640)

0: 480x640 1 person, 6 cars, 2 traffic lights, 172.2ms
Speed: 4.0ms preprocess, 172.2ms inference, 2.8ms postprocess per image at shape (1, 3, 480, 640)

0: 480x640 1 person, 5 cars, 2 traffic lights, 178.4ms
Speed: 2.0ms preprocess, 178.4ms inference, 2.9ms postprocess per image at shape (1, 3, 480, 640)

0: 480x640 5 cars, 2 traffic lights, 190.1ms
Speed: 3.4ms preprocess, 190.1ms inference, 2.9ms postprocess per image at shape (1, 3, 480, 640)

0: 480x640 1 person, 5 cars, 1 traffic light, 178.4ms
Speed: 2.2ms preprocess, 178.4ms inference, 2.3ms postprocess per image at shape (1, 3, 480, 640)

0: 480x640 1 person, 6 cars, 1 traffic light, 176.8ms
Speed: 2.8ms preprocess, 176.8ms inference, 2.5ms postprocess per image at shape (1, 3, 480, 640)

0: 480x640 1 person, 6 cars, 2 traffic lights, 177.1ms
Speed: 3.2ms preprocess, 177.1ms inference, 2.2ms postprocess per image at shape (1, 3, 480, 640)

0: 480x640 4 cars, 2 traffic lights, 178.3ms
Speed: 2.2ms preprocess, 178.3ms inference, 3.8ms postprocess per image at shape (1, 3, 480, 640)

0: 480x640 1 person, 4 cars, 2 traffic lights, 172.8ms
Speed: 2.8ms preprocess, 172.8ms inference, 4.6ms postprocess per image at shape (1, 3, 480, 640)

0: 480x640 3 persons, 4 cars, 2 traffic lights, 180.3ms
Speed: 2.7ms preprocess, 180.3ms inference, 3.1ms postprocess per image at shape (1, 3, 480, 640)

0: 480x640 1 person, 4 cars, 2 traffic lights, 183.3ms
Speed: 2.0ms preprocess, 183.3ms inference, 2.2ms postprocess per image at shape (1, 3, 480, 640)

0: 480x640 1 person, 4 cars, 1 traffic light, 185.7ms
Speed: 2.6ms preprocess, 185.7ms inference, 2.2ms postprocess per image at shape (1, 3, 480, 640)

0: 480x640 1 person, 4 cars, 2 traffic lights, 180.6ms
Speed: 3.8ms preprocess, 180.6ms inference, 2.5ms postprocess per image at shape (1, 3, 480, 640)

0: 480x640 1 person, 4 cars, 1 traffic light, 183.2ms
Speed: 4.3ms preprocess, 183.2ms inference, 1.9ms postprocess per image at shape (1, 3, 480, 640)

0: 480x640 1 person, 5 cars, 1 traffic light, 173.2ms
Speed: 2.8ms preprocess, 173.2ms inference, 2.7ms postprocess per image at shape (1, 3, 480, 640)

0: 480x640 5 cars, 1 traffic light, 179.2ms
Speed: 2.5ms preprocess, 179.2ms inference, 2.9ms postprocess per image at shape (1, 3, 480, 640)

0: 480x640 3 cars, 1 traffic light, 190.3ms
Speed: 1.8ms preprocess, 190.3ms inference, 2.8ms postprocess per image at shape (1, 3, 480, 640)

0: 480x640 1 person, 3 cars, 1 bus, 1 traffic light, 185.5ms
Speed: 2.2ms preprocess, 185.5ms inference, 3.0ms postprocess per image at shape (1, 3, 480, 640)

0: 480x640 4 cars, 1 truck, 1 traffic light, 186.4ms
Speed: 2.8ms preprocess, 186.4ms inference, 2.2ms postprocess per image at shape (1, 3, 480, 640)

0: 480x640 4 cars, 1 bus, 1 traffic light, 182.4ms
Speed: 2.7ms preprocess, 182.4ms inference, 2.2ms postprocess per image at shape (1, 3, 480, 640)

0: 480x640 4 cars, 1 truck, 1 traffic light, 200.2ms
Speed: 2.0ms preprocess, 200.2ms inference, 2.3ms postprocess per image at shape (1, 3, 480, 640)

0: 480x640 4 cars, 1 truck, 1 traffic light, 178.5ms
Speed: 2.8ms preprocess, 178.5ms inference, 2.0ms postprocess per image at shape (1, 3, 480, 640)

0: 480x640 4 cars, 1 truck, 1 traffic light, 181.8ms
Speed: 5.3ms preprocess, 181.8ms inference, 2.4ms postprocess per image at shape (1, 3, 480, 640)

0: 480x640 4 cars, 1 truck, 1 traffic light, 187.4ms
Speed: 5.3ms preprocess, 187.4ms inference, 2.5ms postprocess per image at shape (1, 3, 480, 640)

0: 480x640 3 cars, 1 truck, 1 traffic light, 197.8ms
Speed: 2.7ms preprocess, 197.8ms inference, 1.9ms postprocess per image at shape (1, 3, 480, 640)

0: 480x640 3 cars, 1 truck, 1 traffic light, 178.7ms
Speed: 2.9ms preprocess, 178.7ms inference, 1.9ms postprocess per image at shape (1, 3, 480, 640)

0: 480x640 3 cars, 1 train, 1 traffic light, 182.5ms
Speed: 2.9ms preprocess, 182.5ms inference, 2.2ms postprocess per image at shape (1, 3, 480, 640)

0: 480x640 4 cars, 1 traffic light, 176.0ms
Speed: 3.5ms preprocess, 176.0ms inference, 1.8ms postprocess per image at shape (1, 3, 480, 640)

0: 480x640 3 cars, 1 train, 1 traffic light, 163.3ms
Speed: 2.5ms preprocess, 163.3ms inference, 1.6ms postprocess per image at shape (1, 3, 480, 640)

0: 480x640 5 cars, 1 truck, 1 traffic light, 174.0ms
Speed: 3.6ms preprocess, 174.0ms inference, 2.1ms postprocess per image at shape (1, 3, 480, 640)

0: 480x640 3 cars, 1 train, 1 traffic light, 176.7ms
Speed: 3.4ms preprocess, 176.7ms inference, 2.4ms postprocess per image at shape (1, 3, 480, 640)

0: 480x640 3 cars, 1 bus, 1 train, 1 traffic light, 177.3ms
Speed: 2.7ms preprocess, 177.3ms inference, 2.3ms postprocess per image at shape (1, 3, 480, 640)

0: 480x640 3 cars, 1 bus, 1 train, 1 traffic light, 177.4ms
Speed: 3.6ms preprocess, 177.4ms inference, 2.7ms postprocess per image at shape (1, 3, 480, 640)

0: 480x640 2 cars, 1 truck, 1 traffic light, 177.2ms
Speed: 2.4ms preprocess, 177.2ms inference, 2.1ms postprocess per image at shape (1, 3, 480, 640)

0: 480x640 1 car, 1 train, 1 traffic light, 170.9ms
Speed: 2.3ms preprocess, 170.9ms inference, 1.6ms postprocess per image at shape (1, 3, 480, 640)

0: 480x640 1 car, 1 bus, 1 train, 1 truck, 1 traffic light, 170.1ms
Speed: 2.1ms preprocess, 170.1ms inference, 2.5ms postprocess per image at shape (1, 3, 480, 640)

0: 480x640 1 car, 1 train, 1 traffic light, 1 clock, 184.6ms
Speed: 2.1ms preprocess, 184.6ms inference, 2.9ms postprocess per image at shape (1, 3, 480, 640)

0: 480x640 2 cars, 1 traffic light, 1 clock, 175.7ms
Speed: 3.3ms preprocess, 175.7ms inference, 1.9ms postprocess per image at shape (1, 3, 480, 640)

0: 480x640 1 car, 1 traffic light, 1 clock, 158.8ms
Speed: 3.3ms preprocess, 158.8ms inference, 1.9ms postprocess per image at shape (1, 3, 480, 640)

0: 480x640 1 car, 1 traffic light, 1 clock, 181.7ms
Speed: 2.8ms preprocess, 181.7ms inference, 1.6ms postprocess per image at shape (1, 3, 480, 640)

0: 480x640 1 car, 1 traffic light, 210.8ms
Speed: 5.3ms preprocess, 210.8ms inference, 2.2ms postprocess per image at shape (1, 3, 480, 640)

0: 480x640 1 car, 1 bus, 1 traffic light, 286.2ms
Speed: 3.0ms preprocess, 286.2ms inference, 2.2ms postprocess per image at shape (1, 3, 480, 640)

0: 480x640 1 car, 1 bus, 1 traffic light, 185.5ms
Speed: 4.9ms preprocess, 185.5ms inference, 2.0ms postprocess per image at shape (1, 3, 480, 640)

0: 480x640 1 car, 1 bus, 1 train, 1 truck, 1 traffic light, 182.0ms
Speed: 2.7ms preprocess, 182.0ms inference, 1.6ms postprocess per image at shape (1, 3, 480, 640)

0: 480x640 2 cars, 1 bus, 1 train, 1 traffic light, 184.4ms
Speed: 2.4ms preprocess, 184.4ms inference, 2.6ms postprocess per image at shape (1, 3, 480, 640)

0: 480x640 2 cars, 1 bus, 1 traffic light, 193.3ms
Speed: 2.4ms preprocess, 193.3ms inference, 1.7ms postprocess per image at shape (1, 3, 480, 640)

0: 480x640 1 car, 1 bus, 1 train, 1 traffic light, 177.9ms
Speed: 3.9ms preprocess, 177.9ms inference, 1.5ms postprocess per image at shape (1, 3, 480, 640)

0: 480x640 1 car, 1 bus, 1 train, 1 traffic light, 172.1ms
Speed: 2.4ms preprocess, 172.1ms inference, 2.4ms postprocess per image at shape (1, 3, 480, 640)

0: 480x640 1 car, 1 bus, 2 trains, 1 traffic light, 178.6ms
Speed: 5.4ms preprocess, 178.6ms inference, 2.9ms postprocess per image at shape (1, 3, 480, 640)

0: 480x640 2 cars, 1 train, 1 traffic light, 1 clock, 180.8ms
Speed: 2.6ms preprocess, 180.8ms inference, 2.1ms postprocess per image at shape (1, 3, 480, 640)

0: 480x640 4 cars, 1 traffic light, 179.3ms
Speed: 4.1ms preprocess, 179.3ms inference, 2.4ms postprocess per image at shape (1, 3, 480, 640)

0: 480x640 1 car, 1 traffic light, 185.6ms
Speed: 2.1ms preprocess, 185.6ms inference, 1.7ms postprocess per image at shape (1, 3, 480, 640)

0: 480x640 1 car, 1 traffic light, 179.0ms
Speed: 2.4ms preprocess, 179.0ms inference, 2.0ms postprocess per image at shape (1, 3, 480, 640)

0: 480x640 1 car, 1 traffic light, 278.6ms
Speed: 41.0ms preprocess, 278.6ms inference, 2.4ms postprocess per image at shape (1, 3, 480, 640)

0: 480x640 1 car, 1 truck, 1 traffic light, 186.7ms
Speed: 5.5ms preprocess, 186.7ms inference, 2.6ms postprocess per image at shape (1, 3, 480, 640)

0: 480x640 1 car, 2 buss, 1 traffic light, 178.5ms
Speed: 2.6ms preprocess, 178.5ms inference, 2.2ms postprocess per image at shape (1, 3, 480, 640)

0: 480x640 1 person, 1 car, 1 bus, 1 traffic light, 195.6ms
Speed: 2.1ms preprocess, 195.6ms inference, 1.7ms postprocess per image at shape (1, 3, 480, 640)

0: 480x640 2 cars, 2 buss, 1 traffic light, 180.6ms
Speed: 4.3ms preprocess, 180.6ms inference, 1.9ms postprocess per image at shape (1, 3, 480, 640)

0: 480x640 4 cars, 1 bus, 1 traffic light, 175.2ms
Speed: 2.6ms preprocess, 175.2ms inference, 1.9ms postprocess per image at shape (1, 3, 480, 640)

0: 480x640 3 cars, 2 buss, 1 traffic light, 188.2ms
Speed: 2.4ms preprocess, 188.2ms inference, 2.2ms postprocess per image at shape (1, 3, 480, 640)

0: 480x640 4 cars, 1 bus, 1 traffic light, 192.2ms
Speed: 2.8ms preprocess, 192.2ms inference, 1.8ms postprocess per image at shape (1, 3, 480, 640)

0: 480x640 3 cars, 1 traffic light, 185.9ms
Speed: 2.1ms preprocess, 185.9ms inference, 2.2ms postprocess per image at shape (1, 3, 480, 640)

0: 480x640 4 cars, 1 traffic light, 181.2ms
Speed: 3.0ms preprocess, 181.2ms inference, 2.5ms postprocess per image at shape (1, 3, 480, 640)

0: 480x640 5 cars, 1 bus, 1 traffic light, 194.4ms
Speed: 2.0ms preprocess, 194.4ms inference, 2.7ms postprocess per image at shape (1, 3, 480, 640)

0: 480x640 5 cars, 1 truck, 1 traffic light, 206.3ms
Speed: 3.7ms preprocess, 206.3ms inference, 2.3ms postprocess per image at shape (1, 3, 480, 640)

0: 480x640 5 cars, 2 trucks, 1 traffic light, 190.0ms
Speed: 2.7ms preprocess, 190.0ms inference, 2.7ms postprocess per image at shape (1, 3, 480, 640)

0: 480x640 5 cars, 1 bus, 1 traffic light, 195.5ms
Speed: 5.2ms preprocess, 195.5ms inference, 1.8ms postprocess per image at shape (1, 3, 480, 640)

0: 480x640 2 cars, 2 buss, 1 truck, 1 traffic light, 181.1ms
Speed: 2.5ms preprocess, 181.1ms inference, 3.8ms postprocess per image at shape (1, 3, 480, 640)

0: 480x640 4 cars, 1 bus, 1 truck, 1 traffic light, 193.0ms
Speed: 2.2ms preprocess, 193.0ms inference, 1.9ms postprocess per image at shape (1, 3, 480, 640)

0: 480x640 5 cars, 2 buss, 1 traffic light, 199.7ms
Speed: 4.6ms preprocess, 199.7ms inference, 2.0ms postprocess per image at shape (1, 3, 480, 640)

0: 480x640 5 cars, 1 bus, 1 truck, 1 traffic light, 174.2ms
Speed: 5.8ms preprocess, 174.2ms inference, 1.8ms postprocess per image at shape (1, 3, 480, 640)

0: 480x640 6 cars, 1 bus, 1 traffic light, 178.8ms
Speed: 1.8ms preprocess, 178.8ms inference, 3.6ms postprocess per image at shape (1, 3, 480, 640)

0: 480x640 6 cars, 1 truck, 1 traffic light, 189.8ms
Speed: 2.8ms preprocess, 189.8ms inference, 1.9ms postprocess per image at shape (1, 3, 480, 640)

0: 480x640 1 person, 4 cars, 2 buss, 1 traffic light, 173.8ms
Speed: 5.0ms preprocess, 173.8ms inference, 2.9ms postprocess per image at shape (1, 3, 480, 640)

0: 480x640 1 person, 3 cars, 1 bus, 1 traffic light, 179.2ms
Speed: 2.9ms preprocess, 179.2ms inference, 1.9ms postprocess per image at shape (1, 3, 480, 640)

0: 480x640 3 cars, 1 bus, 1 truck, 1 traffic light, 170.9ms
Speed: 3.6ms preprocess, 170.9ms inference, 2.7ms postprocess per image at shape (1, 3, 480, 640)

0: 480x640 2 cars, 1 bus, 1 truck, 1 traffic light, 180.0ms
Speed: 5.4ms preprocess, 180.0ms inference, 1.9ms postprocess per image at shape (1, 3, 480, 640)

0: 480x640 3 cars, 1 bus, 1 truck, 1 traffic light, 176.9ms
Speed: 5.1ms preprocess, 176.9ms inference, 1.8ms postprocess per image at shape (1, 3, 480, 640)

0: 480x640 3 cars, 1 bus, 1 truck, 1 traffic light, 185.1ms
Speed: 2.3ms preprocess, 185.1ms inference, 1.8ms postprocess per image at shape (1, 3, 480, 640)

0: 480x640 3 cars, 2 buss, 1 traffic light, 179.5ms
Speed: 3.4ms preprocess, 179.5ms inference, 1.7ms postprocess per image at shape (1, 3, 480, 640)

0: 480x640 3 cars, 1 train, 1 traffic light, 180.1ms
Speed: 4.7ms preprocess, 180.1ms inference, 1.5ms postprocess per image at shape (1, 3, 480, 640)

0: 480x640 3 cars, 1 traffic light, 190.3ms
Speed: 5.8ms preprocess, 190.3ms inference, 2.0ms postprocess per image at shape (1, 3, 480, 640)

0: 480x640 3 cars, 2 buss, 1 truck, 1 traffic light, 178.5ms
Speed: 2.7ms preprocess, 178.5ms inference, 1.8ms postprocess per image at shape (1, 3, 480, 640)

0: 480x640 3 cars, 1 bus, 1 traffic light, 168.8ms
Speed: 3.4ms preprocess, 168.8ms inference, 2.0ms postprocess per image at shape (1, 3, 480, 640)

0: 480x640 2 cars, 2 buss, 1 traffic light, 189.5ms
Speed: 4.2ms preprocess, 189.5ms inference, 1.8ms postprocess per image at shape (1, 3, 480, 640)

0: 480x640 2 cars, 1 bus, 1 traffic light, 177.8ms
Speed: 4.4ms preprocess, 177.8ms inference, 1.9ms postprocess per image at shape (1, 3, 480, 640)

0: 480x640 2 cars, 2 buss, 1 traffic light, 185.8ms
Speed: 3.7ms preprocess, 185.8ms inference, 2.2ms postprocess per image at shape (1, 3, 480, 640)

0: 480x640 2 cars, 3 buss, 1 traffic light, 181.9ms
Speed: 4.6ms preprocess, 181.9ms inference, 2.3ms postprocess per image at shape (1, 3, 480, 640)

0: 480x640 3 cars, 3 buss, 1 traffic light, 180.2ms
Speed: 3.0ms preprocess, 180.2ms inference, 2.4ms postprocess per image at shape (1, 3, 480, 640)

0: 480x640 2 cars, 1 bus, 2 traffic lights, 169.0ms
Speed: 4.5ms preprocess, 169.0ms inference, 1.7ms postprocess per image at shape (1, 3, 480, 640)

0: 480x640 2 cars, 2 buss, 2 traffic lights, 201.0ms
Speed: 5.3ms preprocess, 201.0ms inference, 2.2ms postprocess per image at shape (1, 3, 480, 640)

0: 480x640 2 cars, 2 buss, 1 train, 1 traffic light, 177.9ms
Speed: 2.6ms preprocess, 177.9ms inference, 2.7ms postprocess per image at shape (1, 3, 480, 640)

0: 480x640 3 cars, 3 buss, 1 traffic light, 175.1ms
Speed: 4.6ms preprocess, 175.1ms inference, 2.2ms postprocess per image at shape (1, 3, 480, 640)

0: 480x640 2 cars, 1 bus, 1 traffic light, 176.5ms
Speed: 3.8ms preprocess, 176.5ms inference, 2.3ms postprocess per image at shape (1, 3, 480, 640)

0: 480x640 3 cars, 3 buss, 1 traffic light, 177.4ms
Speed: 4.1ms preprocess, 177.4ms inference, 2.7ms postprocess per image at shape (1, 3, 480, 640)

0: 480x640 2 cars, 2 trains, 1 truck, 1 traffic light, 176.3ms
Speed: 5.3ms preprocess, 176.3ms inference, 1.7ms postprocess per image at shape (1, 3, 480, 640)

0: 480x640 2 cars, 1 bus, 1 train, 1 traffic light, 186.5ms
Speed: 4.1ms preprocess, 186.5ms inference, 1.7ms postprocess per image at shape (1, 3, 480, 640)

0: 480x640 3 cars, 1 bus, 1 train, 1 traffic light, 180.7ms
Speed: 5.1ms preprocess, 180.7ms inference, 1.8ms postprocess per image at shape (1, 3, 480, 640)

0: 480x640 2 cars, 1 bus, 1 train, 1 traffic light, 178.2ms
Speed: 2.5ms preprocess, 178.2ms inference, 1.7ms postprocess per image at shape (1, 3, 480, 640)

0: 480x640 2 cars, 1 bus, 1 traffic light, 1 clock, 176.5ms
Speed: 4.5ms preprocess, 176.5ms inference, 2.6ms postprocess per image at shape (1, 3, 480, 640)

0: 480x640 2 cars, 1 bus, 1 traffic light, 190.0ms
Speed: 2.3ms preprocess, 190.0ms inference, 2.1ms postprocess per image at shape (1, 3, 480, 640)

0: 480x640 2 cars, 1 bus, 1 traffic light, 179.7ms
Speed: 3.9ms preprocess, 179.7ms inference, 2.4ms postprocess per image at shape (1, 3, 480, 640)

0: 480x640 2 cars, 1 bus, 1 train, 1 traffic light, 179.3ms
Speed: 2.9ms preprocess, 179.3ms inference, 1.6ms postprocess per image at shape (1, 3, 480, 640)

0: 480x640 2 cars, 1 train, 1 traffic light, 179.7ms
Speed: 3.2ms preprocess, 179.7ms inference, 2.0ms postprocess per image at shape (1, 3, 480, 640)

0: 480x640 2 cars, 1 bus, 1 truck, 1 traffic light, 175.1ms
Speed: 5.1ms preprocess, 175.1ms inference, 2.1ms postprocess per image at shape (1, 3, 480, 640)

0: 480x640 2 cars, 2 buss, 2 trucks, 1 traffic light, 167.2ms
Speed: 3.6ms preprocess, 167.2ms inference, 3.0ms postprocess per image at shape (1, 3, 480, 640)

0: 480x640 2 cars, 2 buss, 1 traffic light, 193.0ms
Speed: 2.0ms preprocess, 193.0ms inference, 2.8ms postprocess per image at shape (1, 3, 480, 640)

0: 480x640 3 cars, 2 buss, 2 traffic lights, 182.1ms
Speed: 2.0ms preprocess, 182.1ms inference, 2.8ms postprocess per image at shape (1, 3, 480, 640)

0: 480x640 3 cars, 2 buss, 1 truck, 2 traffic lights, 180.8ms
Speed: 2.9ms preprocess, 180.8ms inference, 2.1ms postprocess per image at shape (1, 3, 480, 640)

0: 480x640 3 cars, 1 bus, 1 traffic light, 167.3ms
Speed: 4.1ms preprocess, 167.3ms inference, 2.2ms postprocess per image at shape (1, 3, 480, 640)

0: 480x640 3 cars, 1 bus, 1 traffic light, 176.1ms
Speed: 1.9ms preprocess, 176.1ms inference, 2.6ms postprocess per image at shape (1, 3, 480, 640)

0: 480x640 2 cars, 1 bus, 1 traffic light, 190.3ms
Speed: 2.1ms preprocess, 190.3ms inference, 2.9ms postprocess per image at shape (1, 3, 480, 640)

0: 480x640 3 cars, 1 train, 1 truck, 1 traffic light, 180.0ms
Speed: 2.0ms preprocess, 180.0ms inference, 2.6ms postprocess per image at shape (1, 3, 480, 640)

0: 480x640 4 cars, 1 bus, 1 truck, 1 traffic light, 187.4ms
Speed: 2.1ms preprocess, 187.4ms inference, 3.6ms postprocess per image at shape (1, 3, 480, 640)

0: 480x640 5 cars, 1 truck, 1 traffic light, 180.5ms
Speed: 4.6ms preprocess, 180.5ms inference, 2.4ms postprocess per image at shape (1, 3, 480, 640)

0: 480x640 8 cars, 1 bus, 1 truck, 1 traffic light, 175.9ms
Speed: 3.7ms preprocess, 175.9ms inference, 3.5ms postprocess per image at shape (1, 3, 480, 640)

0: 480x640 7 cars, 1 truck, 1 traffic light, 188.5ms
Speed: 2.4ms preprocess, 188.5ms inference, 3.2ms postprocess per image at shape (1, 3, 480, 640)

0: 480x640 10 cars, 1 bus, 1 truck, 1 traffic light, 177.0ms
Speed: 4.0ms preprocess, 177.0ms inference, 4.1ms postprocess per image at shape (1, 3, 480, 640)

0: 480x640 7 cars, 2 buss, 1 truck, 1 traffic light, 188.8ms
Speed: 2.5ms preprocess, 188.8ms inference, 3.3ms postprocess per image at shape (1, 3, 480, 640)

0: 480x640 6 cars, 1 bus, 1 train, 1 traffic light, 182.2ms
Speed: 3.1ms preprocess, 182.2ms inference, 3.2ms postprocess per image at shape (1, 3, 480, 640)

0: 480x640 5 cars, 2 buss, 1 train, 1 traffic light, 183.1ms
Speed: 3.8ms preprocess, 183.1ms inference, 3.3ms postprocess per image at shape (1, 3, 480, 640)

0: 480x640 5 cars, 3 buss, 1 train, 1 traffic light, 182.3ms
Speed: 3.4ms preprocess, 182.3ms inference, 3.2ms postprocess per image at shape (1, 3, 480, 640)

0: 480x640 5 cars, 2 buss, 1 train, 1 traffic light, 187.5ms
Speed: 3.1ms preprocess, 187.5ms inference, 2.5ms postprocess per image at shape (1, 3, 480, 640)

0: 480x640 4 cars, 1 bus, 1 train, 1 traffic light, 205.8ms
Speed: 2.2ms preprocess, 205.8ms inference, 3.2ms postprocess per image at shape (1, 3, 480, 640)

0: 480x640 5 cars, 1 bus, 1 train, 1 traffic light, 198.0ms
Speed: 2.1ms preprocess, 198.0ms inference, 3.4ms postprocess per image at shape (1, 3, 480, 640)

0: 480x640 4 cars, 2 buss, 1 train, 1 traffic light, 199.4ms
Speed: 2.6ms preprocess, 199.4ms inference, 3.9ms postprocess per image at shape (1, 3, 480, 640)

0: 480x640 4 cars, 3 buss, 1 train, 1 traffic light, 207.3ms
Speed: 2.1ms preprocess, 207.3ms inference, 3.2ms postprocess per image at shape (1, 3, 480, 640)

0: 480x640 3 cars, 3 buss, 1 train, 1 traffic light, 221.4ms
Speed: 6.9ms preprocess, 221.4ms inference, 2.7ms postprocess per image at shape (1, 3, 480, 640)

0: 480x640 5 cars, 2 buss, 1 train, 1 traffic light, 199.5ms
Speed: 2.5ms preprocess, 199.5ms inference, 3.9ms postprocess per image at shape (1, 3, 480, 640)

0: 480x640 5 cars, 1 bus, 1 train, 1 traffic light, 188.6ms
Speed: 3.5ms preprocess, 188.6ms inference, 2.5ms postprocess per image at shape (1, 3, 480, 640)

0: 480x640 5 cars, 1 bus, 1 train, 1 traffic light, 215.5ms
Speed: 5.9ms preprocess, 215.5ms inference, 2.9ms postprocess per image at shape (1, 3, 480, 640)

0: 480x640 4 cars, 1 bus, 1 traffic light, 196.1ms
Speed: 4.7ms preprocess, 196.1ms inference, 2.4ms postprocess per image at shape (1, 3, 480, 640)

0: 480x640 4 cars, 1 bus, 1 traffic light, 177.3ms
Speed: 3.9ms preprocess, 177.3ms inference, 2.8ms postprocess per image at shape (1, 3, 480, 640)

0: 480x640 3 cars, 1 bus, 1 train, 1 traffic light, 176.4ms
Speed: 5.9ms preprocess, 176.4ms inference, 2.2ms postprocess per image at shape (1, 3, 480, 640)

0: 480x640 3 cars, 1 bus, 1 traffic light, 214.6ms
Speed: 5.4ms preprocess, 214.6ms inference, 2.1ms postprocess per image at shape (1, 3, 480, 640)

0: 480x640 3 cars, 1 bus, 1 train, 1 traffic light, 176.7ms
Speed: 3.9ms preprocess, 176.7ms inference, 2.6ms postprocess per image at shape (1, 3, 480, 640)

0: 480x640 3 cars, 2 buss, 1 truck, 1 traffic light, 238.9ms
Speed: 5.0ms preprocess, 238.9ms inference, 2.6ms postprocess per image at shape (1, 3, 480, 640)

0: 480x640 3 cars, 1 bus, 1 train, 1 traffic light, 190.9ms
Speed: 4.3ms preprocess, 190.9ms inference, 1.9ms postprocess per image at shape (1, 3, 480, 640)

0: 480x640 3 cars, 3 buss, 1 train, 1 traffic light, 192.5ms
Speed: 3.4ms preprocess, 192.5ms inference, 2.1ms postprocess per image at shape (1, 3, 480, 640)

0: 480x640 2 cars, 1 bus, 1 truck, 1 traffic light, 244.8ms
Speed: 3.1ms preprocess, 244.8ms inference, 3.8ms postprocess per image at shape (1, 3, 480, 640)

0: 480x640 2 cars, 2 buss, 1 traffic light, 222.2ms
Speed: 2.3ms preprocess, 222.2ms inference, 2.7ms postprocess per image at shape (1, 3, 480, 640)

0: 480x640 2 cars, 2 buss, 1 traffic light, 198.0ms
Speed: 3.2ms preprocess, 198.0ms inference, 2.6ms postprocess per image at shape (1, 3, 480, 640)

0: 480x640 1 car, 2 buss, 1 traffic light, 189.3ms
Speed: 3.0ms preprocess, 189.3ms inference, 2.5ms postprocess per image at shape (1, 3, 480, 640)

0: 480x640 2 cars, 1 bus, 1 truck, 1 traffic light, 246.5ms
Speed: 5.7ms preprocess, 246.5ms inference, 2.6ms postprocess per image at shape (1, 3, 480, 640)

0: 480x640 2 cars, 2 buss, 1 traffic light, 358.1ms
Speed: 7.5ms preprocess, 358.1ms inference, 4.5ms postprocess per image at shape (1, 3, 480, 640)

0: 480x640 1 person, 1 car, 1 bus, 1 truck, 1 traffic light, 303.5ms
Speed: 3.8ms preprocess, 303.5ms inference, 8.0ms postprocess per image at shape (1, 3, 480, 640)

0: 480x640 1 person, 2 cars, 2 buss, 1 traffic light, 271.5ms
Speed: 6.4ms preprocess, 271.5ms inference, 1.7ms postprocess per image at shape (1, 3, 480, 640)

0: 480x640 1 car, 1 bus, 1 truck, 1 traffic light, 210.5ms
Speed: 3.5ms preprocess, 210.5ms inference, 5.0ms postprocess per image at shape (1, 3, 480, 640)

0: 480x640 1 car, 2 buss, 1 train, 1 traffic light, 209.9ms
Speed: 2.8ms preprocess, 209.9ms inference, 1.9ms postprocess per image at shape (1, 3, 480, 640)

0: 480x640 1 car, 1 train, 1 truck, 1 traffic light, 190.6ms
Speed: 3.5ms preprocess, 190.6ms inference, 2.1ms postprocess per image at shape (1, 3, 480, 640)

0: 480x640 1 car, 2 trains, 1 traffic light, 194.9ms
Speed: 3.3ms preprocess, 194.9ms inference, 2.2ms postprocess per image at shape (1, 3, 480, 640)

0: 480x640 1 car, 2 buss, 1 train, 1 traffic light, 204.1ms
Speed: 4.0ms preprocess, 204.1ms inference, 2.6ms postprocess per image at shape (1, 3, 480, 640)

0: 480x640 1 car, 2 trains, 1 traffic light, 177.3ms
Speed: 3.7ms preprocess, 177.3ms inference, 1.6ms postprocess per image at shape (1, 3, 480, 640)

0: 480x640 1 car, 2 trains, 1 truck, 1 traffic light, 200.0ms
Speed: 2.3ms preprocess, 200.0ms inference, 2.3ms postprocess per image at shape (1, 3, 480, 640)

0: 480x640 1 car, 1 bus, 1 train, 1 truck, 1 traffic light, 196.6ms
Speed: 3.3ms preprocess, 196.6ms inference, 2.2ms postprocess per image at shape (1, 3, 480, 640)

0: 480x640 1 car, 1 train, 1 truck, 1 traffic light, 186.7ms
Speed: 2.6ms preprocess, 186.7ms inference, 2.2ms postprocess per image at shape (1, 3, 480, 640)

0: 480x640 1 person, 1 car, 1 bus, 1 train, 1 truck, 1 traffic light, 185.7ms
Speed: 3.9ms preprocess, 185.7ms inference, 2.7ms postprocess per image at shape (1, 3, 480, 640)

0: 480x640 2 cars, 1 bus, 1 train, 1 traffic light, 193.8ms
Speed: 2.6ms preprocess, 193.8ms inference, 2.8ms postprocess per image at shape (1, 3, 480, 640)

0: 480x640 3 cars, 1 train, 1 traffic light, 205.7ms
Speed: 3.1ms preprocess, 205.7ms inference, 2.8ms postprocess per image at shape (1, 3, 480, 640)

0: 480x640 3 cars, 1 train, 1 truck, 1 traffic light, 184.0ms
Speed: 3.3ms preprocess, 184.0ms inference, 2.8ms postprocess per image at shape (1, 3, 480, 640)

0: 480x640 2 cars, 1 train, 1 traffic light, 183.0ms
Speed: 2.9ms preprocess, 183.0ms inference, 3.0ms postprocess per image at shape (1, 3, 480, 640)

0: 480x640 1 person, 2 cars, 2 buss, 1 train, 1 traffic light, 177.4ms
Speed: 3.1ms preprocess, 177.4ms inference, 2.5ms postprocess per image at shape (1, 3, 480, 640)

0: 480x640 1 car, 2 buss, 2 trucks, 1 traffic light, 181.1ms
Speed: 3.0ms preprocess, 181.1ms inference, 2.8ms postprocess per image at shape (1, 3, 480, 640)

0: 480x640 1 car, 2 buss, 1 truck, 1 traffic light, 173.0ms
Speed: 3.3ms preprocess, 173.0ms inference, 3.0ms postprocess per image at shape (1, 3, 480, 640)

0: 480x640 3 cars, 2 buss, 1 traffic light, 184.5ms
Speed: 4.0ms preprocess, 184.5ms inference, 2.6ms postprocess per image at shape (1, 3, 480, 640)

0: 480x640 4 cars, 1 bus, 1 truck, 1 traffic light, 184.7ms
Speed: 2.7ms preprocess, 184.7ms inference, 2.9ms postprocess per image at shape (1, 3, 480, 640)

0: 480x640 1 person, 3 cars, 1 bus, 2 trucks, 1 traffic light, 190.5ms
Speed: 2.3ms preprocess, 190.5ms inference, 3.6ms postprocess per image at shape (1, 3, 480, 640)

0: 480x640 4 cars, 1 bus, 1 truck, 1 traffic light, 181.6ms
Speed: 2.3ms preprocess, 181.6ms inference, 3.3ms postprocess per image at shape (1, 3, 480, 640)

0: 480x640 3 cars, 1 bus, 2 trucks, 1 traffic light, 188.6ms
Speed: 2.4ms preprocess, 188.6ms inference, 3.1ms postprocess per image at shape (1, 3, 480, 640)

0: 480x640 3 cars, 1 bus, 1 truck, 1 traffic light, 199.0ms
Speed: 2.1ms preprocess, 199.0ms inference, 2.6ms postprocess per image at shape (1, 3, 480, 640)

0: 480x640 4 cars, 1 bus, 1 truck, 1 traffic light, 197.3ms
Speed: 1.8ms preprocess, 197.3ms inference, 3.5ms postprocess per image at shape (1, 3, 480, 640)

0: 480x640 4 cars, 1 bus, 1 truck, 1 traffic light, 180.4ms
Speed: 2.0ms preprocess, 180.4ms inference, 2.9ms postprocess per image at shape (1, 3, 480, 640)

0: 480x640 5 cars, 1 bus, 1 truck, 1 traffic light, 189.6ms
Speed: 2.2ms preprocess, 189.6ms inference, 3.6ms postprocess per image at shape (1, 3, 480, 640)

0: 480x640 5 cars, 1 bus, 1 truck, 1 traffic light, 210.6ms
Speed: 4.8ms preprocess, 210.6ms inference, 2.4ms postprocess per image at shape (1, 3, 480, 640)

0: 480x640 5 cars, 1 bus, 1 truck, 1 traffic light, 176.9ms
Speed: 3.5ms preprocess, 176.9ms inference, 2.5ms postprocess per image at shape (1, 3, 480, 640)

0: 480x640 5 cars, 1 bus, 1 truck, 1 traffic light, 166.0ms
Speed: 2.7ms preprocess, 166.0ms inference, 2.5ms postprocess per image at shape (1, 3, 480, 640)

0: 480x640 4 cars, 1 bus, 1 truck, 1 traffic light, 223.2ms
Speed: 2.4ms preprocess, 223.2ms inference, 2.5ms postprocess per image at shape (1, 3, 480, 640)

0: 480x640 4 cars, 1 bus, 2 trucks, 1 traffic light, 234.7ms
Speed: 3.6ms preprocess, 234.7ms inference, 4.6ms postprocess per image at shape (1, 3, 480, 640)

0: 480x640 4 cars, 1 bus, 2 trucks, 1 traffic light, 204.7ms
Speed: 4.8ms preprocess, 204.7ms inference, 3.8ms postprocess per image at shape (1, 3, 480, 640)

0: 480x640 3 cars, 1 bus, 1 truck, 1 traffic light, 160.8ms
Speed: 2.4ms preprocess, 160.8ms inference, 5.0ms postprocess per image at shape (1, 3, 480, 640)

0: 480x640 2 cars, 2 buss, 1 truck, 1 traffic light, 146.3ms
Speed: 2.2ms preprocess, 146.3ms inference, 2.7ms postprocess per image at shape (1, 3, 480, 640)

0: 480x640 2 cars, 1 truck, 1 traffic light, 145.1ms
Speed: 2.3ms preprocess, 145.1ms inference, 3.0ms postprocess per image at shape (1, 3, 480, 640)

0: 480x640 2 cars, 1 truck, 1 traffic light, 176.0ms
Speed: 2.4ms preprocess, 176.0ms inference, 1.8ms postprocess per image at shape (1, 3, 480, 640)

0: 480x640 3 cars, 1 truck, 2 traffic lights, 166.3ms
Speed: 2.3ms preprocess, 166.3ms inference, 2.6ms postprocess per image at shape (1, 3, 480, 640)

0: 480x640 3 cars, 1 truck, 2 traffic lights, 161.7ms
Speed: 5.9ms preprocess, 161.7ms inference, 2.9ms postprocess per image at shape (1, 3, 480, 640)

0: 480x640 2 cars, 1 bus, 1 truck, 2 traffic lights, 1 parking meter, 151.3ms
Speed: 3.8ms preprocess, 151.3ms inference, 3.1ms postprocess per image at shape (1, 3, 480, 640)

0: 480x640 3 cars, 1 truck, 2 traffic lights, 153.3ms
Speed: 3.3ms preprocess, 153.3ms inference, 3.8ms postprocess per image at shape (1, 3, 480, 640)

0: 480x640 3 cars, 1 truck, 2 traffic lights, 176.1ms
Speed: 2.1ms preprocess, 176.1ms inference, 2.4ms postprocess per image at shape (1, 3, 480, 640)

0: 480x640 4 cars, 1 truck, 2 traffic lights, 189.8ms
Speed: 3.2ms preprocess, 189.8ms inference, 2.8ms postprocess per image at shape (1, 3, 480, 640)

0: 480x640 4 cars, 2 traffic lights, 189.2ms
Speed: 5.3ms preprocess, 189.2ms inference, 2.4ms postprocess per image at shape (1, 3, 480, 640)

0: 480x640 4 cars, 2 traffic lights, 153.7ms
Speed: 4.2ms preprocess, 153.7ms inference, 1.8ms postprocess per image at shape (1, 3, 480, 640)

0: 480x640 5 cars, 1 truck, 2 traffic lights, 133.2ms
Speed: 2.0ms preprocess, 133.2ms inference, 2.3ms postprocess per image at shape (1, 3, 480, 640)

0: 480x640 5 cars, 1 truck, 2 traffic lights, 140.8ms
Speed: 2.5ms preprocess, 140.8ms inference, 2.5ms postprocess per image at shape (1, 3, 480, 640)

0: 480x640 4 cars, 1 truck, 2 traffic lights, 143.6ms
Speed: 3.9ms preprocess, 143.6ms inference, 1.9ms postprocess per image at shape (1, 3, 480, 640)

0: 480x640 4 cars, 1 bus, 1 truck, 1 traffic light, 131.8ms
Speed: 2.8ms preprocess, 131.8ms inference, 2.1ms postprocess per image at shape (1, 3, 480, 640)

0: 480x640 4 cars, 1 truck, 1 traffic light, 131.6ms
Speed: 2.4ms preprocess, 131.6ms inference, 2.1ms postprocess per image at shape (1, 3, 480, 640)

0: 480x640 3 cars, 1 truck, 1 traffic light, 143.5ms
Speed: 2.0ms preprocess, 143.5ms inference, 2.8ms postprocess per image at shape (1, 3, 480, 640)

0: 480x640 4 cars, 1 truck, 1 traffic light, 153.6ms
Speed: 2.2ms preprocess, 153.6ms inference, 3.5ms postprocess per image at shape (1, 3, 480, 640)

0: 480x640 5 cars, 1 truck, 1 traffic light, 164.7ms
Speed: 2.1ms preprocess, 164.7ms inference, 2.0ms postprocess per image at shape (1, 3, 480, 640)

0: 480x640 5 cars, 1 truck, 1 traffic light, 140.2ms
Speed: 3.2ms preprocess, 140.2ms inference, 2.6ms postprocess per image at shape (1, 3, 480, 640)

0: 480x640 5 cars, 1 truck, 1 traffic light, 141.9ms
Speed: 2.0ms preprocess, 141.9ms inference, 2.4ms postprocess per image at shape (1, 3, 480, 640)

0: 480x640 4 cars, 1 truck, 1 traffic light, 134.1ms
Speed: 1.7ms preprocess, 134.1ms inference, 2.5ms postprocess per image at shape (1, 3, 480, 640)

0: 480x640 4 cars, 1 truck, 1 traffic light, 135.7ms
Speed: 2.0ms preprocess, 135.7ms inference, 2.1ms postprocess per image at shape (1, 3, 480, 640)

0: 480x640 4 cars, 1 truck, 1 traffic light, 161.8ms
Speed: 3.5ms preprocess, 161.8ms inference, 2.6ms postprocess per image at shape (1, 3, 480, 640)

0: 480x640 7 cars, 1 bus, 1 truck, 1 traffic light, 170.5ms
Speed: 2.5ms preprocess, 170.5ms inference, 3.1ms postprocess per image at shape (1, 3, 480, 640)

0: 480x640 6 cars, 1 truck, 1 traffic light, 158.8ms
Speed: 2.7ms preprocess, 158.8ms inference, 2.4ms postprocess per image at shape (1, 3, 480, 640)

0: 480x640 5 cars, 1 traffic light, 162.6ms
Speed: 3.1ms preprocess, 162.6ms inference, 1.9ms postprocess per image at shape (1, 3, 480, 640)

0: 480x640 6 cars, 1 traffic light, 132.1ms
Speed: 2.9ms preprocess, 132.1ms inference, 2.2ms postprocess per image at shape (1, 3, 480, 640)

0: 480x640 7 cars, 1 traffic light, 140.0ms
Speed: 1.9ms preprocess, 140.0ms inference, 2.2ms postprocess per image at shape (1, 3, 480, 640)

0: 480x640 6 cars, 1 traffic light, 162.9ms
Speed: 1.7ms preprocess, 162.9ms inference, 2.8ms postprocess per image at shape (1, 3, 480, 640)

0: 480x640 5 cars, 1 truck, 1 traffic light, 165.1ms
Speed: 2.3ms preprocess, 165.1ms inference, 2.4ms postprocess per image at shape (1, 3, 480, 640)

0: 480x640 5 cars, 2 traffic lights, 216.8ms
Speed: 2.1ms preprocess, 216.8ms inference, 3.5ms postprocess per image at shape (1, 3, 480, 640)

0: 480x640 4 cars, 1 truck, 1 traffic light, 159.2ms
Speed: 2.0ms preprocess, 159.2ms inference, 1.8ms postprocess per image at shape (1, 3, 480, 640)

0: 480x640 5 cars, 1 traffic light, 176.2ms
Speed: 2.1ms preprocess, 176.2ms inference, 2.8ms postprocess per image at shape (1, 3, 480, 640)

0: 480x640 5 cars, 1 truck, 2 traffic lights, 146.5ms
Speed: 3.8ms preprocess, 146.5ms inference, 2.4ms postprocess per image at shape (1, 3, 480, 640)

0: 480x640 5 cars, 2 traffic lights, 140.2ms
Speed: 2.4ms preprocess, 140.2ms inference, 1.9ms postprocess per image at shape (1, 3, 480, 640)

0: 480x640 4 cars, 1 truck, 2 traffic lights, 148.1ms
Speed: 1.9ms preprocess, 148.1ms inference, 2.2ms postprocess per image at shape (1, 3, 480, 640)

0: 480x640 4 cars, 1 truck, 1 traffic light, 142.5ms
Speed: 3.2ms preprocess, 142.5ms inference, 2.0ms postprocess per image at shape (1, 3, 480, 640)

0: 480x640 3 cars, 1 truck, 1 traffic light, 141.1ms
Speed: 2.2ms preprocess, 141.1ms inference, 1.9ms postprocess per image at shape (1, 3, 480, 640)

0: 480x640 4 cars, 1 truck, 1 traffic light, 154.0ms
Speed: 2.4ms preprocess, 154.0ms inference, 2.4ms postprocess per image at shape (1, 3, 480, 640)

0: 480x640 3 cars, 2 trucks, 1 traffic light, 156.1ms
Speed: 5.7ms preprocess, 156.1ms inference, 1.7ms postprocess per image at shape (1, 3, 480, 640)

0: 480x640 3 cars, 2 trucks, 1 traffic light, 149.7ms
Speed: 3.3ms preprocess, 149.7ms inference, 2.4ms postprocess per image at shape (1, 3, 480, 640)

0: 480x640 3 cars, 2 trucks, 2 traffic lights, 136.7ms
Speed: 1.8ms preprocess, 136.7ms inference, 2.3ms postprocess per image at shape (1, 3, 480, 640)

0: 480x640 3 cars, 1 truck, 2 traffic lights, 142.5ms
Speed: 1.8ms preprocess, 142.5ms inference, 1.8ms postprocess per image at shape (1, 3, 480, 640)

0: 480x640 3 cars, 1 truck, 2 traffic lights, 128.0ms
Speed: 3.1ms preprocess, 128.0ms inference, 3.3ms postprocess per image at shape (1, 3, 480, 640)

0: 480x640 3 cars, 1 truck, 2 traffic lights, 141.3ms
Speed: 2.0ms preprocess, 141.3ms inference, 2.4ms postprocess per image at shape (1, 3, 480, 640)

0: 480x640 3 cars, 2 trucks, 2 traffic lights, 162.1ms
Speed: 1.8ms preprocess, 162.1ms inference, 2.0ms postprocess per image at shape (1, 3, 480, 640)

0: 480x640 3 cars, 1 truck, 1 traffic light, 144.2ms
Speed: 2.7ms preprocess, 144.2ms inference, 1.7ms postprocess per image at shape (1, 3, 480, 640)

0: 480x640 2 cars, 2 trucks, 1 traffic light, 146.9ms
Speed: 3.7ms preprocess, 146.9ms inference, 2.7ms postprocess per image at shape (1, 3, 480, 640)

0: 480x640 2 cars, 1 truck, 1 traffic light, 146.9ms
Speed: 1.8ms preprocess, 146.9ms inference, 1.9ms postprocess per image at shape (1, 3, 480, 640)

0: 480x640 3 cars, 1 truck, 1 traffic light, 155.6ms
Speed: 2.6ms preprocess, 155.6ms inference, 2.6ms postprocess per image at shape (1, 3, 480, 640)

0: 480x640 3 cars, 1 traffic light, 137.5ms
Speed: 3.0ms preprocess, 137.5ms inference, 1.5ms postprocess per image at shape (1, 3, 480, 640)

0: 480x640 3 cars, 1 truck, 1 traffic light, 129.8ms
Speed: 2.3ms preprocess, 129.8ms inference, 1.9ms postprocess per image at shape (1, 3, 480, 640)

0: 480x640 1 car, 2 buss, 2 trucks, 1 traffic light, 242.3ms
Speed: 2.7ms preprocess, 242.3ms inference, 1.9ms postprocess per image at shape (1, 3, 480, 640)

0: 480x640 2 cars, 1 bus, 1 truck, 1 traffic light, 145.9ms
Speed: 3.2ms preprocess, 145.9ms inference, 1.7ms postprocess per image at shape (1, 3, 480, 640)

0: 480x640 2 cars, 2 buss, 1 truck, 1 traffic light, 143.3ms
Speed: 3.6ms preprocess, 143.3ms inference, 3.5ms postprocess per image at shape (1, 3, 480, 640)

0: 480x640 1 car, 2 buss, 1 truck, 1 traffic light, 146.7ms
Speed: 2.2ms preprocess, 146.7ms inference, 1.9ms postprocess per image at shape (1, 3, 480, 640)

0: 480x640 4 cars, 2 buss, 1 traffic light, 144.0ms
Speed: 5.4ms preprocess, 144.0ms inference, 2.1ms postprocess per image at shape (1, 3, 480, 640)

0: 480x640 2 cars, 2 buss, 1 truck, 1 traffic light, 152.6ms
Speed: 4.1ms preprocess, 152.6ms inference, 2.7ms postprocess per image at shape (1, 3, 480, 640)

0: 480x640 2 cars, 2 buss, 1 truck, 1 traffic light, 139.8ms
Speed: 3.3ms preprocess, 139.8ms inference, 2.1ms postprocess per image at shape (1, 3, 480, 640)

0: 480x640 2 cars, 2 buss, 1 truck, 1 traffic light, 140.5ms
Speed: 1.8ms preprocess, 140.5ms inference, 2.6ms postprocess per image at shape (1, 3, 480, 640)

0: 480x640 4 cars, 1 bus, 3 trucks, 1 traffic light, 153.9ms
Speed: 4.0ms preprocess, 153.9ms inference, 2.6ms postprocess per image at shape (1, 3, 480, 640)

0: 480x640 5 cars, 1 bus, 3 trucks, 1 traffic light, 152.6ms
Speed: 2.2ms preprocess, 152.6ms inference, 3.1ms postprocess per image at shape (1, 3, 480, 640)

0: 480x640 3 cars, 1 bus, 1 truck, 1 traffic light, 143.3ms
Speed: 2.9ms preprocess, 143.3ms inference, 2.8ms postprocess per image at shape (1, 3, 480, 640)

0: 480x640 4 cars, 1 bus, 1 traffic light, 135.6ms
Speed: 1.9ms preprocess, 135.6ms inference, 2.6ms postprocess per image at shape (1, 3, 480, 640)

0: 480x640 5 cars, 1 bus, 2 trucks, 1 traffic light, 144.7ms
Speed: 2.3ms preprocess, 144.7ms inference, 2.7ms postprocess per image at shape (1, 3, 480, 640)

0: 480x640 3 cars, 1 bus, 1 traffic light, 149.7ms
Speed: 2.2ms preprocess, 149.7ms inference, 2.0ms postprocess per image at shape (1, 3, 480, 640)

0: 480x640 4 cars, 1 traffic light, 160.4ms
Speed: 2.7ms preprocess, 160.4ms inference, 2.3ms postprocess per image at shape (1, 3, 480, 640)

0: 480x640 3 cars, 1 bus, 1 traffic light, 141.9ms
Speed: 2.5ms preprocess, 141.9ms inference, 1.9ms postprocess per image at shape (1, 3, 480, 640)

0: 480x640 3 cars, 1 bus, 1 traffic light, 131.7ms
Speed: 2.0ms preprocess, 131.7ms inference, 1.6ms postprocess per image at shape (1, 3, 480, 640)

0: 480x640 4 cars, 1 bus, 1 traffic light, 145.3ms
Speed: 2.6ms preprocess, 145.3ms inference, 1.6ms postprocess per image at shape (1, 3, 480, 640)

0: 480x640 1 car, 1 traffic light, 130.1ms
Speed: 2.8ms preprocess, 130.1ms inference, 1.2ms postprocess per image at shape (1, 3, 480, 640)

0: 480x640 3 cars, 1 train, 1 traffic light, 142.0ms
Speed: 2.2ms preprocess, 142.0ms inference, 1.8ms postprocess per image at shape (1, 3, 480, 640)

0: 480x640 3 cars, 1 train, 1 traffic light, 131.8ms
Speed: 2.1ms preprocess, 131.8ms inference, 2.3ms postprocess per image at shape (1, 3, 480, 640)

0: 480x640 2 cars, 1 train, 1 traffic light, 135.3ms
Speed: 2.7ms preprocess, 135.3ms inference, 2.3ms postprocess per image at shape (1, 3, 480, 640)

0: 480x640 2 cars, 1 train, 1 traffic light, 136.8ms
Speed: 1.9ms preprocess, 136.8ms inference, 1.7ms postprocess per image at shape (1, 3, 480, 640)

0: 480x640 2 cars, 1 train, 1 traffic light, 155.9ms
Speed: 3.9ms preprocess, 155.9ms inference, 2.5ms postprocess per image at shape (1, 3, 480, 640)

0: 480x640 2 cars, 1 train, 1 traffic light, 159.4ms
Speed: 2.3ms preprocess, 159.4ms inference, 2.7ms postprocess per image at shape (1, 3, 480, 640)

0: 480x640 2 cars, 1 bus, 1 train, 1 traffic light, 140.5ms
Speed: 2.5ms preprocess, 140.5ms inference, 2.5ms postprocess per image at shape (1, 3, 480, 640)

0: 480x640 2 cars, 1 bus, 1 truck, 1 traffic light, 145.4ms
Speed: 3.7ms preprocess, 145.4ms inference, 1.5ms postprocess per image at shape (1, 3, 480, 640)

0: 480x640 2 cars, 1 bus, 1 traffic light, 151.4ms
Speed: 1.7ms preprocess, 151.4ms inference, 2.0ms postprocess per image at shape (1, 3, 480, 640)

0: 480x640 2 cars, 1 train, 1 traffic light, 153.3ms
Speed: 2.0ms preprocess, 153.3ms inference, 1.8ms postprocess per image at shape (1, 3, 480, 640)

0: 480x640 1 car, 2 trains, 1 traffic light, 145.6ms
Speed: 1.9ms preprocess, 145.6ms inference, 1.8ms postprocess per image at shape (1, 3, 480, 640)

0: 480x640 1 traffic light, 140.2ms
Speed: 2.9ms preprocess, 140.2ms inference, 1.2ms postprocess per image at shape (1, 3, 480, 640)

0: 480x640 1 car, 3 trains, 1 truck, 1 traffic light, 140.6ms
Speed: 3.2ms preprocess, 140.6ms inference, 2.0ms postprocess per image at shape (1, 3, 480, 640)

0: 480x640 2 cars, 2 trains, 1 traffic light, 133.1ms
Speed: 4.9ms preprocess, 133.1ms inference, 1.6ms postprocess per image at shape (1, 3, 480, 640)

0: 480x640 1 car, 2 trains, 1 traffic light, 136.4ms
Speed: 2.0ms preprocess, 136.4ms inference, 2.2ms postprocess per image at shape (1, 3, 480, 640)

0: 480x640 1 car, 2 trains, 1 traffic light, 144.9ms
Speed: 1.9ms preprocess, 144.9ms inference, 1.4ms postprocess per image at shape (1, 3, 480, 640)

0: 480x640 1 bus, 1 train, 1 traffic light, 140.4ms
Speed: 4.6ms preprocess, 140.4ms inference, 1.3ms postprocess per image at shape (1, 3, 480, 640)

0: 480x640 1 bus, 1 train, 1 traffic light, 130.4ms
Speed: 2.6ms preprocess, 130.4ms inference, 2.4ms postprocess per image at shape (1, 3, 480, 640)

0: 480x640 1 car, 3 buss, 2 trains, 1 traffic light, 136.8ms
Speed: 2.4ms preprocess, 136.8ms inference, 2.9ms postprocess per image at shape (1, 3, 480, 640)

0: 480x640 1 car, 3 buss, 1 train, 1 traffic light, 142.8ms
Speed: 2.0ms preprocess, 142.8ms inference, 2.5ms postprocess per image at shape (1, 3, 480, 640)

0: 480x640 2 cars, 2 buss, 1 train, 1 traffic light, 135.8ms
Speed: 2.8ms preprocess, 135.8ms inference, 2.6ms postprocess per image at shape (1, 3, 480, 640)

0: 480x640 1 car, 2 buss, 1 train, 1 traffic light, 141.6ms
Speed: 2.0ms preprocess, 141.6ms inference, 1.6ms postprocess per image at shape (1, 3, 480, 640)

0: 480x640 2 cars, 1 bus, 1 traffic light, 132.7ms
Speed: 2.8ms preprocess, 132.7ms inference, 2.4ms postprocess per image at shape (1, 3, 480, 640)

0: 480x640 3 cars, 1 traffic light, 147.8ms
Speed: 2.0ms preprocess, 147.8ms inference, 1.7ms postprocess per image at shape (1, 3, 480, 640)

0: 480x640 2 cars, 1 bus, 1 traffic light, 138.8ms
Speed: 1.9ms preprocess, 138.8ms inference, 1.5ms postprocess per image at shape (1, 3, 480, 640)

0: 480x640 2 cars, 2 buss, 1 traffic light, 137.3ms
Speed: 3.7ms preprocess, 137.3ms inference, 2.1ms postprocess per image at shape (1, 3, 480, 640)

0: 480x640 3 cars, 3 buss, 1 traffic light, 136.7ms
Speed: 1.8ms preprocess, 136.7ms inference, 2.4ms postprocess per image at shape (1, 3, 480, 640)

0: 480x640 4 cars, 3 buss, 1 traffic light, 134.4ms
Speed: 2.9ms preprocess, 134.4ms inference, 2.2ms postprocess per image at shape (1, 3, 480, 640)

0: 480x640 2 cars, 3 buss, 1 traffic light, 125.7ms
Speed: 1.9ms preprocess, 125.7ms inference, 2.3ms postprocess per image at shape (1, 3, 480, 640)

0: 480x640 2 cars, 3 buss, 1 traffic light, 136.3ms
Speed: 3.5ms preprocess, 136.3ms inference, 2.0ms postprocess per image at shape (1, 3, 480, 640)

0: 480x640 2 cars, 2 buss, 1 train, 1 traffic light, 153.8ms
Speed: 2.5ms preprocess, 153.8ms inference, 1.6ms postprocess per image at shape (1, 3, 480, 640)

0: 480x640 2 cars, 3 buss, 1 traffic light, 138.0ms
Speed: 1.9ms preprocess, 138.0ms inference, 1.7ms postprocess per image at shape (1, 3, 480, 640)

0: 480x640 2 cars, 2 buss, 1 traffic light, 153.6ms
Speed: 1.7ms preprocess, 153.6ms inference, 3.1ms postprocess per image at shape (1, 3, 480, 640)

0: 480x640 2 cars, 2 buss, 1 traffic light, 158.2ms
Speed: 2.6ms preprocess, 158.2ms inference, 2.5ms postprocess per image at shape (1, 3, 480, 640)

0: 480x640 3 cars, 2 buss, 1 traffic light, 155.2ms
Speed: 2.4ms preprocess, 155.2ms inference, 2.3ms postprocess per image at shape (1, 3, 480, 640)

0: 480x640 3 cars, 2 buss, 1 traffic light, 140.3ms
Speed: 2.0ms preprocess, 140.3ms inference, 2.2ms postprocess per image at shape (1, 3, 480, 640)

0: 480x640 3 cars, 2 buss, 1 traffic light, 147.3ms
Speed: 2.9ms preprocess, 147.3ms inference, 1.9ms postprocess per image at shape (1, 3, 480, 640)

0: 480x640 2 cars, 2 buss, 1 traffic light, 158.8ms
Speed: 2.5ms preprocess, 158.8ms inference, 2.0ms postprocess per image at shape (1, 3, 480, 640)

0: 480x640 3 cars, 1 bus, 1 traffic light, 147.9ms
Speed: 2.2ms preprocess, 147.9ms inference, 2.1ms postprocess per image at shape (1, 3, 480, 640)

0: 480x640 2 cars, 1 bus, 1 traffic light, 148.3ms
Speed: 1.8ms preprocess, 148.3ms inference, 2.2ms postprocess per image at shape (1, 3, 480, 640)

0: 480x640 2 cars, 2 buss, 1 traffic light, 155.4ms
Speed: 2.2ms preprocess, 155.4ms inference, 8.5ms postprocess per image at shape (1, 3, 480, 640)

0: 480x640 2 cars, 2 buss, 1 traffic light, 195.8ms
Speed: 3.0ms preprocess, 195.8ms inference, 2.8ms postprocess per image at shape (1, 3, 480, 640)

0: 480x640 2 cars, 2 buss, 1 traffic light, 153.7ms
Speed: 2.2ms preprocess, 153.7ms inference, 2.1ms postprocess per image at shape (1, 3, 480, 640)

0: 480x640 2 cars, 2 buss, 1 traffic light, 130.4ms
Speed: 2.6ms preprocess, 130.4ms inference, 1.9ms postprocess per image at shape (1, 3, 480, 640)

0: 480x640 2 cars, 1 bus, 1 traffic light, 139.8ms
Speed: 2.0ms preprocess, 139.8ms inference, 1.9ms postprocess per image at shape (1, 3, 480, 640)

0: 480x640 2 cars, 1 bus, 1 traffic light, 157.0ms
Speed: 2.0ms preprocess, 157.0ms inference, 1.7ms postprocess per image at shape (1, 3, 480, 640)

0: 480x640 2 cars, 1 bus, 1 traffic light, 186.0ms
Speed: 6.2ms preprocess, 186.0ms inference, 1.5ms postprocess per image at shape (1, 3, 480, 640)

0: 480x640 2 cars, 2 buss, 1 traffic light, 143.5ms
Speed: 2.2ms preprocess, 143.5ms inference, 1.8ms postprocess per image at shape (1, 3, 480, 640)

0: 480x640 2 cars, 2 buss, 1 traffic light, 146.4ms
Speed: 2.1ms preprocess, 146.4ms inference, 1.9ms postprocess per image at shape (1, 3, 480, 640)

0: 480x640 1 car, 1 bus, 1 traffic light, 145.9ms
Speed: 2.3ms preprocess, 145.9ms inference, 1.4ms postprocess per image at shape (1, 3, 480, 640)

0: 480x640 2 cars, 1 bus, 1 traffic light, 141.3ms
Speed: 2.3ms preprocess, 141.3ms inference, 1.5ms postprocess per image at shape (1, 3, 480, 640)

0: 480x640 2 cars, 1 bus, 1 traffic light, 143.3ms
Speed: 1.8ms preprocess, 143.3ms inference, 1.8ms postprocess per image at shape (1, 3, 480, 640)

0: 480x640 1 car, 1 bus, 1 traffic light, 142.7ms
Speed: 2.1ms preprocess, 142.7ms inference, 1.4ms postprocess per image at shape (1, 3, 480, 640)

0: 480x640 4 cars, 3 buss, 1 traffic light, 151.1ms
Speed: 3.0ms preprocess, 151.1ms inference, 2.7ms postprocess per image at shape (1, 3, 480, 640)

0: 480x640 4 cars, 2 buss, 1 traffic light, 143.1ms
Speed: 2.1ms preprocess, 143.1ms inference, 2.2ms postprocess per image at shape (1, 3, 480, 640)

0: 480x640 4 cars, 1 bus, 1 traffic light, 149.1ms
Speed: 2.9ms preprocess, 149.1ms inference, 2.4ms postprocess per image at shape (1, 3, 480, 640)

0: 480x640 4 cars, 3 buss, 1 traffic light, 158.2ms
Speed: 3.0ms preprocess, 158.2ms inference, 2.3ms postprocess per image at shape (1, 3, 480, 640)

0: 480x640 1 person, 5 cars, 2 buss, 1 traffic light, 154.7ms
Speed: 1.9ms preprocess, 154.7ms inference, 2.4ms postprocess per image at shape (1, 3, 480, 640)

0: 480x640 5 cars, 1 bus, 1 traffic light, 142.2ms
Speed: 2.2ms preprocess, 142.2ms inference, 2.2ms postprocess per image at shape (1, 3, 480, 640)

0: 480x640 4 cars, 1 bus, 1 traffic light, 152.5ms
Speed: 2.5ms preprocess, 152.5ms inference, 2.3ms postprocess per image at shape (1, 3, 480, 640)

0: 480x640 3 cars, 1 bus, 1 traffic light, 128.7ms
Speed: 3.5ms preprocess, 128.7ms inference, 2.4ms postprocess per image at shape (1, 3, 480, 640)

0: 480x640 3 cars, 1 bus, 1 traffic light, 133.4ms
Speed: 4.3ms preprocess, 133.4ms inference, 1.7ms postprocess per image at shape (1, 3, 480, 640)

0: 480x640 2 cars, 1 bus, 2 traffic lights, 149.4ms
Speed: 2.3ms preprocess, 149.4ms inference, 2.0ms postprocess per image at shape (1, 3, 480, 640)

0: 480x640 3 cars, 1 bus, 2 traffic lights, 183.4ms
Speed: 1.8ms preprocess, 183.4ms inference, 2.5ms postprocess per image at shape (1, 3, 480, 640)

0: 480x640 2 cars, 1 bus, 1 traffic light, 157.7ms
Speed: 3.9ms preprocess, 157.7ms inference, 2.1ms postprocess per image at shape (1, 3, 480, 640)

0: 480x640 2 cars, 1 bus, 1 traffic light, 143.0ms
Speed: 1.8ms preprocess, 143.0ms inference, 1.5ms postprocess per image at shape (1, 3, 480, 640)

0: 480x640 2 cars, 1 bus, 1 traffic light, 124.4ms
Speed: 2.8ms preprocess, 124.4ms inference, 1.4ms postprocess per image at shape (1, 3, 480, 640)

0: 480x640 2 cars, 1 bus, 2 traffic lights, 132.1ms
Speed: 2.3ms preprocess, 132.1ms inference, 1.8ms postprocess per image at shape (1, 3, 480, 640)

0: 480x640 2 cars, 1 bus, 2 traffic lights, 133.6ms
Speed: 1.8ms preprocess, 133.6ms inference, 2.3ms postprocess per image at shape (1, 3, 480, 640)

0: 480x640 2 cars, 1 bus, 2 traffic lights, 187.9ms
Speed: 4.4ms preprocess, 187.9ms inference, 2.7ms postprocess per image at shape (1, 3, 480, 640)

0: 480x640 3 cars, 1 bus, 1 traffic light, 187.7ms
Speed: 3.5ms preprocess, 187.7ms inference, 3.7ms postprocess per image at shape (1, 3, 480, 640)

0: 480x640 3 cars, 1 bus, 1 traffic light, 140.2ms
Speed: 2.3ms preprocess, 140.2ms inference, 2.8ms postprocess per image at shape (1, 3, 480, 640)

0: 480x640 4 cars, 1 bus, 2 traffic lights, 137.4ms
Speed: 2.2ms preprocess, 137.4ms inference, 2.8ms postprocess per image at shape (1, 3, 480, 640)

0: 480x640 3 cars, 1 bus, 2 traffic lights, 152.2ms
Speed: 1.9ms preprocess, 152.2ms inference, 2.4ms postprocess per image at shape (1, 3, 480, 640)

0: 480x640 3 cars, 1 bus, 2 traffic lights, 154.2ms
Speed: 1.9ms preprocess, 154.2ms inference, 2.8ms postprocess per image at shape (1, 3, 480, 640)

0: 480x640 3 cars, 2 buss, 1 traffic light, 150.4ms
Speed: 2.3ms preprocess, 150.4ms inference, 1.9ms postprocess per image at shape (1, 3, 480, 640)

0: 480x640 3 cars, 1 bus, 1 traffic light, 148.8ms
Speed: 3.1ms preprocess, 148.8ms inference, 1.8ms postprocess per image at shape (1, 3, 480, 640)

0: 480x640 2 cars, 1 bus, 2 traffic lights, 137.5ms
Speed: 3.1ms preprocess, 137.5ms inference, 2.1ms postprocess per image at shape (1, 3, 480, 640)

0: 480x640 2 cars, 1 bus, 2 traffic lights, 134.6ms
Speed: 4.5ms preprocess, 134.6ms inference, 1.9ms postprocess per image at shape (1, 3, 480, 640)

0: 480x640 3 cars, 1 bus, 2 traffic lights, 138.0ms
Speed: 2.7ms preprocess, 138.0ms inference, 2.2ms postprocess per image at shape (1, 3, 480, 640)

0: 480x640 2 cars, 1 bus, 2 traffic lights, 138.7ms
Speed: 3.4ms preprocess, 138.7ms inference, 2.7ms postprocess per image at shape (1, 3, 480, 640)

0: 480x640 3 cars, 2 traffic lights, 337.0ms
Speed: 3.2ms preprocess, 337.0ms inference, 20.4ms postprocess per image at shape (1, 3, 480, 640)

0: 480x640 2 cars, 1 traffic light, 252.3ms
Speed: 7.7ms preprocess, 252.3ms inference, 3.1ms postprocess per image at shape (1, 3, 480, 640)

0: 480x640 1 car, 1 traffic light, 260.4ms
Speed: 3.0ms preprocess, 260.4ms inference, 1.6ms postprocess per image at shape (1, 3, 480, 640)

0: 480x640 1 car, 1 traffic light, 261.0ms
Speed: 9.1ms preprocess, 261.0ms inference, 2.2ms postprocess per image at shape (1, 3, 480, 640)

0: 480x640 1 car, 1 traffic light, 252.3ms
Speed: 5.6ms preprocess, 252.3ms inference, 2.1ms postprocess per image at shape (1, 3, 480, 640)

0: 480x640 1 person, 1 car, 1 traffic light, 189.1ms
Speed: 6.2ms preprocess, 189.1ms inference, 1.6ms postprocess per image at shape (1, 3, 480, 640)

0: 480x640 1 car, 1 traffic light, 162.9ms
Speed: 2.5ms preprocess, 162.9ms inference, 2.1ms postprocess per image at shape (1, 3, 480, 640)

0: 480x640 1 person, 2 cars, 1 train, 1 traffic light, 141.0ms
Speed: 3.0ms preprocess, 141.0ms inference, 2.4ms postprocess per image at shape (1, 3, 480, 640)

0: 480x640 1 person, 2 cars, 1 traffic light, 169.1ms
Speed: 2.0ms preprocess, 169.1ms inference, 2.3ms postprocess per image at shape (1, 3, 480, 640)

0: 480x640 2 persons, 2 cars, 1 traffic light, 132.4ms
Speed: 2.5ms preprocess, 132.4ms inference, 2.6ms postprocess per image at shape (1, 3, 480, 640)

0: 480x640 2 cars, 1 train, 1 traffic light, 139.0ms
Speed: 2.4ms preprocess, 139.0ms inference, 1.8ms postprocess per image at shape (1, 3, 480, 640)

0: 480x640 1 car, 1 train, 1 traffic light, 128.3ms
Speed: 1.9ms preprocess, 128.3ms inference, 1.6ms postprocess per image at shape (1, 3, 480, 640)

0: 480x640 2 cars, 1 train, 1 traffic light, 131.4ms
Speed: 2.1ms preprocess, 131.4ms inference, 2.3ms postprocess per image at shape (1, 3, 480, 640)

0: 480x640 2 cars, 1 train, 1 traffic light, 126.3ms
Speed: 2.4ms preprocess, 126.3ms inference, 1.5ms postprocess per image at shape (1, 3, 480, 640)

0: 480x640 1 person, 2 cars, 1 train, 1 traffic light, 119.4ms
Speed: 2.0ms preprocess, 119.4ms inference, 2.2ms postprocess per image at shape (1, 3, 480, 640)

0: 480x640 2 cars, 1 train, 1 traffic light, 151.5ms
Speed: 1.9ms preprocess, 151.5ms inference, 1.9ms postprocess per image at shape (1, 3, 480, 640)

0: 480x640 4 cars, 1 traffic light, 161.4ms
Speed: 2.0ms preprocess, 161.4ms inference, 2.1ms postprocess per image at shape (1, 3, 480, 640)

0: 480x640 5 cars, 1 traffic light, 123.7ms
Speed: 2.8ms preprocess, 123.7ms inference, 1.7ms postprocess per image at shape (1, 3, 480, 640)

0: 480x640 4 cars, 2 buss, 1 traffic light, 120.4ms
Speed: 1.5ms preprocess, 120.4ms inference, 1.9ms postprocess per image at shape (1, 3, 480, 640)

0: 480x640 4 cars, 1 train, 1 traffic light, 117.0ms
Speed: 3.0ms preprocess, 117.0ms inference, 1.5ms postprocess per image at shape (1, 3, 480, 640)

0: 480x640 2 cars, 1 bus, 1 train, 1 traffic light, 131.3ms
Speed: 1.6ms preprocess, 131.3ms inference, 1.9ms postprocess per image at shape (1, 3, 480, 640)

0: 480x640 3 cars, 2 buss, 1 traffic light, 143.5ms
Speed: 2.9ms preprocess, 143.5ms inference, 2.5ms postprocess per image at shape (1, 3, 480, 640)

0: 480x640 3 cars, 2 buss, 1 traffic light, 124.7ms
Speed: 2.0ms preprocess, 124.7ms inference, 1.9ms postprocess per image at shape (1, 3, 480, 640)

0: 480x640 3 cars, 2 buss, 1 traffic light, 120.0ms
Speed: 1.7ms preprocess, 120.0ms inference, 1.9ms postprocess per image at shape (1, 3, 480, 640)

0: 480x640 1 person, 3 cars, 2 buss, 1 traffic light, 118.4ms
Speed: 2.0ms preprocess, 118.4ms inference, 1.7ms postprocess per image at shape (1, 3, 480, 640)

0: 480x640 1 person, 2 cars, 2 buss, 1 traffic light, 125.0ms
Speed: 2.9ms preprocess, 125.0ms inference, 2.0ms postprocess per image at shape (1, 3, 480, 640)

0: 480x640 4 cars, 1 bus, 1 traffic light, 135.7ms
Speed: 3.0ms preprocess, 135.7ms inference, 2.2ms postprocess per image at shape (1, 3, 480, 640)

0: 480x640 3 cars, 1 bus, 1 traffic light, 166.2ms
Speed: 3.6ms preprocess, 166.2ms inference, 2.3ms postprocess per image at shape (1, 3, 480, 640)

0: 480x640 2 cars, 1 bus, 1 traffic light, 145.5ms
Speed: 2.4ms preprocess, 145.5ms inference, 2.1ms postprocess per image at shape (1, 3, 480, 640)

0: 480x640 3 cars, 1 bus, 1 traffic light, 140.8ms
Speed: 2.4ms preprocess, 140.8ms inference, 1.9ms postprocess per image at shape (1, 3, 480, 640)

0: 480x640 2 cars, 1 bus, 1 traffic light, 121.2ms
Speed: 2.5ms preprocess, 121.2ms inference, 1.6ms postprocess per image at shape (1, 3, 480, 640)

0: 480x640 3 cars, 1 bus, 1 traffic light, 161.7ms
Speed: 2.9ms preprocess, 161.7ms inference, 2.8ms postprocess per image at shape (1, 3, 480, 640)

0: 480x640 3 cars, 1 bus, 1 traffic light, 190.8ms
Speed: 3.5ms preprocess, 190.8ms inference, 2.0ms postprocess per image at shape (1, 3, 480, 640)

0: 480x640 2 cars, 2 buss, 1 traffic light, 130.6ms
Speed: 2.4ms preprocess, 130.6ms inference, 1.8ms postprocess per image at shape (1, 3, 480, 640)

0: 480x640 2 cars, 1 bus, 1 traffic light, 122.7ms
Speed: 2.1ms preprocess, 122.7ms inference, 1.5ms postprocess per image at shape (1, 3, 480, 640)

0: 480x640 3 cars, 1 bus, 1 traffic light, 144.9ms
Speed: 3.1ms preprocess, 144.9ms inference, 2.2ms postprocess per image at shape (1, 3, 480, 640)

0: 480x640 3 cars, 1 bus, 1 traffic light, 110.9ms
Speed: 1.9ms preprocess, 110.9ms inference, 2.2ms postprocess per image at shape (1, 3, 480, 640)

0: 480x640 3 cars, 1 bus, 1 traffic light, 156.9ms
Speed: 2.5ms preprocess, 156.9ms inference, 2.2ms postprocess per image at shape (1, 3, 480, 640)

0: 480x640 3 cars, 1 bus, 1 traffic light, 186.0ms
Speed: 3.1ms preprocess, 186.0ms inference, 2.5ms postprocess per image at shape (1, 3, 480, 640)

0: 480x640 3 cars, 1 bus, 1 traffic light, 189.8ms
Speed: 3.3ms preprocess, 189.8ms inference, 2.6ms postprocess per image at shape (1, 3, 480, 640)

0: 480x640 3 cars, 1 bus, 1 traffic light, 254.4ms
Speed: 7.3ms preprocess, 254.4ms inference, 2.0ms postprocess per image at shape (1, 3, 480, 640)

0: 480x640 3 cars, 1 bus, 1 traffic light, 140.9ms
Speed: 2.2ms preprocess, 140.9ms inference, 2.1ms postprocess per image at shape (1, 3, 480, 640)

0: 480x640 4 cars, 2 buss, 1 traffic light, 175.4ms
Speed: 2.7ms preprocess, 175.4ms inference, 2.9ms postprocess per image at shape (1, 3, 480, 640)

0: 480x640 4 cars, 2 buss, 1 traffic light, 222.4ms
Speed: 2.9ms preprocess, 222.4ms inference, 2.9ms postprocess per image at shape (1, 3, 480, 640)

0: 480x640 4 cars, 1 bus, 1 traffic light, 139.8ms
Speed: 2.7ms preprocess, 139.8ms inference, 2.1ms postprocess per image at shape (1, 3, 480, 640)

0: 480x640 3 cars, 1 bus, 1 traffic light, 128.4ms
Speed: 2.4ms preprocess, 128.4ms inference, 1.5ms postprocess per image at shape (1, 3, 480, 640)

0: 480x640 2 cars, 1 bus, 1 traffic light, 154.5ms
Speed: 3.0ms preprocess, 154.5ms inference, 2.3ms postprocess per image at shape (1, 3, 480, 640)

0: 480x640 3 cars, 1 bus, 1 traffic light, 128.2ms
Speed: 2.5ms preprocess, 128.2ms inference, 1.8ms postprocess per image at shape (1, 3, 480, 640)

0: 480x640 2 cars, 1 bus, 2 traffic lights, 112.7ms
Speed: 1.8ms preprocess, 112.7ms inference, 2.0ms postprocess per image at shape (1, 3, 480, 640)

0: 480x640 2 cars, 1 bus, 2 traffic lights, 131.0ms
Speed: 1.8ms preprocess, 131.0ms inference, 3.0ms postprocess per image at shape (1, 3, 480, 640)

0: 480x640 2 cars, 2 buss, 1 traffic light, 138.2ms
Speed: 3.5ms preprocess, 138.2ms inference, 1.8ms postprocess per image at shape (1, 3, 480, 640)

0: 480x640 1 car, 1 bus, 1 traffic light, 123.9ms
Speed: 1.9ms preprocess, 123.9ms inference, 2.3ms postprocess per image at shape (1, 3, 480, 640)

0: 480x640 2 cars, 2 buss, 1 traffic light, 110.7ms
Speed: 2.0ms preprocess, 110.7ms inference, 2.2ms postprocess per image at shape (1, 3, 480, 640)

0: 480x640 2 cars, 1 bus, 1 traffic light, 114.8ms
Speed: 2.4ms preprocess, 114.8ms inference, 1.7ms postprocess per image at shape (1, 3, 480, 640)

0: 480x640 2 cars, 2 buss, 1 traffic light, 126.4ms
Speed: 1.7ms preprocess, 126.4ms inference, 2.4ms postprocess per image at shape (1, 3, 480, 640)

0: 480x640 3 cars, 2 buss, 1 traffic light, 149.9ms
Speed: 2.3ms preprocess, 149.9ms inference, 2.7ms postprocess per image at shape (1, 3, 480, 640)

0: 480x640 2 cars, 2 buss, 1 traffic light, 196.1ms
Speed: 3.4ms preprocess, 196.1ms inference, 2.2ms postprocess per image at shape (1, 3, 480, 640)

0: 480x640 2 cars, 1 bus, 1 traffic light, 118.4ms
Speed: 2.2ms preprocess, 118.4ms inference, 1.6ms postprocess per image at shape (1, 3, 480, 640)

0: 480x640 2 cars, 1 bus, 1 traffic light, 111.5ms
Speed: 1.7ms preprocess, 111.5ms inference, 1.5ms postprocess per image at shape (1, 3, 480, 640)

0: 480x640 2 cars, 1 bus, 1 traffic light, 173.5ms
Speed: 2.2ms preprocess, 173.5ms inference, 2.1ms postprocess per image at shape (1, 3, 480, 640)

0: 480x640 2 cars, 1 bus, 1 traffic light, 132.1ms
Speed: 2.1ms preprocess, 132.1ms inference, 1.7ms postprocess per image at shape (1, 3, 480, 640)

0: 480x640 2 cars, 2 buss, 1 traffic light, 120.7ms
Speed: 1.6ms preprocess, 120.7ms inference, 1.6ms postprocess per image at shape (1, 3, 480, 640)

0: 480x640 2 cars, 1 bus, 1 traffic light, 142.9ms
Speed: 2.2ms preprocess, 142.9ms inference, 2.9ms postprocess per image at shape (1, 3, 480, 640)

0: 480x640 2 cars, 1 bus, 1 traffic light, 122.3ms
Speed: 2.7ms preprocess, 122.3ms inference, 1.6ms postprocess per image at shape (1, 3, 480, 640)

0: 480x640 2 cars, 1 bus, 1 traffic light, 123.9ms
Speed: 1.8ms preprocess, 123.9ms inference, 1.9ms postprocess per image at shape (1, 3, 480, 640)

0: 480x640 2 cars, 1 bus, 1 traffic light, 114.9ms
Speed: 2.3ms preprocess, 114.9ms inference, 1.6ms postprocess per image at shape (1, 3, 480, 640)

0: 480x640 2 cars, 1 bus, 1 traffic light, 140.1ms
Speed: 2.1ms preprocess, 140.1ms inference, 1.6ms postprocess per image at shape (1, 3, 480, 640)

0: 480x640 2 cars, 1 bus, 1 traffic light, 128.7ms
Speed: 3.8ms preprocess, 128.7ms inference, 1.9ms postprocess per image at shape (1, 3, 480, 640)

0: 480x640 2 cars, 1 bus, 1 traffic light, 115.3ms
Speed: 1.8ms preprocess, 115.3ms inference, 1.5ms postprocess per image at shape (1, 3, 480, 640)

0: 480x640 2 cars, 1 bus, 1 traffic light, 160.4ms
Speed: 3.8ms preprocess, 160.4ms inference, 1.8ms postprocess per image at shape (1, 3, 480, 640)

0: 480x640 2 cars, 1 bus, 1 traffic light, 147.9ms
Speed: 2.2ms preprocess, 147.9ms inference, 2.8ms postprocess per image at shape (1, 3, 480, 640)

0: 480x640 4 cars, 1 bus, 1 traffic light, 136.7ms
Speed: 3.0ms preprocess, 136.7ms inference, 1.7ms postprocess per image at shape (1, 3, 480, 640)

0: 480x640 3 cars, 1 bus, 1 traffic light, 115.3ms
Speed: 1.8ms preprocess, 115.3ms inference, 3.1ms postprocess per image at shape (1, 3, 480, 640)

0: 480x640 3 cars, 1 bus, 1 traffic light, 105.8ms
Speed: 1.7ms preprocess, 105.8ms inference, 1.9ms postprocess per image at shape (1, 3, 480, 640)

0: 480x640 3 cars, 1 bus, 1 traffic light, 116.5ms
Speed: 1.6ms preprocess, 116.5ms inference, 1.8ms postprocess per image at shape (1, 3, 480, 640)

0: 480x640 3 cars, 1 bus, 1 traffic light, 178.5ms
Speed: 2.2ms preprocess, 178.5ms inference, 2.6ms postprocess per image at shape (1, 3, 480, 640)

0: 480x640 3 cars, 1 bus, 1 traffic light, 143.9ms
Speed: 2.9ms preprocess, 143.9ms inference, 2.5ms postprocess per image at shape (1, 3, 480, 640)

0: 480x640 3 cars, 1 bus, 1 traffic light, 115.2ms
Speed: 2.0ms preprocess, 115.2ms inference, 2.2ms postprocess per image at shape (1, 3, 480, 640)

0: 480x640 1 person, 3 cars, 1 bus, 1 traffic light, 120.3ms
Speed: 1.7ms preprocess, 120.3ms inference, 1.7ms postprocess per image at shape (1, 3, 480, 640)

0: 480x640 4 cars, 1 bus, 1 traffic light, 123.3ms
Speed: 1.7ms preprocess, 123.3ms inference, 2.5ms postprocess per image at shape (1, 3, 480, 640)

0: 480x640 1 person, 3 cars, 1 bus, 1 traffic light, 171.0ms
Speed: 4.5ms preprocess, 171.0ms inference, 2.2ms postprocess per image at shape (1, 3, 480, 640)

0: 480x640 1 person, 3 cars, 1 bus, 1 traffic light, 119.9ms
Speed: 1.8ms preprocess, 119.9ms inference, 2.0ms postprocess per image at shape (1, 3, 480, 640)

0: 480x640 1 person, 3 cars, 1 bus, 1 traffic light, 110.8ms
Speed: 2.4ms preprocess, 110.8ms inference, 1.7ms postprocess per image at shape (1, 3, 480, 640)

0: 480x640 3 cars, 1 bus, 1 traffic light, 119.4ms
Speed: 1.9ms preprocess, 119.4ms inference, 1.7ms postprocess per image at shape (1, 3, 480, 640)

0: 480x640 3 cars, 1 bus, 1 traffic light, 111.1ms
Speed: 1.8ms preprocess, 111.1ms inference, 2.1ms postprocess per image at shape (1, 3, 480, 640)

0: 480x640 4 cars, 1 bus, 1 traffic light, 115.2ms
Speed: 2.0ms preprocess, 115.2ms inference, 2.0ms postprocess per image at shape (1, 3, 480, 640)

0: 480x640 4 cars, 1 bus, 1 traffic light, 121.2ms
Speed: 2.0ms preprocess, 121.2ms inference, 2.0ms postprocess per image at shape (1, 3, 480, 640)

0: 480x640 4 cars, 1 bus, 1 traffic light, 134.0ms
Speed: 4.2ms preprocess, 134.0ms inference, 2.3ms postprocess per image at shape (1, 3, 480, 640)

0: 480x640 4 cars, 1 bus, 1 traffic light, 160.6ms
Speed: 1.8ms preprocess, 160.6ms inference, 4.3ms postprocess per image at shape (1, 3, 480, 640)

0: 480x640 4 cars, 1 bus, 1 traffic light, 426.3ms
Speed: 49.1ms preprocess, 426.3ms inference, 4.8ms postprocess per image at shape (1, 3, 480, 640)

0: 480x640 4 cars, 1 traffic light, 282.0ms
Speed: 3.8ms preprocess, 282.0ms inference, 2.2ms postprocess per image at shape (1, 3, 480, 640)

0: 480x640 4 cars, 1 traffic light, 153.5ms
Speed: 5.9ms preprocess, 153.5ms inference, 2.0ms postprocess per image at shape (1, 3, 480, 640)

0: 480x640 5 cars, 1 traffic light, 135.0ms
Speed: 2.0ms preprocess, 135.0ms inference, 2.4ms postprocess per image at shape (1, 3, 480, 640)

0: 480x640 4 cars, 1 traffic light, 145.3ms
Speed: 2.9ms preprocess, 145.3ms inference, 1.5ms postprocess per image at shape (1, 3, 480, 640)

0: 480x640 3 cars, 1 traffic light, 119.3ms
Speed: 1.7ms preprocess, 119.3ms inference, 1.6ms postprocess per image at shape (1, 3, 480, 640)

0: 480x640 2 cars, 1 traffic light, 125.7ms
Speed: 1.4ms preprocess, 125.7ms inference, 1.5ms postprocess per image at shape (1, 3, 480, 640)

0: 480x640 3 cars, 1 traffic light, 123.1ms
Speed: 1.7ms preprocess, 123.1ms inference, 2.1ms postprocess per image at shape (1, 3, 480, 640)

0: 480x640 3 cars, 1 traffic light, 190.3ms
Speed: 2.7ms preprocess, 190.3ms inference, 1.8ms postprocess per image at shape (1, 3, 480, 640)

0: 480x640 1 person, 3 cars, 1 traffic light, 134.2ms
Speed: 2.2ms preprocess, 134.2ms inference, 1.9ms postprocess per image at shape (1, 3, 480, 640)

0: 480x640 1 person, 2 cars, 1 traffic light, 116.9ms
Speed: 2.0ms preprocess, 116.9ms inference, 1.9ms postprocess per image at shape (1, 3, 480, 640)

0: 480x640 3 cars, 1 traffic light, 128.6ms
Speed: 2.6ms preprocess, 128.6ms inference, 1.8ms postprocess per image at shape (1, 3, 480, 640)

0: 480x640 4 cars, 1 traffic light, 249.6ms
Speed: 2.8ms preprocess, 249.6ms inference, 1.9ms postprocess per image at shape (1, 3, 480, 640)

